2016-06-02 16:21:49 [scrapy] INFO: Scrapy 1.0.3 started (bot: weibospider)
2016-06-02 16:21:49 [scrapy] INFO: Optional features available: ssl, http11
2016-06-02 16:21:49 [scrapy] INFO: Overridden settings: {'NEWSPIDER_MODULE': 'weibospider.spiders', 'FEED_URI': 'file:///home/hadoop_user/scrapy-weibospider-mysql/items/weibospider/cauc_friendcircle_userinfo/0b328a50289b11e6b55f000c29c4bf4d.jl', 'SPIDER_MODULES': ['weibospider.spiders'], 'RETRY_HTTP_CODES': [400, 403, 408, 500, 502, 503, 504], 'BOT_NAME': 'weibospider', 'LOG_FILE': 'logs/weibospider/cauc_friendcircle_userinfo/0b328a50289b11e6b55f000c29c4bf4d.log', 'DOWNLOAD_DELAY': 10}
2016-06-02 16:21:49 [scrapy] INFO: Enabled extensions: CloseSpider, FeedExporter, TelnetConsole, LogStats, CoreStats, SpiderState
2016-06-02 16:21:49 [scrapy] INFO: Enabled downloader middlewares: RotateUserAgent, HttpAuthMiddleware, DownloadTimeoutMiddleware, UserAgentMiddleware, RetryMiddleware, DefaultHeadersMiddleware, MetaRefreshMiddleware, HttpCompressionMiddleware, RedirectMiddleware, CookiesMiddleware, ChunkedTransferMiddleware, DownloaderStats
2016-06-02 16:21:49 [scrapy] INFO: Enabled spider middlewares: HttpErrorMiddleware, OffsiteMiddleware, RefererMiddleware, UrlLengthMiddleware, DepthMiddleware
2016-06-02 16:21:49 [scrapy] INFO: Enabled item pipelines: WeibospiderPipeline, UserImagesPipeline
2016-06-02 16:21:49 [scrapy] INFO: Spider opened
2016-06-02 16:21:49 [scrapy] INFO: Crawled 0 pages (at 0 pages/min), scraped 0 items (at 0 items/min)
2016-06-02 16:21:49 [scrapy] DEBUG: Telnet console listening on 127.0.0.1:6023
2016-06-02 16:21:49 [scrapy] DEBUG: Redirecting (302) to <GET https://passport.weibo.com/visitor/visitor?entry=miniblog&a=enter&url=http%3A%2F%2Fweibo.com%2F&domain=.weibo.com&ua=php-sso_sdk_client-0.6.14&_rand=1464855788.8694> from <GET http://weibo.com>
2016-06-02 16:22:02 [scrapy] DEBUG: Crawled (200) <GET https://passport.weibo.com/visitor/visitor?entry=miniblog&a=enter&url=http%3A%2F%2Fweibo.com%2F&domain=.weibo.com&ua=php-sso_sdk_client-0.6.14&_rand=1464855788.8694> (referer: None)
2016-06-02 16:22:02 [datamysql] INFO: mysql_connectinon success!!
2016-06-02 16:22:02 [datamysql] INFO: select_operation success!!
2016-06-02 16:22:02 [weibospider.spiders.cauc_friendcircle_userinfo] INFO: this is the unsearched user_id:2728266823
2016-06-02 16:22:02 [datamysql] INFO: select_operation success!!
2016-06-02 16:22:03 [datamysql] INFO: update_operation success!!
2016-06-02 16:22:03 [datamysql] INFO: mysql_connection close!!
2016-06-02 16:22:14 [scrapy] DEBUG: Redirecting (302) to <GET http://weibo.com/donggebyr?is_ori=1&is_forward=1&is_text=1&is_pic=1&key_word=&start_time=2015-12-25&end_time=2016-06-02&is_search=1&is_searchadv=1&count=15&pagebar=1&_k=&pre_page=1&end_id=&_rnd=&_t=0&max_id=&page=1&uid=2728266823> from <GET http://weibo.com/2728266823?is_ori=1&is_forward=1&is_text=1&is_pic=1&key_word=&start_time=2015-12-25&end_time=2016-06-02&is_search=1&is_searchadv=1&count=15&pagebar=1&_k=&pre_page=1&end_id=&_rnd=&_t=0&max_id=&page=1&uid=2728266823>
2016-06-02 16:22:27 [scrapy] DEBUG: Crawled (200) <GET http://weibo.com/donggebyr?is_ori=1&is_forward=1&is_text=1&is_pic=1&key_word=&start_time=2015-12-25&end_time=2016-06-02&is_search=1&is_searchadv=1&count=15&pagebar=1&_k=&pre_page=1&end_id=&_rnd=&_t=0&max_id=&page=1&uid=2728266823> (referer: https://passport.weibo.com/visitor/visitor?entry=miniblog&a=enter&url=http%3A%2F%2Fweibo.com%2F&domain=.weibo.com&ua=php-sso_sdk_client-0.6.14&_rand=1464855788.8694)
2016-06-02 16:22:27 [analyzer] WARNING: no matched html with condition: script:contains("W_pages")!!
2016-06-02 16:22:27 [weibospider.spiders.cauc_friendcircle_userinfo] INFO: the total_pages is: 1
2016-06-02 16:22:35 [scrapy] DEBUG: Redirecting (302) to <GET http://weibo.com/donggebyr?is_ori=1&is_forward=1&is_text=1&is_pic=1&key_word=&start_time=2015-12-25&end_time=2016-06-02&is_search=1&is_searchadv=1&count=15&pagebar=1&_k=&pre_page=0&end_id=&_rnd=&_t=0&max_id=&page=1&uid=2728266823> from <GET http://weibo.com/2728266823?is_ori=1&is_forward=1&is_text=1&is_pic=1&key_word=&start_time=2015-12-25&end_time=2016-06-02&is_search=1&is_searchadv=1&count=15&pagebar=1&_k=&pre_page=0&end_id=&_rnd=&_t=0&max_id=&page=1&uid=2728266823>
2016-06-02 16:22:47 [scrapy] DEBUG: Redirecting (302) to <GET http://weibo.com/donggebyr?is_ori=1&is_forward=1&is_text=1&is_pic=1&key_word=&start_time=2015-12-25&end_time=2016-06-02&is_search=1&is_searchadv=1&count=15&pagebar=1&_k=&pre_page=1&end_id=&_rnd=&_t=0&max_id=&page=1&uid=2728266823> from <GET http://weibo.com/2728266823?is_ori=1&is_forward=1&is_text=1&is_pic=1&key_word=&start_time=2015-12-25&end_time=2016-06-02&is_search=1&is_searchadv=1&count=15&pagebar=1&_k=&pre_page=1&end_id=&_rnd=&_t=0&max_id=&page=1&uid=2728266823>
2016-06-02 16:22:49 [scrapy] INFO: Crawled 2 pages (at 2 pages/min), scraped 0 items (at 0 items/min)
2016-06-02 16:23:01 [scrapy] DEBUG: Redirecting (302) to <GET http://weibo.com/donggebyr?is_ori=1&is_forward=1&is_text=1&is_pic=1&key_word=&start_time=2015-12-25&end_time=2016-06-02&is_search=1&is_searchadv=1&count=15&pagebar=0&_k=&pre_page=1&end_id=&_rnd=&_t=0&max_id=&page=1&uid=2728266823> from <GET http://weibo.com/2728266823?is_ori=1&is_forward=1&is_text=1&is_pic=1&key_word=&start_time=2015-12-25&end_time=2016-06-02&is_search=1&is_searchadv=1&count=15&pagebar=0&_k=&pre_page=1&end_id=&_rnd=&_t=0&max_id=&page=1&uid=2728266823>
2016-06-02 16:23:15 [scrapy] DEBUG: Crawled (200) <GET http://weibo.com/donggebyr?is_ori=1&is_forward=1&is_text=1&is_pic=1&key_word=&start_time=2015-12-25&end_time=2016-06-02&is_search=1&is_searchadv=1&count=15&pagebar=1&_k=&pre_page=0&end_id=&_rnd=&_t=0&max_id=&page=1&uid=2728266823> (referer: http://weibo.com/donggebyr?is_ori=1&is_forward=1&is_text=1&is_pic=1&key_word=&start_time=2015-12-25&end_time=2016-06-02&is_search=1&is_searchadv=1&count=15&pagebar=1&_k=&pre_page=1&end_id=&_rnd=&_t=0&max_id=&page=1&uid=2728266823)
2016-06-02 16:23:15 [scrapy] WARNING: Dropped: Item contains no images
{'atuser_nickname_list': [[],
                          [],
                          [],
                          [],
                          [],
                          ['\xe6\xbb\xb4\xe6\xbb\xb4\xe5\x87\xba\xe8\xa1\x8c'],
                          [],
                          ['\xe5\x85\x89\xe4\xb8\x8e\xe9\xbb\x91\xe6\xb4\x9e']],
 'comment_nums': [0, 0, 0, '1', 0, 0, 0, 0],
 'content': [u'\u611f\u52a8[\u6cea]',
             '\xe5\xbe\x80\xe4\xba\x8b\xe6\xb7\xa1\xe5\xa6\x82\xe7\x83\x9f\xef\xbc\x8c\xe9\x9a\x8f\xe6\xb3\xa2\xe9\x83\xbd\xe9\xa3\x98\xe6\x95\xa3\xef\xbc\x8c\xe6\xb8\xba\xe6\xb8\xba\xe4\xb8\x8d\xe5\x8f\xaf\xe8\xa7\x81\xef\xbc\x8c\xe6\x80\x85\xe6\x80\x85\xe6\x9d\xa5\xe6\x80\x80\xe5\xbf\xb5\xe6\x88\x91\xe6\xad\xa3\xe5\x9c\xa8\xe4\xbd\xbf\xe7\x94\xa8"\xe5\xbe\x80\xe4\xba\x8b\xe5\xa6\x82\xe7\x83\x9f"\xe5\xb0\x81\xe9\x9d\xa2\xe5\x9b\xbe\xef\xbc\x8c\xe4\xbd\xa0\xe4\xb9\x9f\xe6\x9d\xa5\xe8\xaf\x95\xe8\xaf\x95\xe5\x90\xa7\xe3\x80\x82',
             'Repost',
             u'\u4e24\u4e2aSiri\u98d9\u4e2d\u6587[\u7b11cry][\u7b11cry]',
             'Repost',
             '\xe4\xb8\x80\xe4\xb8\x8d\xe5\xb0\x8f\xe5\xbf\x83\xe5\x8f\x88\xe4\xb8\xad\xe5\xa5\x96\xe4\xba\x86\xef\xbc\x81(\xe2\x89\x96 \xe2\x80\xbf \xe2\x89\x96)\xe2\x9c\xa7\xe6\x88\x91\xe5\x9c\xa8\xe7\x82\xab\xe8\x88\x9e\xe8\x80\x81\xe5\xbc\xa0 \xe7\x9a\x84\xe7\xba\xa2\xe5\x8c\x85\xe4\xb8\xad\xe6\x8a\xbd\xe5\x88\xb0\xe4\xba\x86\xe6\x8f\x90\xe4\xbe\x9b\xe7\x9a\x84\xe2\x80\x9c\xe6\xbb\xb4\xe6\xbb\xb4\xe7\x99\xbe\xe5\x85\x83\xe7\xa4\xbc\xe5\x8c\x85\xe2\x80\x9d\xef\xbc\x8c\xe5\xa5\xbd\xe5\xae\x9e\xe5\x9c\xa8\xe7\x9a\x84\xe7\xa4\xbc\xe7\x89\xa9\xef\xbc\x8c\xe8\xae\xa9\xe5\xae\x9d\xe5\xae\x9d\xe5\xbf\x83\xe6\x83\x85\xe7\xbe\x8e\xe4\xb8\xbd\xe4\xb8\x80\xe6\x95\xb4\xe5\xa4\xa9\xef\xbd\x9e',
             u'\u8c01\u662f\u6740\u4eba\u51f6\u624b[\u7b11cry]',
             ''],
 'like_nums': ['1', 0, '2', '1', 0, 0, '1', 0],
 'repost_nums': [0, 0, 0, '1', '1', 0, 0, 0],
 'repost_user': [u'\u5996\u5996\u5c0f\u7cbe',
                 '',
                 u'\u4e50\u89c6\u7bee\u7403',
                 u'\u65b0\u6d6a\u79d1\u6280',
                 u'\u5386\u53f2\u89e3\u5bc6\u7f51\u7ad9',
                 '',
                 u'\u4e4c\u9f9f\u5403\u9cd6MgH',
                 u'\u5fae\u8f6f\u4e2d\u56fdMSDN'],
 'time': ['2016-05-17 11:01',
          '2016-05-03 16:16',
          '2016-02-21 22:57',
          '2016-02-08 17:46',
          '2016-02-06 18:23',
          '2016-02-01 21:27',
          '2016-01-21 19:17',
          '2016-01-21 11:03'],
 'timestamp': ['1463454099000',
               '1462263370000',
               '1456066660000',
               '1454924782000',
               '1454754237000',
               '1454333249000',
               '1453375055000',
               '1453345418000'],
 'uid': '2728266823'}
2016-06-02 16:23:22 [scrapy] DEBUG: Crawled (200) <GET http://weibo.com/donggebyr?is_ori=1&is_forward=1&is_text=1&is_pic=1&key_word=&start_time=2015-12-25&end_time=2016-06-02&is_search=1&is_searchadv=1&count=15&pagebar=1&_k=&pre_page=1&end_id=&_rnd=&_t=0&max_id=&page=1&uid=2728266823> (referer: http://weibo.com/donggebyr?is_ori=1&is_forward=1&is_text=1&is_pic=1&key_word=&start_time=2015-12-25&end_time=2016-06-02&is_search=1&is_searchadv=1&count=15&pagebar=1&_k=&pre_page=1&end_id=&_rnd=&_t=0&max_id=&page=1&uid=2728266823)
2016-06-02 16:23:22 [analyzers.weibocontent_analyzer] WARNING: no matched weibo_relative_args!!
2016-06-02 16:23:22 [scrapy] WARNING: Dropped: Item contains no images
{'atuser_nickname_list': [],
 'comment_nums': [],
 'content': [],
 'like_nums': [],
 'repost_nums': [],
 'repost_user': [],
 'time': [],
 'timestamp': [],
 'uid': '2728266823'}
2016-06-02 16:23:37 [scrapy] DEBUG: Crawled (200) <GET http://weibo.com/donggebyr?is_ori=1&is_forward=1&is_text=1&is_pic=1&key_word=&start_time=2015-12-25&end_time=2016-06-02&is_search=1&is_searchadv=1&count=15&pagebar=0&_k=&pre_page=1&end_id=&_rnd=&_t=0&max_id=&page=1&uid=2728266823> (referer: http://weibo.com/donggebyr?is_ori=1&is_forward=1&is_text=1&is_pic=1&key_word=&start_time=2015-12-25&end_time=2016-06-02&is_search=1&is_searchadv=1&count=15&pagebar=1&_k=&pre_page=1&end_id=&_rnd=&_t=0&max_id=&page=1&uid=2728266823)
2016-06-02 16:23:37 [analyzers.weibocontent_analyzer] WARNING: no matched weibo_relative_args!!
2016-06-02 16:23:37 [scrapy] WARNING: Dropped: Item contains no images
{'atuser_nickname_list': [],
 'comment_nums': [],
 'content': [],
 'like_nums': [],
 'repost_nums': [],
 'repost_user': [],
 'time': [],
 'timestamp': [],
 'uid': '2728266823'}
2016-06-02 16:23:49 [scrapy] INFO: Crawled 5 pages (at 3 pages/min), scraped 0 items (at 0 items/min)
2016-06-02 16:23:51 [scrapy] DEBUG: Crawled (200) <GET http://weibo.com/p/1005052728266823/info?mod=pedit> (referer: http://weibo.com/donggebyr?is_ori=1&is_forward=1&is_text=1&is_pic=1&key_word=&start_time=2015-12-25&end_time=2016-06-02&is_search=1&is_searchadv=1&count=15&pagebar=1&_k=&pre_page=0&end_id=&_rnd=&_t=0&max_id=&page=1&uid=2728266823)
2016-06-02 16:23:51 [analyzer] WARNING: no matched html with condition: script:contains("PCD_text_b")!!
2016-06-02 16:23:51 [analyzer] WARNING: no matched html with condition: script:contains("PCD_counter")!!
2016-06-02 16:23:51 [py.warnings] WARNING: weibospider/pipelines.py:103: Warning: Incorrect integer value: '' for column 'follow_num' at row 1
  conn.execute('''insert ignore into cauc_microblog_user(user_id,user_alias,location,sex,blog,domain,brief,birthday,register_time,head_image,small_head_image,follow_num,follower_num,status) values(%s,%s,%s,%s,%s,%s,%s,%s,%s,%s,%s,%s,%s,%s)''',(str(item['uid']),item['userinfo']['昵称：'.decode('utf-8')],item['userinfo']['所在地：'.decode('utf-8')],item['userinfo']['性别：'.decode('utf-8')],item['userinfo']['博客：'.decode('utf-8')],item['userinfo']['个性域名：'.decode('utf-8')],item['userinfo']['简介：'.decode('utf-8')],item['userinfo']['生日：'.decode('utf-8')],item['userinfo']['注册时间：'.decode('utf-8')],imageurl,thumbnail_url,item['userinfo']['follow_num'],item['userinfo']['follower_num'],str(status)))

2016-06-02 16:23:51 [py.warnings] WARNING: weibospider/pipelines.py:103: Warning: Incorrect integer value: '' for column 'follower_num' at row 1
  conn.execute('''insert ignore into cauc_microblog_user(user_id,user_alias,location,sex,blog,domain,brief,birthday,register_time,head_image,small_head_image,follow_num,follower_num,status) values(%s,%s,%s,%s,%s,%s,%s,%s,%s,%s,%s,%s,%s,%s)''',(str(item['uid']),item['userinfo']['昵称：'.decode('utf-8')],item['userinfo']['所在地：'.decode('utf-8')],item['userinfo']['性别：'.decode('utf-8')],item['userinfo']['博客：'.decode('utf-8')],item['userinfo']['个性域名：'.decode('utf-8')],item['userinfo']['简介：'.decode('utf-8')],item['userinfo']['生日：'.decode('utf-8')],item['userinfo']['注册时间：'.decode('utf-8')],imageurl,thumbnail_url,item['userinfo']['follow_num'],item['userinfo']['follower_num'],str(status)))

2016-06-02 16:23:51 [scrapy] WARNING: Dropped: Item contains no images
{'atuser_userinfo': {'follow_num': '',
                     'follower_num': '',
                     u'\u4e2a\u6027\u57df\u540d\uff1a': '',
                     u'\u535a\u5ba2\uff1a': '',
                     u'\u6027\u522b\uff1a': '',
                     u'\u6240\u5728\u5730\uff1a': '',
                     u'\u6635\u79f0\uff1a': '',
                     u'\u6ce8\u518c\u65f6\u95f4\uff1a': '',
                     u'\u751f\u65e5\uff1a': '',
                     u'\u7b80\u4ecb\uff1a': ''},
 'image_urls': None,
 'repostuser_userinfo': {'follow_num': '',
                         'follower_num': '',
                         u'\u4e2a\u6027\u57df\u540d\uff1a': '',
                         u'\u535a\u5ba2\uff1a': '',
                         u'\u6027\u522b\uff1a': '',
                         u'\u6240\u5728\u5730\uff1a': '',
                         u'\u6635\u79f0\uff1a': '',
                         u'\u6ce8\u518c\u65f6\u95f4\uff1a': '',
                         u'\u751f\u65e5\uff1a': '',
                         u'\u7b80\u4ecb\uff1a': ''},
 'uid': '2728266823',
 'userinfo': {'follow_num': '',
              'follower_num': '',
              u'\u4e2a\u6027\u57df\u540d\uff1a': '',
              u'\u535a\u5ba2\uff1a': '',
              u'\u6027\u522b\uff1a': '',
              u'\u6240\u5728\u5730\uff1a': '',
              u'\u6635\u79f0\uff1a': '',
              u'\u6ce8\u518c\u65f6\u95f4\uff1a': '',
              u'\u751f\u65e5\uff1a': '',
              u'\u7b80\u4ecb\uff1a': ''}}
2016-06-02 16:24:03 [scrapy] DEBUG: Crawled (200) <GET http://weibo.com/aj/v6/user/newcard?ajwvr=6&name=%E5%BE%AE%E8%BD%AF%E4%B8%AD%E5%9B%BDMSDN&type=1> (referer: http://weibo.com/donggebyr?is_ori=1&is_forward=1&is_text=1&is_pic=1&key_word=&start_time=2015-12-25&end_time=2016-06-02&is_search=1&is_searchadv=1&count=15&pagebar=1&_k=&pre_page=0&end_id=&_rnd=&_t=0&max_id=&page=1&uid=2728266823)
2016-06-02 16:24:03 [weibospider.spiders.cauc_friendcircle_userinfo] WARNING: no right uid found for alias!
2016-06-02 16:24:15 [scrapy] DEBUG: Crawled (200) <GET http://weibo.com/aj/v6/user/newcard?ajwvr=6&name=%E4%B9%8C%E9%BE%9F%E5%90%83%E9%B3%96MgH&type=1> (referer: http://weibo.com/donggebyr?is_ori=1&is_forward=1&is_text=1&is_pic=1&key_word=&start_time=2015-12-25&end_time=2016-06-02&is_search=1&is_searchadv=1&count=15&pagebar=1&_k=&pre_page=0&end_id=&_rnd=&_t=0&max_id=&page=1&uid=2728266823)
2016-06-02 16:24:25 [scrapy] DEBUG: Crawled (200) <GET http://weibo.com/aj/v6/user/newcard?ajwvr=6&name=%E5%8E%86%E5%8F%B2%E8%A7%A3%E5%AF%86%E7%BD%91%E7%AB%99&type=1> (referer: http://weibo.com/donggebyr?is_ori=1&is_forward=1&is_text=1&is_pic=1&key_word=&start_time=2015-12-25&end_time=2016-06-02&is_search=1&is_searchadv=1&count=15&pagebar=1&_k=&pre_page=0&end_id=&_rnd=&_t=0&max_id=&page=1&uid=2728266823)
2016-06-02 16:24:34 [scrapy] DEBUG: Crawled (200) <GET http://weibo.com/aj/v6/user/newcard?ajwvr=6&name=%E6%96%B0%E6%B5%AA%E7%A7%91%E6%8A%80&type=1> (referer: http://weibo.com/donggebyr?is_ori=1&is_forward=1&is_text=1&is_pic=1&key_word=&start_time=2015-12-25&end_time=2016-06-02&is_search=1&is_searchadv=1&count=15&pagebar=1&_k=&pre_page=0&end_id=&_rnd=&_t=0&max_id=&page=1&uid=2728266823)
2016-06-02 16:24:34 [weibospider.spiders.cauc_friendcircle_userinfo] WARNING: no right uid found for alias!
2016-06-02 16:24:45 [scrapy] DEBUG: Crawled (200) <GET http://weibo.com/aj/v6/user/newcard?ajwvr=6&name=%E4%B9%90%E8%A7%86%E7%AF%AE%E7%90%83&type=1> (referer: http://weibo.com/donggebyr?is_ori=1&is_forward=1&is_text=1&is_pic=1&key_word=&start_time=2015-12-25&end_time=2016-06-02&is_search=1&is_searchadv=1&count=15&pagebar=1&_k=&pre_page=0&end_id=&_rnd=&_t=0&max_id=&page=1&uid=2728266823)
2016-06-02 16:24:46 [weibospider.spiders.cauc_friendcircle_userinfo] WARNING: no right uid found for alias!
2016-06-02 16:24:49 [scrapy] INFO: Crawled 11 pages (at 6 pages/min), scraped 0 items (at 0 items/min)
2016-06-02 16:24:54 [scrapy] DEBUG: Crawled (200) <GET http://weibo.com/aj/v6/user/newcard?ajwvr=6&name=%E5%A6%96%E5%A6%96%E5%B0%8F%E7%B2%BE&type=1> (referer: http://weibo.com/donggebyr?is_ori=1&is_forward=1&is_text=1&is_pic=1&key_word=&start_time=2015-12-25&end_time=2016-06-02&is_search=1&is_searchadv=1&count=15&pagebar=1&_k=&pre_page=0&end_id=&_rnd=&_t=0&max_id=&page=1&uid=2728266823)
2016-06-02 16:25:08 [scrapy] DEBUG: Crawled (200) <GET http://weibo.com/aj/v6/user/newcard?ajwvr=6&name=%E5%85%89%E4%B8%8E%E9%BB%91%E6%B4%9E&type=1> (referer: http://weibo.com/donggebyr?is_ori=1&is_forward=1&is_text=1&is_pic=1&key_word=&start_time=2015-12-25&end_time=2016-06-02&is_search=1&is_searchadv=1&count=15&pagebar=1&_k=&pre_page=0&end_id=&_rnd=&_t=0&max_id=&page=1&uid=2728266823)
2016-06-02 16:25:21 [scrapy] DEBUG: Crawled (200) <GET http://weibo.com/aj/v6/user/newcard?ajwvr=6&name=%E6%BB%B4%E6%BB%B4%E5%87%BA%E8%A1%8C&type=1> (referer: http://weibo.com/donggebyr?is_ori=1&is_forward=1&is_text=1&is_pic=1&key_word=&start_time=2015-12-25&end_time=2016-06-02&is_search=1&is_searchadv=1&count=15&pagebar=1&_k=&pre_page=0&end_id=&_rnd=&_t=0&max_id=&page=1&uid=2728266823)
2016-06-02 16:25:21 [weibospider.spiders.cauc_friendcircle_userinfo] WARNING: no right uid found for alias!
2016-06-02 16:25:33 [scrapy] DEBUG: Crawled (200) <GET http://weibo.com/p/1005052624467531/info?mod=pedit_more> (referer: http://weibo.com/aj/v6/user/newcard?ajwvr=6&name=%E4%B9%8C%E9%BE%9F%E5%90%83%E9%B3%96MgH&type=1)
2016-06-02 16:25:34 [scrapy] DEBUG: File (uptodate): Downloaded image from <GET http://tva3.sinaimg.cn/crop.0.0.1020.1020.180/9c6e324bjw8ezgy9yu0pxj20u00u076y.jpg?uid=2624467531> referred in <None>
2016-06-02 16:25:34 [scrapy] DEBUG: Scraped from <200 http://weibo.com/p/1005052624467531/info?mod=pedit_more>
{'image_urls': 'http://tva3.sinaimg.cn/crop.0.0.1020.1020.180/9c6e324bjw8ezgy9yu0pxj20u00u076y.jpg?uid=2624467531',
 'repostuser_userinfo': {'follow_num': '2319',
                         'follower_num': '8428',
                         u'\u4e2a\u6027\u57df\u540d\uff1a': 'http://weibo.com/234516213 http://weibo.com/scrno',
                         u'\u535a\u5ba2\uff1a': '',
                         u'\u6027\u522b\uff1a': u'\u7537',
                         u'\u6027\u53d6\u5411\uff1a': u'\u5f02\u6027\u604b',
                         u'\u611f\u60c5\u72b6\u51b5\uff1a': u'\u5355\u8eab',
                         u'\u6240\u5728\u5730\uff1a': u'\u6d59\u6c5f \u4e3d\u6c34',
                         u'\u6635\u79f0\uff1a': u'\u4e4c\u9f9f\u5403\u9cd6MgH',
                         u'\u6ce8\u518c\u65f6\u95f4\uff1a': '2012-02-20',
                         u'\u751f\u65e5\uff1a': u'1994\u5e749\u670826\u65e5',
                         u'\u771f\u5b9e\u59d3\u540d\uff1a': u'\u738b\u4e91',
                         u'\u7b80\u4ecb\uff1a': u'\u2016* \u8be6\u60c5\u770b\u7f6e\u9876 *\u2016\u6613\u5237\u5c4f\u2016\u7acb\u6d3e\u73cf\u53a8\u2016-\u2016\u5f88\u6c61\u2016\u7231\u5f04\u5927\u65b0\u95fb\u2016Perfume\u2016\u8111\u6d1e\u5927\u2016\u4f1aPS\u2016D-U',
                         u'\u8840\u578b\uff1a': 'O'},
 'uid': 2624467531,
 'userinfo': {'follow_num': '2319',
              'follower_num': '8428',
              u'\u4e2a\u6027\u57df\u540d\uff1a': 'http://weibo.com/234516213 http://weibo.com/scrno',
              u'\u535a\u5ba2\uff1a': '',
              u'\u6027\u522b\uff1a': u'\u7537',
              u'\u6027\u53d6\u5411\uff1a': u'\u5f02\u6027\u604b',
              u'\u611f\u60c5\u72b6\u51b5\uff1a': u'\u5355\u8eab',
              u'\u6240\u5728\u5730\uff1a': u'\u6d59\u6c5f \u4e3d\u6c34',
              u'\u6635\u79f0\uff1a': u'\u4e4c\u9f9f\u5403\u9cd6MgH',
              u'\u6ce8\u518c\u65f6\u95f4\uff1a': '2012-02-20',
              u'\u751f\u65e5\uff1a': u'1994\u5e749\u670826\u65e5',
              u'\u771f\u5b9e\u59d3\u540d\uff1a': u'\u738b\u4e91',
              u'\u7b80\u4ecb\uff1a': u'\u2016* \u8be6\u60c5\u770b\u7f6e\u9876 *\u2016\u6613\u5237\u5c4f\u2016\u7acb\u6d3e\u73cf\u53a8\u2016-\u2016\u5f88\u6c61\u2016\u7231\u5f04\u5927\u65b0\u95fb\u2016Perfume\u2016\u8111\u6d1e\u5927\u2016\u4f1aPS\u2016D-U',
              u'\u8840\u578b\uff1a': 'O'}}
2016-06-02 16:25:47 [scrapy] DEBUG: Crawled (200) <GET http://weibo.com/p/1005051927686345/info?mod=pedit_more> (referer: http://weibo.com/aj/v6/user/newcard?ajwvr=6&name=%E5%8E%86%E5%8F%B2%E8%A7%A3%E5%AF%86%E7%BD%91%E7%AB%99&type=1)
2016-06-02 16:25:47 [scrapy] DEBUG: File (uptodate): Downloaded image from <GET http://tva1.sinaimg.cn/crop.0.0.180.180.180/72e628c9jw1e8qgp5bmzyj2050050aa8.jpg?uid=1927686345> referred in <None>
2016-06-02 16:25:47 [scrapy] DEBUG: Scraped from <200 http://weibo.com/p/1005051927686345/info?mod=pedit_more>
{'image_urls': 'http://tva1.sinaimg.cn/crop.0.0.180.180.180/72e628c9jw1e8qgp5bmzyj2050050aa8.jpg?uid=1927686345',
 'repostuser_userinfo': {'follow_num': '875',
                         'follower_num': '300762',
                         u'\u4e2a\u6027\u57df\u540d\uff1a': 'http://weibo.com/210108712',
                         u'\u535a\u5ba2\uff1a': '',
                         u'\u6027\u522b\uff1a': u'\u7537',
                         u'\u6240\u5728\u5730\uff1a': u'\u8fbd\u5b81 \u978d\u5c71',
                         u'\u6635\u79f0\uff1a': u'\u5386\u53f2\u89e3\u5bc6\u7f51\u7ad9',
                         u'\u6ce8\u518c\u65f6\u95f4\uff1a': '2011-01-19',
                         u'\u751f\u65e5\uff1a': '',
                         u'\u7b80\u4ecb\uff1a': u'\u5206\u4eab\u7cbe\u5f69\u6709\u8da3\u7684\u6587\u53f2\u77e5\u8bc6\uff0c\u589e\u957f\u77e5\u8bc6\uff0c\u5f00\u9614\u89c6\u91ce\uff0c\u589e\u52a0\u60a8\u8336\u4f59\u996d\u540e\u7684\u8c08\u8d44\uff01'},
 'uid': 1927686345,
 'userinfo': {'follow_num': '875',
              'follower_num': '300762',
              u'\u4e2a\u6027\u57df\u540d\uff1a': 'http://weibo.com/210108712',
              u'\u535a\u5ba2\uff1a': '',
              u'\u6027\u522b\uff1a': u'\u7537',
              u'\u6240\u5728\u5730\uff1a': u'\u8fbd\u5b81 \u978d\u5c71',
              u'\u6635\u79f0\uff1a': u'\u5386\u53f2\u89e3\u5bc6\u7f51\u7ad9',
              u'\u6ce8\u518c\u65f6\u95f4\uff1a': '2011-01-19',
              u'\u751f\u65e5\uff1a': '',
              u'\u7b80\u4ecb\uff1a': u'\u5206\u4eab\u7cbe\u5f69\u6709\u8da3\u7684\u6587\u53f2\u77e5\u8bc6\uff0c\u589e\u957f\u77e5\u8bc6\uff0c\u5f00\u9614\u89c6\u91ce\uff0c\u589e\u52a0\u60a8\u8336\u4f59\u996d\u540e\u7684\u8c08\u8d44\uff01'}}
2016-06-02 16:25:49 [scrapy] INFO: Crawled 16 pages (at 5 pages/min), scraped 2 items (at 2 items/min)
2016-06-02 16:25:57 [scrapy] DEBUG: Crawled (200) <GET http://weibo.com/p/1005052185608961/info?mod=pedit_more> (referer: http://weibo.com/aj/v6/user/newcard?ajwvr=6&name=%E5%A6%96%E5%A6%96%E5%B0%8F%E7%B2%BE&type=1)
2016-06-02 16:25:57 [scrapy] DEBUG: File (uptodate): Downloaded image from <GET http://tva3.sinaimg.cn/crop.0.0.440.440.180/8245bf01jw8enqt4mhpvmj20c80c83z9.jpg?uid=2185608961> referred in <None>
2016-06-02 16:25:58 [scrapy] DEBUG: Scraped from <200 http://weibo.com/p/1005052185608961/info?mod=pedit_more>
{'image_urls': 'http://tva3.sinaimg.cn/crop.0.0.440.440.180/8245bf01jw8enqt4mhpvmj20c80c83z9.jpg?uid=2185608961',
 'repostuser_userinfo': {'follow_num': '566',
                         'follower_num': '4362568',
                         u'\u4e2a\u6027\u57df\u540d\uff1a': 'http://weibo.com/yaoyaoxiaojing',
                         u'\u535a\u5ba2\uff1a': '',
                         u'\u6027\u522b\uff1a': u'\u5973',
                         u'\u6027\u53d6\u5411\uff1a': u'\u53cc\u6027\u604b',
                         u'\u6240\u5728\u5730\uff1a': u'\u8fbd\u5b81 \u6c88\u9633',
                         u'\u6635\u79f0\uff1a': u'\u5996\u5996\u5c0f\u7cbe',
                         u'\u6ce8\u518c\u65f6\u95f4\uff1a': '2011-06-18',
                         u'\u751f\u65e5\uff1a': u'11\u670821\u65e5',
                         u'\u7b80\u4ecb\uff1a': u'\u25c6\u957f\u671f\u641e\u7b11\u25c6\u975e\u5e38\u6709\u8da3\u25c6\u4e1a\u4f59\u65f6\u95f4\u8bd1\u5236\u6f2b\u753b\uff0c\u66f4\u65b0\u65f6\u591a\u65f6\u5c11\uff08\u90e8\u5206\u5185\u5bb9\u56e0\u67e5\u627e\u65e0\u529b\u672a\u80fd\u6807\u660e\u4f5c\u8005\uff0c\u975e\u5e38\u62b1\u6b49\uff0c\u671b\u89c1\u8c05\uff01\u6b22\u8fce\u968f\u65f6\u6307\u6b63\uff01\uff09'},
 'uid': 2185608961,
 'userinfo': {'follow_num': '566',
              'follower_num': '4362568',
              u'\u4e2a\u6027\u57df\u540d\uff1a': 'http://weibo.com/yaoyaoxiaojing',
              u'\u535a\u5ba2\uff1a': '',
              u'\u6027\u522b\uff1a': u'\u5973',
              u'\u6027\u53d6\u5411\uff1a': u'\u53cc\u6027\u604b',
              u'\u6240\u5728\u5730\uff1a': u'\u8fbd\u5b81 \u6c88\u9633',
              u'\u6635\u79f0\uff1a': u'\u5996\u5996\u5c0f\u7cbe',
              u'\u6ce8\u518c\u65f6\u95f4\uff1a': '2011-06-18',
              u'\u751f\u65e5\uff1a': u'11\u670821\u65e5',
              u'\u7b80\u4ecb\uff1a': u'\u25c6\u957f\u671f\u641e\u7b11\u25c6\u975e\u5e38\u6709\u8da3\u25c6\u4e1a\u4f59\u65f6\u95f4\u8bd1\u5236\u6f2b\u753b\uff0c\u66f4\u65b0\u65f6\u591a\u65f6\u5c11\uff08\u90e8\u5206\u5185\u5bb9\u56e0\u67e5\u627e\u65e0\u529b\u672a\u80fd\u6807\u660e\u4f5c\u8005\uff0c\u975e\u5e38\u62b1\u6b49\uff0c\u671b\u89c1\u8c05\uff01\u6b22\u8fce\u968f\u65f6\u6307\u6b63\uff01\uff09'}}
2016-06-02 16:26:13 [scrapy] DEBUG: Crawled (200) <GET http://weibo.com/p/1005055643685253/info?mod=pedit_more> (referer: http://weibo.com/aj/v6/user/newcard?ajwvr=6&name=%E5%85%89%E4%B8%8E%E9%BB%91%E6%B4%9E&type=1)
2016-06-02 16:26:13 [scrapy] DEBUG: File (uptodate): Downloaded image from <GET http://tva1.sinaimg.cn/crop.38.0.295.295.180/0069Wklvjw8etr8rik24bj30b408caa3.jpg?uid=5643685253> referred in <None>
2016-06-02 16:26:13 [scrapy] DEBUG: Scraped from <200 http://weibo.com/p/1005055643685253/info?mod=pedit_more>
{'atuser_userinfo': {'follow_num': '83',
                     'follower_num': '17',
                     u'\u4e2a\u6027\u57df\u540d\uff1a': '',
                     u'\u535a\u5ba2\uff1a': '',
                     u'\u6027\u522b\uff1a': u'\u7537',
                     u'\u6240\u5728\u5730\uff1a': u'\u5317\u4eac \u4e1c\u57ce\u533a',
                     u'\u6635\u79f0\uff1a': u'\u5149\u4e0e\u9ed1\u6d1e',
                     u'\u6ce8\u518c\u65f6\u95f4\uff1a': '2015-06-30',
                     u'\u751f\u65e5\uff1a': u'1993\u5e749\u67085\u65e5',
                     u'\u7b80\u4ecb\uff1a': u'\u7537\u513f\u884c\u5904\u662f\uff0c\u672a\u8981\u8bba\u7a77\u901a\u3002'},
 'image_urls': 'http://tva1.sinaimg.cn/crop.38.0.295.295.180/0069Wklvjw8etr8rik24bj30b408caa3.jpg?uid=5643685253',
 'uid': 5643685253,
 'userinfo': {'follow_num': '83',
              'follower_num': '17',
              u'\u4e2a\u6027\u57df\u540d\uff1a': '',
              u'\u535a\u5ba2\uff1a': '',
              u'\u6027\u522b\uff1a': u'\u7537',
              u'\u6240\u5728\u5730\uff1a': u'\u5317\u4eac \u4e1c\u57ce\u533a',
              u'\u6635\u79f0\uff1a': u'\u5149\u4e0e\u9ed1\u6d1e',
              u'\u6ce8\u518c\u65f6\u95f4\uff1a': '2015-06-30',
              u'\u751f\u65e5\uff1a': u'1993\u5e749\u67085\u65e5',
              u'\u7b80\u4ecb\uff1a': u'\u7537\u513f\u884c\u5904\u662f\uff0c\u672a\u8981\u8bba\u7a77\u901a\u3002'}}
2016-06-02 16:26:13 [scrapy] INFO: Closing spider (finished)
2016-06-02 16:26:13 [scrapy] INFO: Stored jsonlines feed (4 items) in: file:///home/hadoop_user/scrapy-weibospider-mysql/items/weibospider/cauc_friendcircle_userinfo/0b328a50289b11e6b55f000c29c4bf4d.jl
2016-06-02 16:26:13 [scrapy] INFO: Dumping Scrapy stats:
{'downloader/request_bytes': 48450,
 'downloader/request_count': 23,
 'downloader/request_method_count/GET': 23,
 'downloader/response_bytes': 184826,
 'downloader/response_count': 23,
 'downloader/response_status_count/200': 18,
 'downloader/response_status_count/302': 5,
 'file_count': 4,
 'file_status_count/uptodate': 4,
 'finish_reason': 'finished',
 'finish_time': datetime.datetime(2016, 6, 2, 8, 26, 13, 242306),
 'item_dropped_count': 4,
 'item_dropped_reasons_count/DropItem': 4,
 'item_scraped_count': 4,
 'log_count/DEBUG': 32,
 'log_count/INFO': 19,
 'log_count/WARNING': 15,
 'request_depth_max': 4,
 'response_received_count': 18,
 'scheduler/dequeued': 23,
 'scheduler/dequeued/memory': 23,
 'scheduler/enqueued': 23,
 'scheduler/enqueued/memory': 23,
 'start_time': datetime.datetime(2016, 6, 2, 8, 21, 49, 461974)}
2016-06-02 16:26:13 [scrapy] INFO: Spider closed (finished)
