2016-06-02 16:17:24 [scrapy] INFO: Scrapy 1.0.3 started (bot: weibospider)
2016-06-02 16:17:24 [scrapy] INFO: Optional features available: ssl, http11
2016-06-02 16:17:24 [scrapy] INFO: Overridden settings: {'NEWSPIDER_MODULE': 'weibospider.spiders', 'FEED_URI': 'file:///home/hadoop_user/scrapy-weibospider-mysql/items/weibospider/cauc_friendcircle_userinfo/6ced082a289a11e6b55f000c29c4bf4d.jl', 'SPIDER_MODULES': ['weibospider.spiders'], 'RETRY_HTTP_CODES': [400, 403, 408, 500, 502, 503, 504], 'BOT_NAME': 'weibospider', 'LOG_FILE': 'logs/weibospider/cauc_friendcircle_userinfo/6ced082a289a11e6b55f000c29c4bf4d.log', 'DOWNLOAD_DELAY': 10}
2016-06-02 16:17:24 [scrapy] INFO: Enabled extensions: CloseSpider, FeedExporter, TelnetConsole, LogStats, CoreStats, SpiderState
2016-06-02 16:17:24 [scrapy] INFO: Enabled downloader middlewares: RotateUserAgent, HttpAuthMiddleware, DownloadTimeoutMiddleware, UserAgentMiddleware, RetryMiddleware, DefaultHeadersMiddleware, MetaRefreshMiddleware, HttpCompressionMiddleware, RedirectMiddleware, CookiesMiddleware, ChunkedTransferMiddleware, DownloaderStats
2016-06-02 16:17:24 [scrapy] INFO: Enabled spider middlewares: HttpErrorMiddleware, OffsiteMiddleware, RefererMiddleware, UrlLengthMiddleware, DepthMiddleware
2016-06-02 16:17:24 [scrapy] INFO: Enabled item pipelines: WeibospiderPipeline, UserImagesPipeline
2016-06-02 16:17:24 [scrapy] INFO: Spider opened
2016-06-02 16:17:24 [scrapy] INFO: Crawled 0 pages (at 0 pages/min), scraped 0 items (at 0 items/min)
2016-06-02 16:17:24 [scrapy] DEBUG: Telnet console listening on 127.0.0.1:6023
2016-06-02 16:17:24 [scrapy] DEBUG: Redirecting (302) to <GET https://passport.weibo.com/visitor/visitor?entry=miniblog&a=enter&url=http%3A%2F%2Fweibo.com%2F&domain=.weibo.com&ua=php-sso_sdk_client-0.6.14&_rand=1464855524.3201> from <GET http://weibo.com>
2016-06-02 16:17:34 [scrapy] DEBUG: Crawled (200) <GET https://passport.weibo.com/visitor/visitor?entry=miniblog&a=enter&url=http%3A%2F%2Fweibo.com%2F&domain=.weibo.com&ua=php-sso_sdk_client-0.6.14&_rand=1464855524.3201> (referer: None)
2016-06-02 16:17:35 [datamysql] INFO: mysql_connectinon success!!
2016-06-02 16:17:35 [datamysql] INFO: select_operation success!!
2016-06-02 16:17:35 [datamysql] INFO: select_operation success!!
2016-06-02 16:17:35 [weibospider.spiders.cauc_friendcircle_userinfo] INFO: this is the searched user_id:2728266823
2016-06-02 16:17:35 [datamysql] INFO: update_operation success!!
2016-06-02 16:17:35 [datamysql] INFO: mysql_connection close!!
2016-06-02 16:17:48 [scrapy] DEBUG: Redirecting (302) to <GET http://weibo.com/donggebyr?is_ori=1&is_forward=1&is_text=1&is_pic=1&key_word=&start_time=2016-06-01&end_time=2016-06-02&is_search=1&is_searchadv=1&count=15&pagebar=1&_k=&pre_page=1&end_id=&_rnd=&_t=0&max_id=&page=1&uid=2728266823> from <GET http://weibo.com/2728266823?is_ori=1&is_forward=1&is_text=1&is_pic=1&key_word=&start_time=2016-06-01&end_time=2016-06-02&is_search=1&is_searchadv=1&count=15&pagebar=1&_k=&pre_page=1&end_id=&_rnd=&_t=0&max_id=&page=1&uid=2728266823>
2016-06-02 16:18:00 [scrapy] DEBUG: Crawled (200) <GET http://weibo.com/donggebyr?is_ori=1&is_forward=1&is_text=1&is_pic=1&key_word=&start_time=2016-06-01&end_time=2016-06-02&is_search=1&is_searchadv=1&count=15&pagebar=1&_k=&pre_page=1&end_id=&_rnd=&_t=0&max_id=&page=1&uid=2728266823> (referer: https://passport.weibo.com/visitor/visitor?entry=miniblog&a=enter&url=http%3A%2F%2Fweibo.com%2F&domain=.weibo.com&ua=php-sso_sdk_client-0.6.14&_rand=1464855524.3201)
2016-06-02 16:18:01 [analyzer] WARNING: no matched html with condition: script:contains("W_pages")!!
2016-06-02 16:18:01 [weibospider.spiders.cauc_friendcircle_userinfo] INFO: the total_pages is: 1
2016-06-02 16:18:13 [scrapy] DEBUG: Redirecting (302) to <GET http://weibo.com/donggebyr?is_ori=1&is_forward=1&is_text=1&is_pic=1&key_word=&start_time=2016-06-01&end_time=2016-06-02&is_search=1&is_searchadv=1&count=15&pagebar=1&_k=&pre_page=0&end_id=&_rnd=&_t=0&max_id=&page=1&uid=2728266823> from <GET http://weibo.com/2728266823?is_ori=1&is_forward=1&is_text=1&is_pic=1&key_word=&start_time=2016-06-01&end_time=2016-06-02&is_search=1&is_searchadv=1&count=15&pagebar=1&_k=&pre_page=0&end_id=&_rnd=&_t=0&max_id=&page=1&uid=2728266823>
2016-06-02 16:18:24 [scrapy] INFO: Crawled 2 pages (at 2 pages/min), scraped 0 items (at 0 items/min)
2016-06-02 16:18:25 [scrapy] DEBUG: Redirecting (302) to <GET http://weibo.com/donggebyr?is_ori=1&is_forward=1&is_text=1&is_pic=1&key_word=&start_time=2016-06-01&end_time=2016-06-02&is_search=1&is_searchadv=1&count=15&pagebar=1&_k=&pre_page=1&end_id=&_rnd=&_t=0&max_id=&page=1&uid=2728266823> from <GET http://weibo.com/2728266823?is_ori=1&is_forward=1&is_text=1&is_pic=1&key_word=&start_time=2016-06-01&end_time=2016-06-02&is_search=1&is_searchadv=1&count=15&pagebar=1&_k=&pre_page=1&end_id=&_rnd=&_t=0&max_id=&page=1&uid=2728266823>
2016-06-02 16:18:39 [scrapy] DEBUG: Redirecting (302) to <GET http://weibo.com/donggebyr?is_ori=1&is_forward=1&is_text=1&is_pic=1&key_word=&start_time=2016-06-01&end_time=2016-06-02&is_search=1&is_searchadv=1&count=15&pagebar=0&_k=&pre_page=1&end_id=&_rnd=&_t=0&max_id=&page=1&uid=2728266823> from <GET http://weibo.com/2728266823?is_ori=1&is_forward=1&is_text=1&is_pic=1&key_word=&start_time=2016-06-01&end_time=2016-06-02&is_search=1&is_searchadv=1&count=15&pagebar=0&_k=&pre_page=1&end_id=&_rnd=&_t=0&max_id=&page=1&uid=2728266823>
2016-06-02 16:18:53 [scrapy] DEBUG: Crawled (200) <GET http://weibo.com/donggebyr?is_ori=1&is_forward=1&is_text=1&is_pic=1&key_word=&start_time=2016-06-01&end_time=2016-06-02&is_search=1&is_searchadv=1&count=15&pagebar=1&_k=&pre_page=0&end_id=&_rnd=&_t=0&max_id=&page=1&uid=2728266823> (referer: http://weibo.com/donggebyr?is_ori=1&is_forward=1&is_text=1&is_pic=1&key_word=&start_time=2016-06-01&end_time=2016-06-02&is_search=1&is_searchadv=1&count=15&pagebar=1&_k=&pre_page=1&end_id=&_rnd=&_t=0&max_id=&page=1&uid=2728266823)
2016-06-02 16:18:53 [analyzers.weibocontent_analyzer] WARNING: no matched weibo_relative_args!!
2016-06-02 16:18:53 [scrapy] WARNING: Dropped: Item contains no images
{'atuser_nickname_list': [],
 'comment_nums': [],
 'content': [],
 'like_nums': [],
 'repost_nums': [],
 'repost_user': [],
 'time': [],
 'timestamp': [],
 'uid': '2728266823'}
2016-06-02 16:19:03 [scrapy] DEBUG: Crawled (200) <GET http://weibo.com/donggebyr?is_ori=1&is_forward=1&is_text=1&is_pic=1&key_word=&start_time=2016-06-01&end_time=2016-06-02&is_search=1&is_searchadv=1&count=15&pagebar=1&_k=&pre_page=1&end_id=&_rnd=&_t=0&max_id=&page=1&uid=2728266823> (referer: http://weibo.com/donggebyr?is_ori=1&is_forward=1&is_text=1&is_pic=1&key_word=&start_time=2016-06-01&end_time=2016-06-02&is_search=1&is_searchadv=1&count=15&pagebar=1&_k=&pre_page=1&end_id=&_rnd=&_t=0&max_id=&page=1&uid=2728266823)
2016-06-02 16:19:03 [analyzers.weibocontent_analyzer] WARNING: no matched weibo_relative_args!!
2016-06-02 16:19:03 [scrapy] WARNING: Dropped: Item contains no images
{'atuser_nickname_list': [],
 'comment_nums': [],
 'content': [],
 'like_nums': [],
 'repost_nums': [],
 'repost_user': [],
 'time': [],
 'timestamp': [],
 'uid': '2728266823'}
2016-06-02 16:19:14 [scrapy] DEBUG: Crawled (200) <GET http://weibo.com/donggebyr?is_ori=1&is_forward=1&is_text=1&is_pic=1&key_word=&start_time=2016-06-01&end_time=2016-06-02&is_search=1&is_searchadv=1&count=15&pagebar=0&_k=&pre_page=1&end_id=&_rnd=&_t=0&max_id=&page=1&uid=2728266823> (referer: http://weibo.com/donggebyr?is_ori=1&is_forward=1&is_text=1&is_pic=1&key_word=&start_time=2016-06-01&end_time=2016-06-02&is_search=1&is_searchadv=1&count=15&pagebar=1&_k=&pre_page=1&end_id=&_rnd=&_t=0&max_id=&page=1&uid=2728266823)
2016-06-02 16:19:14 [analyzers.weibocontent_analyzer] WARNING: no matched weibo_relative_args!!
2016-06-02 16:19:14 [scrapy] WARNING: Dropped: Item contains no images
{'atuser_nickname_list': [],
 'comment_nums': [],
 'content': [],
 'like_nums': [],
 'repost_nums': [],
 'repost_user': [],
 'time': [],
 'timestamp': [],
 'uid': '2728266823'}
2016-06-02 16:19:14 [scrapy] INFO: Closing spider (finished)
2016-06-02 16:19:14 [scrapy] INFO: Dumping Scrapy stats:
{'downloader/request_bytes': 14993,
 'downloader/request_count': 10,
 'downloader/request_method_count/GET': 10,
 'downloader/response_bytes': 91677,
 'downloader/response_count': 10,
 'downloader/response_status_count/200': 5,
 'downloader/response_status_count/302': 5,
 'finish_reason': 'finished',
 'finish_time': datetime.datetime(2016, 6, 2, 8, 19, 14, 225620),
 'item_dropped_count': 3,
 'item_dropped_reasons_count/DropItem': 3,
 'log_count/DEBUG': 11,
 'log_count/INFO': 15,
 'log_count/WARNING': 7,
 'request_depth_max': 2,
 'response_received_count': 5,
 'scheduler/dequeued': 10,
 'scheduler/dequeued/memory': 10,
 'scheduler/enqueued': 10,
 'scheduler/enqueued/memory': 10,
 'start_time': datetime.datetime(2016, 6, 2, 8, 17, 24, 799196)}
2016-06-02 16:19:14 [scrapy] INFO: Spider closed (finished)
