2016-06-02 15:34:46 [scrapy] INFO: Scrapy 1.0.3 started (bot: weibospider)
2016-06-02 15:34:46 [scrapy] INFO: Optional features available: ssl, http11
2016-06-02 15:34:46 [scrapy] INFO: Overridden settings: {'NEWSPIDER_MODULE': 'weibospider.spiders', 'FEED_URI': 'file:///home/hadoop_user/scrapy-weibospider-mysql/items/weibospider/cauc_friendcircle_userinfo/770aafac289411e6b55f000c29c4bf4d.jl', 'SPIDER_MODULES': ['weibospider.spiders'], 'RETRY_HTTP_CODES': [400, 403, 408, 500, 502, 503, 504], 'BOT_NAME': 'weibospider', 'LOG_FILE': 'logs/weibospider/cauc_friendcircle_userinfo/770aafac289411e6b55f000c29c4bf4d.log', 'DOWNLOAD_DELAY': 10}
2016-06-02 15:34:47 [scrapy] INFO: Enabled extensions: CloseSpider, FeedExporter, TelnetConsole, LogStats, CoreStats, SpiderState
2016-06-02 15:34:47 [scrapy] INFO: Enabled downloader middlewares: RotateUserAgent, HttpAuthMiddleware, DownloadTimeoutMiddleware, UserAgentMiddleware, RetryMiddleware, DefaultHeadersMiddleware, MetaRefreshMiddleware, HttpCompressionMiddleware, RedirectMiddleware, CookiesMiddleware, ChunkedTransferMiddleware, DownloaderStats
2016-06-02 15:34:47 [scrapy] INFO: Enabled spider middlewares: HttpErrorMiddleware, OffsiteMiddleware, RefererMiddleware, UrlLengthMiddleware, DepthMiddleware
2016-06-02 15:34:47 [scrapy] INFO: Enabled item pipelines: WeibospiderPipeline, UserImagesPipeline
2016-06-02 15:34:47 [scrapy] INFO: Spider opened
2016-06-02 15:34:47 [scrapy] INFO: Crawled 0 pages (at 0 pages/min), scraped 0 items (at 0 items/min)
2016-06-02 15:34:47 [scrapy] DEBUG: Telnet console listening on 127.0.0.1:6023
2016-06-02 15:34:48 [scrapy] DEBUG: Redirecting (302) to <GET https://passport.weibo.com/visitor/visitor?entry=miniblog&a=enter&url=http%3A%2F%2Fweibo.com%2F&domain=.weibo.com&ua=php-sso_sdk_client-0.6.14&_rand=1464852967.405> from <GET http://weibo.com>
2016-06-02 15:34:55 [scrapy] DEBUG: Crawled (200) <GET https://passport.weibo.com/visitor/visitor?entry=miniblog&a=enter&url=http%3A%2F%2Fweibo.com%2F&domain=.weibo.com&ua=php-sso_sdk_client-0.6.14&_rand=1464852967.405> (referer: None)
2016-06-02 15:34:56 [datamysql] INFO: mysql_connectinon success!!
2016-06-02 15:34:56 [datamysql] INFO: select_operation success!!
2016-06-02 15:34:56 [weibospider.spiders.cauc_friendcircle_userinfo] INFO: this is the unsearched user_id:2728266823
2016-06-02 15:34:56 [datamysql] INFO: select_operation success!!
2016-06-02 15:34:56 [datamysql] INFO: update_operation success!!
2016-06-02 15:34:56 [datamysql] INFO: mysql_connection close!!
2016-06-02 15:35:08 [scrapy] DEBUG: Redirecting (302) to <GET http://weibo.com/donggebyr?is_ori=1&is_forward=1&is_text=1&is_pic=1&key_word=&start_time=2015-12-25&end_time=2016-06-02&is_search=1&is_searchadv=1&count=15&pagebar=1&_k=&pre_page=1&end_id=&_rnd=&_t=0&max_id=&page=1&uid=2728266823> from <GET http://weibo.com/2728266823?is_ori=1&is_forward=1&is_text=1&is_pic=1&key_word=&start_time=2015-12-25&end_time=2016-06-02&is_search=1&is_searchadv=1&count=15&pagebar=1&_k=&pre_page=1&end_id=&_rnd=&_t=0&max_id=&page=1&uid=2728266823>
2016-06-02 15:35:25 [scrapy] DEBUG: Crawled (200) <GET http://weibo.com/donggebyr?is_ori=1&is_forward=1&is_text=1&is_pic=1&key_word=&start_time=2015-12-25&end_time=2016-06-02&is_search=1&is_searchadv=1&count=15&pagebar=1&_k=&pre_page=1&end_id=&_rnd=&_t=0&max_id=&page=1&uid=2728266823> (referer: https://passport.weibo.com/visitor/visitor?entry=miniblog&a=enter&url=http%3A%2F%2Fweibo.com%2F&domain=.weibo.com&ua=php-sso_sdk_client-0.6.14&_rand=1464852967.405)
2016-06-02 15:35:25 [analyzer] WARNING: no matched html with condition: script:contains("W_pages")!!
2016-06-02 15:35:25 [weibospider.spiders.cauc_friendcircle_userinfo] INFO: the total_pages is: 1
2016-06-02 15:35:25 [scrapy] DEBUG: Filtered duplicate request: <GET http://weibo.com/2728266823?is_ori=1&is_forward=1&is_text=1&is_pic=1&key_word=&start_time=2015-12-25&end_time=2016-06-02&is_search=1&is_searchadv=1&count=15&pagebar=1&_k=&pre_page=1&end_id=&_rnd=&_t=0&max_id=&page=1&uid=2728266823> - no more duplicates will be shown (see DUPEFILTER_DEBUG to show all duplicates)
2016-06-02 15:35:34 [scrapy] DEBUG: Redirecting (302) to <GET http://weibo.com/donggebyr?is_ori=1&is_forward=1&is_text=1&is_pic=1&key_word=&start_time=2015-12-25&end_time=2016-06-02&is_search=1&is_searchadv=1&count=15&pagebar=1&_k=&pre_page=0&end_id=&_rnd=&_t=0&max_id=&page=1&uid=2728266823> from <GET http://weibo.com/2728266823?is_ori=1&is_forward=1&is_text=1&is_pic=1&key_word=&start_time=2015-12-25&end_time=2016-06-02&is_search=1&is_searchadv=1&count=15&pagebar=1&_k=&pre_page=0&end_id=&_rnd=&_t=0&max_id=&page=1&uid=2728266823>
2016-06-02 15:35:47 [scrapy] INFO: Crawled 2 pages (at 2 pages/min), scraped 0 items (at 0 items/min)
2016-06-02 15:35:49 [scrapy] DEBUG: Redirecting (302) to <GET http://weibo.com/sorry?usernotexists&code=10011> from <GET http://weibo.com/2728266823?is_ori=1&is_forward=1&is_text=1&is_pic=1&key_word=&start_time=2015-12-25&end_time=2016-06-02&is_search=1&is_searchadv=1&count=15&pagebar=0&_k=&pre_page=1&end_id=&_rnd=&_t=0&max_id=&page=1&uid=2728266823>
2016-06-02 15:36:05 [scrapy] DEBUG: Crawled (200) <GET http://weibo.com/donggebyr?is_ori=1&is_forward=1&is_text=1&is_pic=1&key_word=&start_time=2015-12-25&end_time=2016-06-02&is_search=1&is_searchadv=1&count=15&pagebar=1&_k=&pre_page=0&end_id=&_rnd=&_t=0&max_id=&page=1&uid=2728266823> (referer: http://weibo.com/donggebyr?is_ori=1&is_forward=1&is_text=1&is_pic=1&key_word=&start_time=2015-12-25&end_time=2016-06-02&is_search=1&is_searchadv=1&count=15&pagebar=1&_k=&pre_page=1&end_id=&_rnd=&_t=0&max_id=&page=1&uid=2728266823)
2016-06-02 15:36:06 [scrapy] WARNING: Dropped: Item contains no images
{'atuser_nickname_list': [[],
                          [],
                          [],
                          [],
                          [],
                          ['\xe6\xbb\xb4\xe6\xbb\xb4\xe5\x87\xba\xe8\xa1\x8c'],
                          [],
                          ['\xe5\x85\x89\xe4\xb8\x8e\xe9\xbb\x91\xe6\xb4\x9e']],
 'comment_nums': [0, 0, 0, '1', 0, 0, 0, 0],
 'content': [u'\u611f\u52a8[\u6cea]',
             '\xe5\xbe\x80\xe4\xba\x8b\xe6\xb7\xa1\xe5\xa6\x82\xe7\x83\x9f\xef\xbc\x8c\xe9\x9a\x8f\xe6\xb3\xa2\xe9\x83\xbd\xe9\xa3\x98\xe6\x95\xa3\xef\xbc\x8c\xe6\xb8\xba\xe6\xb8\xba\xe4\xb8\x8d\xe5\x8f\xaf\xe8\xa7\x81\xef\xbc\x8c\xe6\x80\x85\xe6\x80\x85\xe6\x9d\xa5\xe6\x80\x80\xe5\xbf\xb5\xe6\x88\x91\xe6\xad\xa3\xe5\x9c\xa8\xe4\xbd\xbf\xe7\x94\xa8"\xe5\xbe\x80\xe4\xba\x8b\xe5\xa6\x82\xe7\x83\x9f"\xe5\xb0\x81\xe9\x9d\xa2\xe5\x9b\xbe\xef\xbc\x8c\xe4\xbd\xa0\xe4\xb9\x9f\xe6\x9d\xa5\xe8\xaf\x95\xe8\xaf\x95\xe5\x90\xa7\xe3\x80\x82',
             'Repost',
             u'\u4e24\u4e2aSiri\u98d9\u4e2d\u6587[\u7b11cry][\u7b11cry]',
             'Repost',
             '\xe4\xb8\x80\xe4\xb8\x8d\xe5\xb0\x8f\xe5\xbf\x83\xe5\x8f\x88\xe4\xb8\xad\xe5\xa5\x96\xe4\xba\x86\xef\xbc\x81(\xe2\x89\x96 \xe2\x80\xbf \xe2\x89\x96)\xe2\x9c\xa7\xe6\x88\x91\xe5\x9c\xa8\xe7\x82\xab\xe8\x88\x9e\xe8\x80\x81\xe5\xbc\xa0 \xe7\x9a\x84\xe7\xba\xa2\xe5\x8c\x85\xe4\xb8\xad\xe6\x8a\xbd\xe5\x88\xb0\xe4\xba\x86\xe6\x8f\x90\xe4\xbe\x9b\xe7\x9a\x84\xe2\x80\x9c\xe6\xbb\xb4\xe6\xbb\xb4\xe7\x99\xbe\xe5\x85\x83\xe7\xa4\xbc\xe5\x8c\x85\xe2\x80\x9d\xef\xbc\x8c\xe5\xa5\xbd\xe5\xae\x9e\xe5\x9c\xa8\xe7\x9a\x84\xe7\xa4\xbc\xe7\x89\xa9\xef\xbc\x8c\xe8\xae\xa9\xe5\xae\x9d\xe5\xae\x9d\xe5\xbf\x83\xe6\x83\x85\xe7\xbe\x8e\xe4\xb8\xbd\xe4\xb8\x80\xe6\x95\xb4\xe5\xa4\xa9\xef\xbd\x9e',
             u'\u8c01\u662f\u6740\u4eba\u51f6\u624b[\u7b11cry]',
             ''],
 'like_nums': ['1', 0, '2', '1', 0, 0, '1', 0],
 'repost_nums': [0, 0, 0, '1', '1', 0, 0, 0],
 'repost_user': [u'\u5996\u5996\u5c0f\u7cbe',
                 '',
                 u'\u4e50\u89c6\u7bee\u7403',
                 u'\u65b0\u6d6a\u79d1\u6280',
                 u'\u5386\u53f2\u89e3\u5bc6\u7f51\u7ad9',
                 '',
                 u'\u4e4c\u9f9f\u5403\u9cd6MgH',
                 u'\u5fae\u8f6f\u4e2d\u56fdMSDN'],
 'time': ['2016-05-17 11:01',
          '2016-05-03 16:16',
          '2016-02-21 22:57',
          '2016-02-08 17:46',
          '2016-02-06 18:23',
          '2016-02-01 21:27',
          '2016-01-21 19:17',
          '2016-01-21 11:03'],
 'timestamp': ['1463454099000',
               '1462263370000',
               '1456066660000',
               '1454924782000',
               '1454754237000',
               '1454333249000',
               '1453375055000',
               '1453345418000'],
 'uid': '2728266823'}
2016-06-02 15:36:15 [scrapy] DEBUG: Crawled (200) <GET http://weibo.com/sorry?usernotexists&code=10011> (referer: http://weibo.com/donggebyr?is_ori=1&is_forward=1&is_text=1&is_pic=1&key_word=&start_time=2015-12-25&end_time=2016-06-02&is_search=1&is_searchadv=1&count=15&pagebar=1&_k=&pre_page=1&end_id=&_rnd=&_t=0&max_id=&page=1&uid=2728266823)
2016-06-02 15:36:15 [analyzer] WARNING: no matched html with condition: script:contains("WB_feed WB_feed_v3")!!
2016-06-02 15:36:15 [scrapy] ERROR: Spider error processing <GET http://weibo.com/sorry?usernotexists&code=10011> (referer: http://weibo.com/donggebyr?is_ori=1&is_forward=1&is_text=1&is_pic=1&key_word=&start_time=2015-12-25&end_time=2016-06-02&is_search=1&is_searchadv=1&count=15&pagebar=1&_k=&pre_page=1&end_id=&_rnd=&_t=0&max_id=&page=1&uid=2728266823)
Traceback (most recent call last):
  File "/usr/local/lib/python2.7/site-packages/scrapy/utils/defer.py", line 102, in iter_errback
    yield next(it)
  File "/usr/local/lib/python2.7/site-packages/scrapy/spidermiddlewares/offsite.py", line 28, in process_spider_output
    for x in result:
  File "/usr/local/lib/python2.7/site-packages/scrapy/spidermiddlewares/referer.py", line 22, in <genexpr>
    return (_set_referer(r) for r in result or ())
  File "/usr/local/lib/python2.7/site-packages/scrapy/spidermiddlewares/urllength.py", line 37, in <genexpr>
    return (r for r in result or () if _filter(r))
  File "/usr/local/lib/python2.7/site-packages/scrapy/spidermiddlewares/depth.py", line 54, in <genexpr>
    return (r for r in result or () if _filter(r))
  File "weibospider/spiders/cauc_friendcircle_userinfo.py", line 140, in parse_load
    item['content'] = analyzer.get_content(total_pq)
  File "/home/hadoop_user/scrapy-weibospider-mysql/weibospider/analyzer.py", line 49, in get_content
    data = total_pq("div[node-type=feed_list_content]")
TypeError: 'NoneType' object is not callable
2016-06-02 15:36:24 [scrapy] DEBUG: Crawled (200) <GET http://weibo.com/p/1005052728266823/info?mod=pedit_more> (referer: http://weibo.com/donggebyr?is_ori=1&is_forward=1&is_text=1&is_pic=1&key_word=&start_time=2015-12-25&end_time=2016-06-02&is_search=1&is_searchadv=1&count=15&pagebar=1&_k=&pre_page=0&end_id=&_rnd=&_t=0&max_id=&page=1&uid=2728266823)
2016-06-02 15:36:24 [scrapy] DEBUG: File (uptodate): Downloaded image from <GET http://tva3.sinaimg.cn/crop.0.0.512.512.180/a29e0c47jw8eaywu671vzj20e80e8jrt.jpg?uid=2728266823> referred in <None>
2016-06-02 15:36:24 [scrapy] DEBUG: Scraped from <200 http://weibo.com/p/1005052728266823/info?mod=pedit_more>
{'image_urls': 'http://tva3.sinaimg.cn/crop.0.0.512.512.180/a29e0c47jw8eaywu671vzj20e80e8jrt.jpg?uid=2728266823',
 'uid': '2728266823',
 'userinfo': {'follow_num': '1410',
              'follower_num': '601',
              u'\u4e2a\u6027\u57df\u540d\uff1a': 'http://weibo.com/donggebyr',
              u'\u535a\u5ba2\uff1a': '',
              u'\u6027\u522b\uff1a': u'\u7537',
              u'\u6027\u53d6\u5411\uff1a': u'\u5f02\u6027\u604b',
              u'\u611f\u60c5\u72b6\u51b5\uff1a': u'\u5355\u8eab',
              u'\u6240\u5728\u5730\uff1a': u'\u5317\u4eac \u77f3\u666f\u5c71\u533a',
              u'\u6635\u79f0\uff1a': u'\u4e1c\u54e5byr',
              u'\u6ce8\u518c\u65f6\u95f4\uff1a': '2012-04-20',
              u'\u751f\u65e5\uff1a': u'1991\u5e7410\u67087\u65e5',
              u'\u7b80\u4ecb\uff1a': u'A man with talent\u2026',
              u'\u8840\u578b\uff1a': 'O'}}
2016-06-02 15:36:34 [scrapy] DEBUG: Crawled (200) <GET http://weibo.com/aj/v6/user/newcard?ajwvr=6&name=%E5%BE%AE%E8%BD%AF%E4%B8%AD%E5%9B%BDMSDN&type=1> (referer: http://weibo.com/donggebyr?is_ori=1&is_forward=1&is_text=1&is_pic=1&key_word=&start_time=2015-12-25&end_time=2016-06-02&is_search=1&is_searchadv=1&count=15&pagebar=1&_k=&pre_page=0&end_id=&_rnd=&_t=0&max_id=&page=1&uid=2728266823)
2016-06-02 15:36:34 [weibospider.spiders.cauc_friendcircle_userinfo] WARNING: no right uid found for alias!
2016-06-02 15:36:46 [scrapy] DEBUG: Crawled (200) <GET http://weibo.com/aj/v6/user/newcard?ajwvr=6&name=%E4%B9%8C%E9%BE%9F%E5%90%83%E9%B3%96MgH&type=1> (referer: http://weibo.com/donggebyr?is_ori=1&is_forward=1&is_text=1&is_pic=1&key_word=&start_time=2015-12-25&end_time=2016-06-02&is_search=1&is_searchadv=1&count=15&pagebar=1&_k=&pre_page=0&end_id=&_rnd=&_t=0&max_id=&page=1&uid=2728266823)
2016-06-02 15:36:47 [scrapy] INFO: Crawled 7 pages (at 5 pages/min), scraped 1 items (at 1 items/min)
2016-06-02 15:36:58 [scrapy] DEBUG: Crawled (200) <GET http://weibo.com/aj/v6/user/newcard?ajwvr=6&name=%E5%8E%86%E5%8F%B2%E8%A7%A3%E5%AF%86%E7%BD%91%E7%AB%99&type=1> (referer: http://weibo.com/donggebyr?is_ori=1&is_forward=1&is_text=1&is_pic=1&key_word=&start_time=2015-12-25&end_time=2016-06-02&is_search=1&is_searchadv=1&count=15&pagebar=1&_k=&pre_page=0&end_id=&_rnd=&_t=0&max_id=&page=1&uid=2728266823)
2016-06-02 15:37:12 [scrapy] DEBUG: Crawled (200) <GET http://weibo.com/aj/v6/user/newcard?ajwvr=6&name=%E6%96%B0%E6%B5%AA%E7%A7%91%E6%8A%80&type=1> (referer: http://weibo.com/donggebyr?is_ori=1&is_forward=1&is_text=1&is_pic=1&key_word=&start_time=2015-12-25&end_time=2016-06-02&is_search=1&is_searchadv=1&count=15&pagebar=1&_k=&pre_page=0&end_id=&_rnd=&_t=0&max_id=&page=1&uid=2728266823)
2016-06-02 15:37:12 [weibospider.spiders.cauc_friendcircle_userinfo] WARNING: no right uid found for alias!
2016-06-02 15:37:23 [scrapy] DEBUG: Crawled (200) <GET http://weibo.com/aj/v6/user/newcard?ajwvr=6&name=%E4%B9%90%E8%A7%86%E7%AF%AE%E7%90%83&type=1> (referer: http://weibo.com/donggebyr?is_ori=1&is_forward=1&is_text=1&is_pic=1&key_word=&start_time=2015-12-25&end_time=2016-06-02&is_search=1&is_searchadv=1&count=15&pagebar=1&_k=&pre_page=0&end_id=&_rnd=&_t=0&max_id=&page=1&uid=2728266823)
2016-06-02 15:37:24 [weibospider.spiders.cauc_friendcircle_userinfo] WARNING: no right uid found for alias!
2016-06-02 15:37:39 [scrapy] DEBUG: Crawled (200) <GET http://weibo.com/aj/v6/user/newcard?ajwvr=6&name=%E5%A6%96%E5%A6%96%E5%B0%8F%E7%B2%BE&type=1> (referer: http://weibo.com/donggebyr?is_ori=1&is_forward=1&is_text=1&is_pic=1&key_word=&start_time=2015-12-25&end_time=2016-06-02&is_search=1&is_searchadv=1&count=15&pagebar=1&_k=&pre_page=0&end_id=&_rnd=&_t=0&max_id=&page=1&uid=2728266823)
2016-06-02 15:37:47 [scrapy] INFO: Crawled 11 pages (at 4 pages/min), scraped 1 items (at 0 items/min)
2016-06-02 15:37:53 [scrapy] DEBUG: Crawled (200) <GET http://weibo.com/aj/v6/user/newcard?ajwvr=6&name=%E5%85%89%E4%B8%8E%E9%BB%91%E6%B4%9E&type=1> (referer: http://weibo.com/donggebyr?is_ori=1&is_forward=1&is_text=1&is_pic=1&key_word=&start_time=2015-12-25&end_time=2016-06-02&is_search=1&is_searchadv=1&count=15&pagebar=1&_k=&pre_page=0&end_id=&_rnd=&_t=0&max_id=&page=1&uid=2728266823)
2016-06-02 15:38:07 [scrapy] DEBUG: Crawled (200) <GET http://weibo.com/aj/v6/user/newcard?ajwvr=6&name=%E6%BB%B4%E6%BB%B4%E5%87%BA%E8%A1%8C&type=1> (referer: http://weibo.com/donggebyr?is_ori=1&is_forward=1&is_text=1&is_pic=1&key_word=&start_time=2015-12-25&end_time=2016-06-02&is_search=1&is_searchadv=1&count=15&pagebar=1&_k=&pre_page=0&end_id=&_rnd=&_t=0&max_id=&page=1&uid=2728266823)
2016-06-02 15:38:07 [weibospider.spiders.cauc_friendcircle_userinfo] WARNING: no right uid found for alias!
2016-06-02 15:38:22 [scrapy] DEBUG: Crawled (200) <GET http://weibo.com/p/1005052624467531/info?mod=pedit_more> (referer: http://weibo.com/aj/v6/user/newcard?ajwvr=6&name=%E4%B9%8C%E9%BE%9F%E5%90%83%E9%B3%96MgH&type=1)
2016-06-02 15:38:23 [root] ERROR: [Failure instance: Traceback: <type 'exceptions.KeyError'>: 'userinfo'
/usr/local/lib/python2.7/threading.py:783:__bootstrap
/usr/local/lib/python2.7/threading.py:810:__bootstrap_inner
/usr/local/lib/python2.7/threading.py:763:run
--- <exception caught here> ---
/usr/local/lib/python2.7/site-packages/Twisted-15.2.1-py2.7-linux-x86_64.egg/twisted/python/threadpool.py:196:_worker
/usr/local/lib/python2.7/site-packages/Twisted-15.2.1-py2.7-linux-x86_64.egg/twisted/python/context.py:118:callWithContext
/usr/local/lib/python2.7/site-packages/Twisted-15.2.1-py2.7-linux-x86_64.egg/twisted/python/context.py:81:callWithContext
/usr/local/lib/python2.7/site-packages/Twisted-15.2.1-py2.7-linux-x86_64.egg/twisted/enterprise/adbapi.py:445:_runInteraction
weibospider/pipelines.py:62:_friendcircle_info_insert
weibospider/pipelines.py:99:_userinfo_warningman_insert
/usr/local/lib/python2.7/site-packages/scrapy/item.py:56:__getitem__
]
2016-06-02 15:38:23 [scrapy] DEBUG: File (uptodate): Downloaded image from <GET http://tva3.sinaimg.cn/crop.0.0.1020.1020.180/9c6e324bjw8ezgy9yu0pxj20u00u076y.jpg?uid=2624467531> referred in <None>
2016-06-02 15:38:23 [scrapy] DEBUG: Scraped from <200 http://weibo.com/p/1005052624467531/info?mod=pedit_more>
{'image_urls': 'http://tva3.sinaimg.cn/crop.0.0.1020.1020.180/9c6e324bjw8ezgy9yu0pxj20u00u076y.jpg?uid=2624467531',
 'repostuser_userinfo': {'follow_num': '2319',
                         'follower_num': '8428',
                         u'\u4e2a\u6027\u57df\u540d\uff1a': 'http://weibo.com/234516213 http://weibo.com/scrno',
                         u'\u535a\u5ba2\uff1a': '',
                         u'\u6027\u522b\uff1a': u'\u7537',
                         u'\u6027\u53d6\u5411\uff1a': u'\u5f02\u6027\u604b',
                         u'\u611f\u60c5\u72b6\u51b5\uff1a': u'\u5355\u8eab',
                         u'\u6240\u5728\u5730\uff1a': u'\u6d59\u6c5f \u4e3d\u6c34',
                         u'\u6635\u79f0\uff1a': u'\u4e4c\u9f9f\u5403\u9cd6MgH',
                         u'\u6ce8\u518c\u65f6\u95f4\uff1a': '2012-02-20',
                         u'\u751f\u65e5\uff1a': u'1994\u5e749\u670826\u65e5',
                         u'\u771f\u5b9e\u59d3\u540d\uff1a': u'\u738b\u4e91',
                         u'\u7b80\u4ecb\uff1a': u'\u2016* \u8be6\u60c5\u770b\u7f6e\u9876 *\u2016\u6613\u5237\u5c4f\u2016\u7acb\u6d3e\u73cf\u53a8\u2016-\u2016\u5f88\u6c61\u2016\u7231\u5f04\u5927\u65b0\u95fb\u2016Perfume\u2016\u8111\u6d1e\u5927\u2016\u4f1aPS\u2016D-U',
                         u'\u8840\u578b\uff1a': 'O'},
 'uid': 2624467531}
2016-06-02 15:38:29 [scrapy] DEBUG: Crawled (200) <GET http://weibo.com/p/1005051927686345/info?mod=pedit_more> (referer: http://weibo.com/aj/v6/user/newcard?ajwvr=6&name=%E5%8E%86%E5%8F%B2%E8%A7%A3%E5%AF%86%E7%BD%91%E7%AB%99&type=1)
2016-06-02 15:38:29 [root] ERROR: [Failure instance: Traceback: <type 'exceptions.KeyError'>: 'userinfo'
/usr/local/lib/python2.7/threading.py:783:__bootstrap
/usr/local/lib/python2.7/threading.py:810:__bootstrap_inner
/usr/local/lib/python2.7/threading.py:763:run
--- <exception caught here> ---
/usr/local/lib/python2.7/site-packages/Twisted-15.2.1-py2.7-linux-x86_64.egg/twisted/python/threadpool.py:196:_worker
/usr/local/lib/python2.7/site-packages/Twisted-15.2.1-py2.7-linux-x86_64.egg/twisted/python/context.py:118:callWithContext
/usr/local/lib/python2.7/site-packages/Twisted-15.2.1-py2.7-linux-x86_64.egg/twisted/python/context.py:81:callWithContext
/usr/local/lib/python2.7/site-packages/Twisted-15.2.1-py2.7-linux-x86_64.egg/twisted/enterprise/adbapi.py:445:_runInteraction
weibospider/pipelines.py:62:_friendcircle_info_insert
weibospider/pipelines.py:99:_userinfo_warningman_insert
/usr/local/lib/python2.7/site-packages/scrapy/item.py:56:__getitem__
]
2016-06-02 15:38:29 [scrapy] DEBUG: File (uptodate): Downloaded image from <GET http://tva1.sinaimg.cn/crop.0.0.180.180.180/72e628c9jw1e8qgp5bmzyj2050050aa8.jpg?uid=1927686345> referred in <None>
2016-06-02 15:38:29 [scrapy] DEBUG: Scraped from <200 http://weibo.com/p/1005051927686345/info?mod=pedit_more>
{'image_urls': 'http://tva1.sinaimg.cn/crop.0.0.180.180.180/72e628c9jw1e8qgp5bmzyj2050050aa8.jpg?uid=1927686345',
 'repostuser_userinfo': {'follow_num': '875',
                         'follower_num': '300762',
                         u'\u4e2a\u6027\u57df\u540d\uff1a': 'http://weibo.com/210108712',
                         u'\u535a\u5ba2\uff1a': '',
                         u'\u6027\u522b\uff1a': u'\u7537',
                         u'\u6240\u5728\u5730\uff1a': u'\u8fbd\u5b81 \u978d\u5c71',
                         u'\u6635\u79f0\uff1a': u'\u5386\u53f2\u89e3\u5bc6\u7f51\u7ad9',
                         u'\u6ce8\u518c\u65f6\u95f4\uff1a': '2011-01-19',
                         u'\u751f\u65e5\uff1a': '',
                         u'\u7b80\u4ecb\uff1a': u'\u5206\u4eab\u7cbe\u5f69\u6709\u8da3\u7684\u6587\u53f2\u77e5\u8bc6\uff0c\u589e\u957f\u77e5\u8bc6\uff0c\u5f00\u9614\u89c6\u91ce\uff0c\u589e\u52a0\u60a8\u8336\u4f59\u996d\u540e\u7684\u8c08\u8d44\uff01'},
 'uid': 1927686345}
2016-06-02 15:38:44 [scrapy] DEBUG: Crawled (200) <GET http://weibo.com/p/1005052185608961/info?mod=pedit_more> (referer: http://weibo.com/aj/v6/user/newcard?ajwvr=6&name=%E5%A6%96%E5%A6%96%E5%B0%8F%E7%B2%BE&type=1)
2016-06-02 15:38:44 [root] ERROR: [Failure instance: Traceback: <type 'exceptions.KeyError'>: 'userinfo'
/usr/local/lib/python2.7/threading.py:783:__bootstrap
/usr/local/lib/python2.7/threading.py:810:__bootstrap_inner
/usr/local/lib/python2.7/threading.py:763:run
--- <exception caught here> ---
/usr/local/lib/python2.7/site-packages/Twisted-15.2.1-py2.7-linux-x86_64.egg/twisted/python/threadpool.py:196:_worker
/usr/local/lib/python2.7/site-packages/Twisted-15.2.1-py2.7-linux-x86_64.egg/twisted/python/context.py:118:callWithContext
/usr/local/lib/python2.7/site-packages/Twisted-15.2.1-py2.7-linux-x86_64.egg/twisted/python/context.py:81:callWithContext
/usr/local/lib/python2.7/site-packages/Twisted-15.2.1-py2.7-linux-x86_64.egg/twisted/enterprise/adbapi.py:445:_runInteraction
weibospider/pipelines.py:62:_friendcircle_info_insert
weibospider/pipelines.py:99:_userinfo_warningman_insert
/usr/local/lib/python2.7/site-packages/scrapy/item.py:56:__getitem__
]
2016-06-02 15:38:44 [scrapy] DEBUG: File (uptodate): Downloaded image from <GET http://tva3.sinaimg.cn/crop.0.0.440.440.180/8245bf01jw8enqt4mhpvmj20c80c83z9.jpg?uid=2185608961> referred in <None>
2016-06-02 15:38:44 [scrapy] DEBUG: Scraped from <200 http://weibo.com/p/1005052185608961/info?mod=pedit_more>
{'image_urls': 'http://tva3.sinaimg.cn/crop.0.0.440.440.180/8245bf01jw8enqt4mhpvmj20c80c83z9.jpg?uid=2185608961',
 'repostuser_userinfo': {'follow_num': '566',
                         'follower_num': '4362443',
                         u'\u4e2a\u6027\u57df\u540d\uff1a': 'http://weibo.com/yaoyaoxiaojing',
                         u'\u535a\u5ba2\uff1a': '',
                         u'\u6027\u522b\uff1a': u'\u5973',
                         u'\u6027\u53d6\u5411\uff1a': u'\u53cc\u6027\u604b',
                         u'\u6240\u5728\u5730\uff1a': u'\u8fbd\u5b81 \u6c88\u9633',
                         u'\u6635\u79f0\uff1a': u'\u5996\u5996\u5c0f\u7cbe',
                         u'\u6ce8\u518c\u65f6\u95f4\uff1a': '2011-06-18',
                         u'\u751f\u65e5\uff1a': u'11\u670821\u65e5',
                         u'\u7b80\u4ecb\uff1a': u'\u25c6\u957f\u671f\u641e\u7b11\u25c6\u975e\u5e38\u6709\u8da3\u25c6\u4e1a\u4f59\u65f6\u95f4\u8bd1\u5236\u6f2b\u753b\uff0c\u66f4\u65b0\u65f6\u591a\u65f6\u5c11\uff08\u90e8\u5206\u5185\u5bb9\u56e0\u67e5\u627e\u65e0\u529b\u672a\u80fd\u6807\u660e\u4f5c\u8005\uff0c\u975e\u5e38\u62b1\u6b49\uff0c\u671b\u89c1\u8c05\uff01\u6b22\u8fce\u968f\u65f6\u6307\u6b63\uff01\uff09'},
 'uid': 2185608961}
2016-06-02 15:38:47 [scrapy] INFO: Crawled 16 pages (at 5 pages/min), scraped 4 items (at 3 items/min)
2016-06-02 15:38:55 [scrapy] DEBUG: Crawled (200) <GET http://weibo.com/p/1005055643685253/info?mod=pedit_more> (referer: http://weibo.com/aj/v6/user/newcard?ajwvr=6&name=%E5%85%89%E4%B8%8E%E9%BB%91%E6%B4%9E&type=1)
2016-06-02 15:38:55 [root] ERROR: [Failure instance: Traceback: <type 'exceptions.KeyError'>: 'userinfo'
/usr/local/lib/python2.7/threading.py:783:__bootstrap
/usr/local/lib/python2.7/threading.py:810:__bootstrap_inner
/usr/local/lib/python2.7/threading.py:763:run
--- <exception caught here> ---
/usr/local/lib/python2.7/site-packages/Twisted-15.2.1-py2.7-linux-x86_64.egg/twisted/python/threadpool.py:196:_worker
/usr/local/lib/python2.7/site-packages/Twisted-15.2.1-py2.7-linux-x86_64.egg/twisted/python/context.py:118:callWithContext
/usr/local/lib/python2.7/site-packages/Twisted-15.2.1-py2.7-linux-x86_64.egg/twisted/python/context.py:81:callWithContext
/usr/local/lib/python2.7/site-packages/Twisted-15.2.1-py2.7-linux-x86_64.egg/twisted/enterprise/adbapi.py:445:_runInteraction
weibospider/pipelines.py:60:_friendcircle_info_insert
weibospider/pipelines.py:99:_userinfo_warningman_insert
/usr/local/lib/python2.7/site-packages/scrapy/item.py:56:__getitem__
]
2016-06-02 15:38:55 [scrapy] DEBUG: File (uptodate): Downloaded image from <GET http://tva1.sinaimg.cn/crop.38.0.295.295.180/0069Wklvjw8etr8rik24bj30b408caa3.jpg?uid=5643685253> referred in <None>
2016-06-02 15:38:56 [scrapy] DEBUG: Scraped from <200 http://weibo.com/p/1005055643685253/info?mod=pedit_more>
{'atuser_userinfo': {'follow_num': '83',
                     'follower_num': '17',
                     u'\u4e2a\u6027\u57df\u540d\uff1a': '',
                     u'\u535a\u5ba2\uff1a': '',
                     u'\u6027\u522b\uff1a': u'\u7537',
                     u'\u6240\u5728\u5730\uff1a': u'\u5317\u4eac \u4e1c\u57ce\u533a',
                     u'\u6635\u79f0\uff1a': u'\u5149\u4e0e\u9ed1\u6d1e',
                     u'\u6ce8\u518c\u65f6\u95f4\uff1a': '2015-06-30',
                     u'\u751f\u65e5\uff1a': u'1993\u5e749\u67085\u65e5',
                     u'\u7b80\u4ecb\uff1a': u'\u7537\u513f\u884c\u5904\u662f\uff0c\u672a\u8981\u8bba\u7a77\u901a\u3002'},
 'image_urls': 'http://tva1.sinaimg.cn/crop.38.0.295.295.180/0069Wklvjw8etr8rik24bj30b408caa3.jpg?uid=5643685253',
 'uid': 5643685253}
2016-06-02 15:38:56 [scrapy] INFO: Closing spider (finished)
2016-06-02 15:38:56 [scrapy] INFO: Stored jsonlines feed (5 items) in: file:///home/hadoop_user/scrapy-weibospider-mysql/items/weibospider/cauc_friendcircle_userinfo/770aafac289411e6b55f000c29c4bf4d.jl
2016-06-02 15:38:56 [scrapy] INFO: Dumping Scrapy stats:
{'downloader/request_bytes': 44513,
 'downloader/request_count': 21,
 'downloader/request_method_count/GET': 21,
 'downloader/response_bytes': 155261,
 'downloader/response_count': 21,
 'downloader/response_status_count/200': 17,
 'downloader/response_status_count/302': 4,
 'dupefilter/filtered': 1,
 'file_count': 5,
 'file_status_count/uptodate': 5,
 'finish_reason': 'finished',
 'finish_time': datetime.datetime(2016, 6, 2, 7, 38, 56, 21297),
 'item_dropped_count': 1,
 'item_dropped_reasons_count/DropItem': 1,
 'item_scraped_count': 5,
 'log_count/DEBUG': 33,
 'log_count/ERROR': 5,
 'log_count/INFO': 19,
 'log_count/WARNING': 7,
 'request_depth_max': 4,
 'response_received_count': 17,
 'scheduler/dequeued': 21,
 'scheduler/dequeued/memory': 21,
 'scheduler/enqueued': 21,
 'scheduler/enqueued/memory': 21,
 'spider_exceptions/TypeError': 1,
 'start_time': datetime.datetime(2016, 6, 2, 7, 34, 47, 926121)}
2016-06-02 15:38:56 [scrapy] INFO: Spider closed (finished)
