2016-06-02 16:12:24 [scrapy] INFO: Scrapy 1.0.3 started (bot: weibospider)
2016-06-02 16:12:24 [scrapy] INFO: Optional features available: ssl, http11
2016-06-02 16:12:24 [scrapy] INFO: Overridden settings: {'NEWSPIDER_MODULE': 'weibospider.spiders', 'FEED_URI': 'file:///home/hadoop_user/scrapy-weibospider-mysql/items/weibospider/cauc_friendcircle_userinfo/bab2dd2e289911e6b55f000c29c4bf4d.jl', 'SPIDER_MODULES': ['weibospider.spiders'], 'RETRY_HTTP_CODES': [400, 403, 408, 500, 502, 503, 504], 'BOT_NAME': 'weibospider', 'LOG_FILE': 'logs/weibospider/cauc_friendcircle_userinfo/bab2dd2e289911e6b55f000c29c4bf4d.log', 'DOWNLOAD_DELAY': 10}
2016-06-02 16:12:24 [scrapy] INFO: Enabled extensions: CloseSpider, FeedExporter, TelnetConsole, LogStats, CoreStats, SpiderState
2016-06-02 16:12:24 [scrapy] INFO: Enabled downloader middlewares: RotateUserAgent, HttpAuthMiddleware, DownloadTimeoutMiddleware, UserAgentMiddleware, RetryMiddleware, DefaultHeadersMiddleware, MetaRefreshMiddleware, HttpCompressionMiddleware, RedirectMiddleware, CookiesMiddleware, ChunkedTransferMiddleware, DownloaderStats
2016-06-02 16:12:24 [scrapy] INFO: Enabled spider middlewares: HttpErrorMiddleware, OffsiteMiddleware, RefererMiddleware, UrlLengthMiddleware, DepthMiddleware
2016-06-02 16:12:24 [scrapy] INFO: Enabled item pipelines: WeibospiderPipeline, UserImagesPipeline
2016-06-02 16:12:24 [scrapy] INFO: Spider opened
2016-06-02 16:12:24 [scrapy] INFO: Crawled 0 pages (at 0 pages/min), scraped 0 items (at 0 items/min)
2016-06-02 16:12:24 [scrapy] DEBUG: Telnet console listening on 127.0.0.1:6023
2016-06-02 16:12:24 [scrapy] DEBUG: Redirecting (302) to <GET https://passport.weibo.com/visitor/visitor?entry=miniblog&a=enter&url=http%3A%2F%2Fweibo.com%2F&domain=.weibo.com&ua=php-sso_sdk_client-0.6.14&_rand=1464855224.0087> from <GET http://weibo.com>
2016-06-02 16:12:36 [scrapy] DEBUG: Crawled (200) <GET https://passport.weibo.com/visitor/visitor?entry=miniblog&a=enter&url=http%3A%2F%2Fweibo.com%2F&domain=.weibo.com&ua=php-sso_sdk_client-0.6.14&_rand=1464855224.0087> (referer: None)
2016-06-02 16:12:36 [datamysql] INFO: mysql_connectinon success!!
2016-06-02 16:12:36 [datamysql] INFO: select_operation success!!
2016-06-02 16:12:36 [weibospider.spiders.cauc_friendcircle_userinfo] INFO: this is the unsearched user_id:2728266823
2016-06-02 16:12:36 [datamysql] INFO: select_operation success!!
2016-06-02 16:12:36 [datamysql] INFO: update_operation success!!
2016-06-02 16:12:36 [datamysql] INFO: mysql_connection close!!
2016-06-02 16:12:46 [scrapy] DEBUG: Redirecting (302) to <GET http://weibo.com/donggebyr?is_ori=1&is_forward=1&is_text=1&is_pic=1&key_word=&start_time=2015-12-25&end_time=2016-06-02&is_search=1&is_searchadv=1&count=15&pagebar=1&_k=&pre_page=1&end_id=&_rnd=&_t=0&max_id=&page=1&uid=2728266823> from <GET http://weibo.com/2728266823?is_ori=1&is_forward=1&is_text=1&is_pic=1&key_word=&start_time=2015-12-25&end_time=2016-06-02&is_search=1&is_searchadv=1&count=15&pagebar=1&_k=&pre_page=1&end_id=&_rnd=&_t=0&max_id=&page=1&uid=2728266823>
2016-06-02 16:13:03 [scrapy] DEBUG: Crawled (200) <GET http://weibo.com/donggebyr?is_ori=1&is_forward=1&is_text=1&is_pic=1&key_word=&start_time=2015-12-25&end_time=2016-06-02&is_search=1&is_searchadv=1&count=15&pagebar=1&_k=&pre_page=1&end_id=&_rnd=&_t=0&max_id=&page=1&uid=2728266823> (referer: https://passport.weibo.com/visitor/visitor?entry=miniblog&a=enter&url=http%3A%2F%2Fweibo.com%2F&domain=.weibo.com&ua=php-sso_sdk_client-0.6.14&_rand=1464855224.0087)
2016-06-02 16:13:03 [analyzer] WARNING: no matched html with condition: script:contains("W_pages")!!
2016-06-02 16:13:03 [weibospider.spiders.cauc_friendcircle_userinfo] INFO: the total_pages is: 1
2016-06-02 16:13:03 [scrapy] DEBUG: Filtered duplicate request: <GET http://weibo.com/2728266823?is_ori=1&is_forward=1&is_text=1&is_pic=1&key_word=&start_time=2015-12-25&end_time=2016-06-02&is_search=1&is_searchadv=1&count=15&pagebar=1&_k=&pre_page=1&end_id=&_rnd=&_t=0&max_id=&page=1&uid=2728266823> - no more duplicates will be shown (see DUPEFILTER_DEBUG to show all duplicates)
2016-06-02 16:13:09 [scrapy] DEBUG: Redirecting (302) to <GET http://weibo.com/donggebyr?is_ori=1&is_forward=1&is_text=1&is_pic=1&key_word=&start_time=2015-12-25&end_time=2016-06-02&is_search=1&is_searchadv=1&count=15&pagebar=1&_k=&pre_page=0&end_id=&_rnd=&_t=0&max_id=&page=1&uid=2728266823> from <GET http://weibo.com/2728266823?is_ori=1&is_forward=1&is_text=1&is_pic=1&key_word=&start_time=2015-12-25&end_time=2016-06-02&is_search=1&is_searchadv=1&count=15&pagebar=1&_k=&pre_page=0&end_id=&_rnd=&_t=0&max_id=&page=1&uid=2728266823>
2016-06-02 16:13:22 [scrapy] DEBUG: Redirecting (302) to <GET http://weibo.com/donggebyr?is_ori=1&is_forward=1&is_text=1&is_pic=1&key_word=&start_time=2015-12-25&end_time=2016-06-02&is_search=1&is_searchadv=1&count=15&pagebar=0&_k=&pre_page=1&end_id=&_rnd=&_t=0&max_id=&page=1&uid=2728266823> from <GET http://weibo.com/2728266823?is_ori=1&is_forward=1&is_text=1&is_pic=1&key_word=&start_time=2015-12-25&end_time=2016-06-02&is_search=1&is_searchadv=1&count=15&pagebar=0&_k=&pre_page=1&end_id=&_rnd=&_t=0&max_id=&page=1&uid=2728266823>
2016-06-02 16:13:24 [scrapy] INFO: Crawled 2 pages (at 2 pages/min), scraped 0 items (at 0 items/min)
2016-06-02 16:13:39 [scrapy] DEBUG: Crawled (200) <GET http://weibo.com/donggebyr?is_ori=1&is_forward=1&is_text=1&is_pic=1&key_word=&start_time=2015-12-25&end_time=2016-06-02&is_search=1&is_searchadv=1&count=15&pagebar=1&_k=&pre_page=0&end_id=&_rnd=&_t=0&max_id=&page=1&uid=2728266823> (referer: http://weibo.com/donggebyr?is_ori=1&is_forward=1&is_text=1&is_pic=1&key_word=&start_time=2015-12-25&end_time=2016-06-02&is_search=1&is_searchadv=1&count=15&pagebar=1&_k=&pre_page=1&end_id=&_rnd=&_t=0&max_id=&page=1&uid=2728266823)
2016-06-02 16:13:39 [scrapy] WARNING: Dropped: Item contains no images
{'atuser_nickname_list': [[],
                          [],
                          [],
                          [],
                          [],
                          ['\xe6\xbb\xb4\xe6\xbb\xb4\xe5\x87\xba\xe8\xa1\x8c'],
                          [],
                          ['\xe5\x85\x89\xe4\xb8\x8e\xe9\xbb\x91\xe6\xb4\x9e']],
 'comment_nums': [0, 0, 0, '1', 0, 0, 0, 0],
 'content': [u'\u611f\u52a8[\u6cea]',
             '\xe5\xbe\x80\xe4\xba\x8b\xe6\xb7\xa1\xe5\xa6\x82\xe7\x83\x9f\xef\xbc\x8c\xe9\x9a\x8f\xe6\xb3\xa2\xe9\x83\xbd\xe9\xa3\x98\xe6\x95\xa3\xef\xbc\x8c\xe6\xb8\xba\xe6\xb8\xba\xe4\xb8\x8d\xe5\x8f\xaf\xe8\xa7\x81\xef\xbc\x8c\xe6\x80\x85\xe6\x80\x85\xe6\x9d\xa5\xe6\x80\x80\xe5\xbf\xb5\xe6\x88\x91\xe6\xad\xa3\xe5\x9c\xa8\xe4\xbd\xbf\xe7\x94\xa8"\xe5\xbe\x80\xe4\xba\x8b\xe5\xa6\x82\xe7\x83\x9f"\xe5\xb0\x81\xe9\x9d\xa2\xe5\x9b\xbe\xef\xbc\x8c\xe4\xbd\xa0\xe4\xb9\x9f\xe6\x9d\xa5\xe8\xaf\x95\xe8\xaf\x95\xe5\x90\xa7\xe3\x80\x82',
             'Repost',
             u'\u4e24\u4e2aSiri\u98d9\u4e2d\u6587[\u7b11cry][\u7b11cry]',
             'Repost',
             '\xe4\xb8\x80\xe4\xb8\x8d\xe5\xb0\x8f\xe5\xbf\x83\xe5\x8f\x88\xe4\xb8\xad\xe5\xa5\x96\xe4\xba\x86\xef\xbc\x81(\xe2\x89\x96 \xe2\x80\xbf \xe2\x89\x96)\xe2\x9c\xa7\xe6\x88\x91\xe5\x9c\xa8\xe7\x82\xab\xe8\x88\x9e\xe8\x80\x81\xe5\xbc\xa0 \xe7\x9a\x84\xe7\xba\xa2\xe5\x8c\x85\xe4\xb8\xad\xe6\x8a\xbd\xe5\x88\xb0\xe4\xba\x86\xe6\x8f\x90\xe4\xbe\x9b\xe7\x9a\x84\xe2\x80\x9c\xe6\xbb\xb4\xe6\xbb\xb4\xe7\x99\xbe\xe5\x85\x83\xe7\xa4\xbc\xe5\x8c\x85\xe2\x80\x9d\xef\xbc\x8c\xe5\xa5\xbd\xe5\xae\x9e\xe5\x9c\xa8\xe7\x9a\x84\xe7\xa4\xbc\xe7\x89\xa9\xef\xbc\x8c\xe8\xae\xa9\xe5\xae\x9d\xe5\xae\x9d\xe5\xbf\x83\xe6\x83\x85\xe7\xbe\x8e\xe4\xb8\xbd\xe4\xb8\x80\xe6\x95\xb4\xe5\xa4\xa9\xef\xbd\x9e',
             u'\u8c01\u662f\u6740\u4eba\u51f6\u624b[\u7b11cry]',
             ''],
 'like_nums': ['1', 0, '2', '1', 0, 0, '1', 0],
 'repost_nums': [0, 0, 0, '1', '1', 0, 0, 0],
 'repost_user': [u'\u5996\u5996\u5c0f\u7cbe',
                 '',
                 u'\u4e50\u89c6\u7bee\u7403',
                 u'\u65b0\u6d6a\u79d1\u6280',
                 u'\u5386\u53f2\u89e3\u5bc6\u7f51\u7ad9',
                 '',
                 u'\u4e4c\u9f9f\u5403\u9cd6MgH',
                 u'\u5fae\u8f6f\u4e2d\u56fdMSDN'],
 'time': ['2016-05-17 11:01',
          '2016-05-03 16:16',
          '2016-02-21 22:57',
          '2016-02-08 17:46',
          '2016-02-06 18:23',
          '2016-02-01 21:27',
          '2016-01-21 19:17',
          '2016-01-21 11:03'],
 'timestamp': ['1463454099000',
               '1462263370000',
               '1456066660000',
               '1454924782000',
               '1454754237000',
               '1454333249000',
               '1453375055000',
               '1453345418000'],
 'uid': '2728266823'}
2016-06-02 16:13:51 [scrapy] DEBUG: Crawled (200) <GET http://weibo.com/donggebyr?is_ori=1&is_forward=1&is_text=1&is_pic=1&key_word=&start_time=2015-12-25&end_time=2016-06-02&is_search=1&is_searchadv=1&count=15&pagebar=0&_k=&pre_page=1&end_id=&_rnd=&_t=0&max_id=&page=1&uid=2728266823> (referer: http://weibo.com/donggebyr?is_ori=1&is_forward=1&is_text=1&is_pic=1&key_word=&start_time=2015-12-25&end_time=2016-06-02&is_search=1&is_searchadv=1&count=15&pagebar=1&_k=&pre_page=1&end_id=&_rnd=&_t=0&max_id=&page=1&uid=2728266823)
2016-06-02 16:13:51 [analyzers.weibocontent_analyzer] WARNING: no matched weibo_relative_args!!
2016-06-02 16:13:51 [scrapy] WARNING: Dropped: Item contains no images
{'atuser_nickname_list': [],
 'comment_nums': [],
 'content': [],
 'like_nums': [],
 'repost_nums': [],
 'repost_user': [],
 'time': [],
 'timestamp': [],
 'uid': '2728266823'}
2016-06-02 16:14:02 [scrapy] DEBUG: Crawled (200) <GET http://weibo.com/p/1005052728266823/info?mod=pedit_more> (referer: http://weibo.com/donggebyr?is_ori=1&is_forward=1&is_text=1&is_pic=1&key_word=&start_time=2015-12-25&end_time=2016-06-02&is_search=1&is_searchadv=1&count=15&pagebar=1&_k=&pre_page=0&end_id=&_rnd=&_t=0&max_id=&page=1&uid=2728266823)
2016-06-02 16:14:02 [scrapy] DEBUG: File (uptodate): Downloaded image from <GET http://tva3.sinaimg.cn/crop.0.0.512.512.180/a29e0c47jw8eaywu671vzj20e80e8jrt.jpg?uid=2728266823> referred in <None>
2016-06-02 16:14:02 [scrapy] DEBUG: Scraped from <200 http://weibo.com/p/1005052728266823/info?mod=pedit_more>
{'image_urls': 'http://tva3.sinaimg.cn/crop.0.0.512.512.180/a29e0c47jw8eaywu671vzj20e80e8jrt.jpg?uid=2728266823',
 'uid': '2728266823',
 'userinfo': {'follow_num': '1410',
              'follower_num': '601',
              u'\u4e2a\u6027\u57df\u540d\uff1a': 'http://weibo.com/donggebyr',
              u'\u535a\u5ba2\uff1a': '',
              u'\u6027\u522b\uff1a': u'\u7537',
              u'\u6027\u53d6\u5411\uff1a': u'\u5f02\u6027\u604b',
              u'\u611f\u60c5\u72b6\u51b5\uff1a': u'\u5355\u8eab',
              u'\u6240\u5728\u5730\uff1a': u'\u5317\u4eac \u77f3\u666f\u5c71\u533a',
              u'\u6635\u79f0\uff1a': u'\u4e1c\u54e5byr',
              u'\u6ce8\u518c\u65f6\u95f4\uff1a': '2012-04-20',
              u'\u751f\u65e5\uff1a': u'1991\u5e7410\u67087\u65e5',
              u'\u7b80\u4ecb\uff1a': u'A man with talent\u2026',
              u'\u8840\u578b\uff1a': 'O'}}
2016-06-02 16:14:16 [scrapy] DEBUG: Crawled (200) <GET http://weibo.com/aj/v6/user/newcard?ajwvr=6&name=%E5%85%89%E4%B8%8E%E9%BB%91%E6%B4%9E&type=1> (referer: http://weibo.com/donggebyr?is_ori=1&is_forward=1&is_text=1&is_pic=1&key_word=&start_time=2015-12-25&end_time=2016-06-02&is_search=1&is_searchadv=1&count=15&pagebar=1&_k=&pre_page=0&end_id=&_rnd=&_t=0&max_id=&page=1&uid=2728266823)
2016-06-02 16:14:24 [scrapy] INFO: Crawled 6 pages (at 4 pages/min), scraped 1 items (at 1 items/min)
2016-06-02 16:14:30 [scrapy] DEBUG: Crawled (200) <GET http://weibo.com/aj/v6/user/newcard?ajwvr=6&name=%E6%BB%B4%E6%BB%B4%E5%87%BA%E8%A1%8C&type=1> (referer: http://weibo.com/donggebyr?is_ori=1&is_forward=1&is_text=1&is_pic=1&key_word=&start_time=2015-12-25&end_time=2016-06-02&is_search=1&is_searchadv=1&count=15&pagebar=1&_k=&pre_page=0&end_id=&_rnd=&_t=0&max_id=&page=1&uid=2728266823)
2016-06-02 16:14:30 [weibospider.spiders.cauc_friendcircle_userinfo] WARNING: no right uid found for alias!
2016-06-02 16:14:42 [scrapy] DEBUG: Crawled (200) <GET http://weibo.com/p/1005055643685253/info?mod=pedit_more> (referer: http://weibo.com/aj/v6/user/newcard?ajwvr=6&name=%E5%85%89%E4%B8%8E%E9%BB%91%E6%B4%9E&type=1)
2016-06-02 16:14:43 [scrapy] DEBUG: File (uptodate): Downloaded image from <GET http://tva1.sinaimg.cn/crop.38.0.295.295.180/0069Wklvjw8etr8rik24bj30b408caa3.jpg?uid=5643685253> referred in <None>
2016-06-02 16:14:43 [scrapy] DEBUG: Scraped from <200 http://weibo.com/p/1005055643685253/info?mod=pedit_more>
{'atuser_userinfo': {'follow_num': '83',
                     'follower_num': '17',
                     u'\u4e2a\u6027\u57df\u540d\uff1a': '',
                     u'\u535a\u5ba2\uff1a': '',
                     u'\u6027\u522b\uff1a': u'\u7537',
                     u'\u6240\u5728\u5730\uff1a': u'\u5317\u4eac \u4e1c\u57ce\u533a',
                     u'\u6635\u79f0\uff1a': u'\u5149\u4e0e\u9ed1\u6d1e',
                     u'\u6ce8\u518c\u65f6\u95f4\uff1a': '2015-06-30',
                     u'\u751f\u65e5\uff1a': u'1993\u5e749\u67085\u65e5',
                     u'\u7b80\u4ecb\uff1a': u'\u7537\u513f\u884c\u5904\u662f\uff0c\u672a\u8981\u8bba\u7a77\u901a\u3002'},
 'image_urls': 'http://tva1.sinaimg.cn/crop.38.0.295.295.180/0069Wklvjw8etr8rik24bj30b408caa3.jpg?uid=5643685253',
 'uid': 5643685253,
 'userinfo': {'follow_num': '83',
              'follower_num': '17',
              u'\u4e2a\u6027\u57df\u540d\uff1a': '',
              u'\u535a\u5ba2\uff1a': '',
              u'\u6027\u522b\uff1a': u'\u7537',
              u'\u6240\u5728\u5730\uff1a': u'\u5317\u4eac \u4e1c\u57ce\u533a',
              u'\u6635\u79f0\uff1a': u'\u5149\u4e0e\u9ed1\u6d1e',
              u'\u6ce8\u518c\u65f6\u95f4\uff1a': '2015-06-30',
              u'\u751f\u65e5\uff1a': u'1993\u5e749\u67085\u65e5',
              u'\u7b80\u4ecb\uff1a': u'\u7537\u513f\u884c\u5904\u662f\uff0c\u672a\u8981\u8bba\u7a77\u901a\u3002'}}
2016-06-02 16:14:43 [scrapy] INFO: Closing spider (finished)
2016-06-02 16:14:43 [scrapy] INFO: Stored jsonlines feed (2 items) in: file:///home/hadoop_user/scrapy-weibospider-mysql/items/weibospider/cauc_friendcircle_userinfo/bab2dd2e289911e6b55f000c29c4bf4d.jl
2016-06-02 16:14:43 [scrapy] INFO: Dumping Scrapy stats:
{'downloader/request_bytes': 21793,
 'downloader/request_count': 12,
 'downloader/request_method_count/GET': 12,
 'downloader/response_bytes': 116228,
 'downloader/response_count': 12,
 'downloader/response_status_count/200': 8,
 'downloader/response_status_count/302': 4,
 'dupefilter/filtered': 1,
 'file_count': 2,
 'file_status_count/uptodate': 2,
 'finish_reason': 'finished',
 'finish_time': datetime.datetime(2016, 6, 2, 8, 14, 43, 173999),
 'item_dropped_count': 2,
 'item_dropped_reasons_count/DropItem': 2,
 'item_scraped_count': 2,
 'log_count/DEBUG': 18,
 'log_count/INFO': 17,
 'log_count/WARNING': 5,
 'request_depth_max': 4,
 'response_received_count': 8,
 'scheduler/dequeued': 12,
 'scheduler/dequeued/memory': 12,
 'scheduler/enqueued': 12,
 'scheduler/enqueued/memory': 12,
 'start_time': datetime.datetime(2016, 6, 2, 8, 12, 24, 494338)}
2016-06-02 16:14:43 [scrapy] INFO: Spider closed (finished)
