2016-05-24 21:33:19 [scrapy] INFO: Scrapy 1.0.3 started (bot: weibospider)
2016-05-24 21:33:19 [scrapy] INFO: Optional features available: ssl, http11
2016-05-24 21:33:19 [scrapy] INFO: Overridden settings: {'NEWSPIDER_MODULE': 'weibospider.spiders', 'FEED_URI': 'file:///home/hadoop_user/scrapy-weibospider-mysql/items/weibospider/cauc_warningman_weibo/0e8f5e5a21b411e6b55f000c29c4bf4d.jl', 'SPIDER_MODULES': ['weibospider.spiders'], 'BOT_NAME': 'weibospider', 'LOG_FILE': 'logs/weibospider/cauc_warningman_weibo/0e8f5e5a21b411e6b55f000c29c4bf4d.log', 'DOWNLOAD_DELAY': 10}
2016-05-24 21:33:19 [scrapy] INFO: Enabled extensions: CloseSpider, FeedExporter, TelnetConsole, LogStats, CoreStats, SpiderState
2016-05-24 21:33:19 [scrapy] INFO: Enabled downloader middlewares: RotateUserAgent, HttpAuthMiddleware, DownloadTimeoutMiddleware, UserAgentMiddleware, RetryMiddleware, DefaultHeadersMiddleware, MetaRefreshMiddleware, HttpCompressionMiddleware, RedirectMiddleware, CookiesMiddleware, ChunkedTransferMiddleware, DownloaderStats
2016-05-24 21:33:19 [scrapy] INFO: Enabled spider middlewares: HttpErrorMiddleware, OffsiteMiddleware, RefererMiddleware, UrlLengthMiddleware, DepthMiddleware
2016-05-24 21:33:19 [scrapy] INFO: Enabled item pipelines: WeibospiderPipeline, UserImagesPipeline
2016-05-24 21:33:19 [scrapy] INFO: Spider opened
2016-05-24 21:33:19 [scrapy] INFO: Crawled 0 pages (at 0 pages/min), scraped 0 items (at 0 items/min)
2016-05-24 21:33:19 [scrapy] DEBUG: Telnet console listening on 127.0.0.1:6024
2016-05-24 21:33:20 [scrapy] DEBUG: Redirecting (302) to <GET https://passport.weibo.com/visitor/visitor?entry=miniblog&a=enter&url=http%3A%2F%2Fweibo.com%2F&domain=.weibo.com&ua=php-sso_sdk_client-0.6.14&_rand=1464096861.6271> from <GET http://weibo.com>
2016-05-24 21:33:35 [scrapy] DEBUG: Crawled (200) <GET https://passport.weibo.com/visitor/visitor?entry=miniblog&a=enter&url=http%3A%2F%2Fweibo.com%2F&domain=.weibo.com&ua=php-sso_sdk_client-0.6.14&_rand=1464096861.6271> (referer: None)
2016-05-24 21:33:35 [weibospider.spiders.cauc_warningman_weibo] INFO: response succeed!!
2016-05-24 21:33:35 [datamysql] INFO: mysql_connectinon success!!
2016-05-24 21:33:35 [datamysql] INFO: select_operation success!!
2016-05-24 21:33:35 [datamysql] INFO: select_operation success!!
2016-05-24 21:33:35 [weibospider.spiders.cauc_warningman_weibo] INFO: this is the searched user_id:2728266823
2016-05-24 21:33:35 [weibospider.spiders.cauc_warningman_weibo] INFO: this is the searched user_id:5589322664
2016-05-24 21:33:35 [datamysql] INFO: update_operation success!!
2016-05-24 21:33:35 [datamysql] INFO: mysql_connection close!!
2016-05-24 21:33:49 [scrapy] DEBUG: Redirecting (302) to <GET http://weibo.com/donggebyr?is_ori=1&is_forward=1&is_text=1&is_pic=1&key_word=&start_time=2016-05-23&end_time=2016-05-24&is_search=1&is_searchadv=1&count=15&pagebar=1&_k=&pre_page=1&end_id=&_rnd=&_t=0&max_id=&page=1&uid=2728266823> from <GET http://weibo.com/2728266823?is_ori=1&is_forward=1&is_text=1&is_pic=1&key_word=&start_time=2016-05-23&end_time=2016-05-24&is_search=1&is_searchadv=1&count=15&pagebar=1&_k=&pre_page=1&end_id=&_rnd=&_t=0&max_id=&page=1&uid=2728266823>
2016-05-24 21:33:58 [scrapy] DEBUG: Redirecting (302) to <GET http://weibo.com/u/5589322664?is_ori=1&is_forward=1&is_text=1&is_pic=1&key_word=&start_time=2016-05-23&end_time=2016-05-24&is_search=1&is_searchadv=1&count=15&pagebar=1&_k=&pre_page=1&end_id=&_rnd=&_t=0&max_id=&page=1&uid=5589322664> from <GET http://weibo.com/5589322664?is_ori=1&is_forward=1&is_text=1&is_pic=1&key_word=&start_time=2016-05-23&end_time=2016-05-24&is_search=1&is_searchadv=1&count=15&pagebar=1&_k=&pre_page=1&end_id=&_rnd=&_t=0&max_id=&page=1&uid=5589322664>
2016-05-24 21:34:12 [scrapy] DEBUG: Crawled (200) <GET http://weibo.com/donggebyr?is_ori=1&is_forward=1&is_text=1&is_pic=1&key_word=&start_time=2016-05-23&end_time=2016-05-24&is_search=1&is_searchadv=1&count=15&pagebar=1&_k=&pre_page=1&end_id=&_rnd=&_t=0&max_id=&page=1&uid=2728266823> (referer: https://passport.weibo.com/visitor/visitor?entry=miniblog&a=enter&url=http%3A%2F%2Fweibo.com%2F&domain=.weibo.com&ua=php-sso_sdk_client-0.6.14&_rand=1464096861.6271)
2016-05-24 21:34:12 [weibospider.spiders.cauc_warningman_weibo] INFO: response succeed!!
2016-05-24 21:34:12 [analyzer] WARNING: no matched html with condition: script:contains("W_pages")!!
2016-05-24 21:34:12 [weibospider.spiders.cauc_warningman_weibo] INFO: the total_pages is: 1
2016-05-24 21:34:12 [scrapy] DEBUG: Filtered duplicate request: <GET http://weibo.com/2728266823?is_ori=1&is_forward=1&is_text=1&is_pic=1&key_word=&start_time=2016-05-23&end_time=2016-05-24&is_search=1&is_searchadv=1&count=15&pagebar=1&_k=&pre_page=1&end_id=&_rnd=&_t=0&max_id=&page=1&uid=2728266823> - no more duplicates will be shown (see DUPEFILTER_DEBUG to show all duplicates)
2016-05-24 21:34:19 [scrapy] INFO: Crawled 2 pages (at 2 pages/min), scraped 0 items (at 0 items/min)
2016-05-24 21:34:23 [scrapy] DEBUG: Crawled (200) <GET http://weibo.com/u/5589322664?is_ori=1&is_forward=1&is_text=1&is_pic=1&key_word=&start_time=2016-05-23&end_time=2016-05-24&is_search=1&is_searchadv=1&count=15&pagebar=1&_k=&pre_page=1&end_id=&_rnd=&_t=0&max_id=&page=1&uid=5589322664> (referer: https://passport.weibo.com/visitor/visitor?entry=miniblog&a=enter&url=http%3A%2F%2Fweibo.com%2F&domain=.weibo.com&ua=php-sso_sdk_client-0.6.14&_rand=1464096861.6271)
2016-05-24 21:34:24 [weibospider.spiders.cauc_warningman_weibo] INFO: response succeed!!
2016-05-24 21:34:24 [analyzer] WARNING: no matched html with condition: script:contains("W_pages")!!
2016-05-24 21:34:24 [weibospider.spiders.cauc_warningman_weibo] INFO: the total_pages is: 1
2016-05-24 21:34:35 [scrapy] DEBUG: Redirecting (302) to <GET http://weibo.com/donggebyr?is_ori=1&is_forward=1&is_text=1&is_pic=1&key_word=&start_time=2016-05-23&end_time=2016-05-24&is_search=1&is_searchadv=1&count=15&pagebar=0&_k=&pre_page=1&end_id=&_rnd=&_t=0&max_id=&page=1&uid=2728266823> from <GET http://weibo.com/2728266823?is_ori=1&is_forward=1&is_text=1&is_pic=1&key_word=&start_time=2016-05-23&end_time=2016-05-24&is_search=1&is_searchadv=1&count=15&pagebar=0&_k=&pre_page=1&end_id=&_rnd=&_t=0&max_id=&page=1&uid=2728266823>
2016-05-24 21:34:45 [scrapy] DEBUG: Redirecting (302) to <GET http://weibo.com/donggebyr?is_ori=1&is_forward=1&is_text=1&is_pic=1&key_word=&start_time=2016-05-23&end_time=2016-05-24&is_search=1&is_searchadv=1&count=15&pagebar=1&_k=&pre_page=0&end_id=&_rnd=&_t=0&max_id=&page=1&uid=2728266823> from <GET http://weibo.com/2728266823?is_ori=1&is_forward=1&is_text=1&is_pic=1&key_word=&start_time=2016-05-23&end_time=2016-05-24&is_search=1&is_searchadv=1&count=15&pagebar=1&_k=&pre_page=0&end_id=&_rnd=&_t=0&max_id=&page=1&uid=2728266823>
2016-05-24 21:34:56 [scrapy] DEBUG: Redirecting (302) to <GET http://weibo.com/u/5589322664?is_ori=1&is_forward=1&is_text=1&is_pic=1&key_word=&start_time=2016-05-23&end_time=2016-05-24&is_search=1&is_searchadv=1&count=15&pagebar=0&_k=&pre_page=1&end_id=&_rnd=&_t=0&max_id=&page=1&uid=5589322664> from <GET http://weibo.com/5589322664?is_ori=1&is_forward=1&is_text=1&is_pic=1&key_word=&start_time=2016-05-23&end_time=2016-05-24&is_search=1&is_searchadv=1&count=15&pagebar=0&_k=&pre_page=1&end_id=&_rnd=&_t=0&max_id=&page=1&uid=5589322664>
2016-05-24 21:35:11 [scrapy] DEBUG: Redirecting (302) to <GET http://weibo.com/u/5589322664?is_ori=1&is_forward=1&is_text=1&is_pic=1&key_word=&start_time=2016-05-23&end_time=2016-05-24&is_search=1&is_searchadv=1&count=15&pagebar=1&_k=&pre_page=0&end_id=&_rnd=&_t=0&max_id=&page=1&uid=5589322664> from <GET http://weibo.com/5589322664?is_ori=1&is_forward=1&is_text=1&is_pic=1&key_word=&start_time=2016-05-23&end_time=2016-05-24&is_search=1&is_searchadv=1&count=15&pagebar=1&_k=&pre_page=0&end_id=&_rnd=&_t=0&max_id=&page=1&uid=5589322664>
2016-05-24 21:35:19 [scrapy] INFO: Crawled 3 pages (at 1 pages/min), scraped 0 items (at 0 items/min)
2016-05-24 21:35:21 [scrapy] DEBUG: Crawled (200) <GET http://weibo.com/donggebyr?is_ori=1&is_forward=1&is_text=1&is_pic=1&key_word=&start_time=2016-05-23&end_time=2016-05-24&is_search=1&is_searchadv=1&count=15&pagebar=0&_k=&pre_page=1&end_id=&_rnd=&_t=0&max_id=&page=1&uid=2728266823> (referer: http://weibo.com/donggebyr?is_ori=1&is_forward=1&is_text=1&is_pic=1&key_word=&start_time=2016-05-23&end_time=2016-05-24&is_search=1&is_searchadv=1&count=15&pagebar=1&_k=&pre_page=1&end_id=&_rnd=&_t=0&max_id=&page=1&uid=2728266823)
2016-05-24 21:35:21 [weibospider.spiders.cauc_warningman_weibo] INFO: response succeed!!
2016-05-24 21:35:21 [analyzers.weibocontent_analyzer] WARNING: no matched weibo_relative_args!!
2016-05-24 21:35:21 [scrapy] WARNING: Dropped: Item contains no images
{'comment_nums': [],
 'content': [],
 'like_nums': [],
 'repost_nums': [],
 'time': [],
 'timestamp': [],
 'uid': '2728266823'}
2016-05-24 21:35:35 [scrapy] DEBUG: Crawled (200) <GET http://weibo.com/donggebyr?is_ori=1&is_forward=1&is_text=1&is_pic=1&key_word=&start_time=2016-05-23&end_time=2016-05-24&is_search=1&is_searchadv=1&count=15&pagebar=1&_k=&pre_page=0&end_id=&_rnd=&_t=0&max_id=&page=1&uid=2728266823> (referer: http://weibo.com/donggebyr?is_ori=1&is_forward=1&is_text=1&is_pic=1&key_word=&start_time=2016-05-23&end_time=2016-05-24&is_search=1&is_searchadv=1&count=15&pagebar=1&_k=&pre_page=1&end_id=&_rnd=&_t=0&max_id=&page=1&uid=2728266823)
2016-05-24 21:35:35 [weibospider.spiders.cauc_warningman_weibo] INFO: response succeed!!
2016-05-24 21:35:35 [analyzers.weibocontent_analyzer] WARNING: no matched weibo_relative_args!!
2016-05-24 21:35:35 [scrapy] WARNING: Dropped: Item contains no images
{'comment_nums': [],
 'content': [],
 'like_nums': [],
 'repost_nums': [],
 'time': [],
 'timestamp': [],
 'uid': '2728266823'}
2016-05-24 21:35:44 [scrapy] DEBUG: Crawled (200) <GET http://weibo.com/u/5589322664?is_ori=1&is_forward=1&is_text=1&is_pic=1&key_word=&start_time=2016-05-23&end_time=2016-05-24&is_search=1&is_searchadv=1&count=15&pagebar=0&_k=&pre_page=1&end_id=&_rnd=&_t=0&max_id=&page=1&uid=5589322664> (referer: http://weibo.com/u/5589322664?is_ori=1&is_forward=1&is_text=1&is_pic=1&key_word=&start_time=2016-05-23&end_time=2016-05-24&is_search=1&is_searchadv=1&count=15&pagebar=1&_k=&pre_page=1&end_id=&_rnd=&_t=0&max_id=&page=1&uid=5589322664)
2016-05-24 21:35:44 [weibospider.spiders.cauc_warningman_weibo] INFO: response succeed!!
2016-05-24 21:35:44 [analyzers.weibocontent_analyzer] WARNING: no matched weibo_relative_args!!
2016-05-24 21:35:44 [scrapy] WARNING: Dropped: Item contains no images
{'comment_nums': [],
 'content': [],
 'like_nums': [],
 'repost_nums': [],
 'time': [],
 'timestamp': [],
 'uid': '5589322664'}
2016-05-24 21:35:59 [scrapy] DEBUG: Crawled (200) <GET http://weibo.com/u/5589322664?is_ori=1&is_forward=1&is_text=1&is_pic=1&key_word=&start_time=2016-05-23&end_time=2016-05-24&is_search=1&is_searchadv=1&count=15&pagebar=1&_k=&pre_page=0&end_id=&_rnd=&_t=0&max_id=&page=1&uid=5589322664> (referer: http://weibo.com/u/5589322664?is_ori=1&is_forward=1&is_text=1&is_pic=1&key_word=&start_time=2016-05-23&end_time=2016-05-24&is_search=1&is_searchadv=1&count=15&pagebar=1&_k=&pre_page=1&end_id=&_rnd=&_t=0&max_id=&page=1&uid=5589322664)
2016-05-24 21:35:59 [weibospider.spiders.cauc_warningman_weibo] INFO: response succeed!!
2016-05-24 21:35:59 [analyzers.weibocontent_analyzer] WARNING: no matched weibo_relative_args!!
2016-05-24 21:35:59 [scrapy] WARNING: Dropped: Item contains no images
{'comment_nums': [],
 'content': [],
 'like_nums': [],
 'repost_nums': [],
 'time': [],
 'timestamp': [],
 'uid': '5589322664'}
2016-05-24 21:35:59 [scrapy] INFO: Closing spider (finished)
2016-05-24 21:35:59 [scrapy] INFO: Dumping Scrapy stats:
{'downloader/request_bytes': 24323,
 'downloader/request_count': 14,
 'downloader/request_method_count/GET': 14,
 'downloader/response_bytes': 123103,
 'downloader/response_count': 14,
 'downloader/response_status_count/200': 7,
 'downloader/response_status_count/302': 7,
 'dupefilter/filtered': 2,
 'finish_reason': 'finished',
 'finish_time': datetime.datetime(2016, 5, 24, 13, 35, 59, 829412),
 'item_dropped_count': 4,
 'item_dropped_reasons_count/DropItem': 4,
 'log_count/DEBUG': 16,
 'log_count/INFO': 25,
 'log_count/WARNING': 10,
 'request_depth_max': 2,
 'response_received_count': 7,
 'scheduler/dequeued': 14,
 'scheduler/dequeued/memory': 14,
 'scheduler/enqueued': 14,
 'scheduler/enqueued/memory': 14,
 'start_time': datetime.datetime(2016, 5, 24, 13, 33, 19, 824657)}
2016-05-24 21:35:59 [scrapy] INFO: Spider closed (finished)
