2016-05-27 14:37:59 [scrapy] INFO: Scrapy 1.0.3 started (bot: weibospider)
2016-05-27 14:37:59 [scrapy] INFO: Optional features available: ssl, http11
2016-05-27 14:37:59 [scrapy] INFO: Overridden settings: {'NEWSPIDER_MODULE': 'weibospider.spiders', 'FEED_URI': 'file:///home/hadoop_user/scrapy-weibospider-mysql/items/weibospider/cauc_warningman_weibo/8a749fe423d511e6b55f000c29c4bf4d.jl', 'SPIDER_MODULES': ['weibospider.spiders'], 'RETRY_HTTP_CODES': [400, 403, 408, 500, 502, 503, 504], 'BOT_NAME': 'weibospider', 'LOG_FILE': 'logs/weibospider/cauc_warningman_weibo/8a749fe423d511e6b55f000c29c4bf4d.log', 'DOWNLOAD_DELAY': 10}
2016-05-27 14:37:59 [scrapy] INFO: Enabled extensions: CloseSpider, FeedExporter, TelnetConsole, LogStats, CoreStats, SpiderState
2016-05-27 14:37:59 [scrapy] INFO: Enabled downloader middlewares: RotateUserAgent, HttpAuthMiddleware, DownloadTimeoutMiddleware, UserAgentMiddleware, RetryMiddleware, DefaultHeadersMiddleware, MetaRefreshMiddleware, HttpCompressionMiddleware, RedirectMiddleware, CookiesMiddleware, ChunkedTransferMiddleware, DownloaderStats
2016-05-27 14:37:59 [scrapy] INFO: Enabled spider middlewares: HttpErrorMiddleware, OffsiteMiddleware, RefererMiddleware, UrlLengthMiddleware, DepthMiddleware
2016-05-27 14:37:59 [scrapy] INFO: Enabled item pipelines: WeibospiderPipeline, UserImagesPipeline
2016-05-27 14:37:59 [scrapy] INFO: Spider opened
2016-05-27 14:37:59 [scrapy] INFO: Crawled 0 pages (at 0 pages/min), scraped 0 items (at 0 items/min)
2016-05-27 14:37:59 [scrapy] DEBUG: Telnet console listening on 127.0.0.1:6023
2016-05-27 14:37:59 [scrapy] DEBUG: Redirecting (302) to <GET https://passport.weibo.com/visitor/visitor?entry=miniblog&a=enter&url=http%3A%2F%2Fweibo.com%2F&domain=.weibo.com&ua=php-sso_sdk_client-0.6.14&_rand=1464331146.7953> from <GET http://weibo.com>
2016-05-27 14:38:11 [scrapy] DEBUG: Crawled (200) <GET https://passport.weibo.com/visitor/visitor?entry=miniblog&a=enter&url=http%3A%2F%2Fweibo.com%2F&domain=.weibo.com&ua=php-sso_sdk_client-0.6.14&_rand=1464331146.7953> (referer: None)
2016-05-27 14:38:12 [datamysql] INFO: mysql_connectinon success!!
2016-05-27 14:38:12 [datamysql] INFO: select_operation success!!
2016-05-27 14:38:12 [weibospider.spiders.cauc_warningman_weibo] INFO: this is the unsearched user_id:2728266823
2016-05-27 14:38:12 [scrapy] ERROR: Spider error processing <GET https://passport.weibo.com/visitor/visitor?entry=miniblog&a=enter&url=http%3A%2F%2Fweibo.com%2F&domain=.weibo.com&ua=php-sso_sdk_client-0.6.14&_rand=1464331146.7953> (referer: None)
Traceback (most recent call last):
  File "/usr/local/lib/python2.7/site-packages/scrapy/utils/defer.py", line 102, in iter_errback
    yield next(it)
  File "/usr/local/lib/python2.7/site-packages/scrapy/spidermiddlewares/offsite.py", line 28, in process_spider_output
    for x in result:
  File "/usr/local/lib/python2.7/site-packages/scrapy/spidermiddlewares/referer.py", line 22, in <genexpr>
    return (_set_referer(r) for r in result or ())
  File "/usr/local/lib/python2.7/site-packages/scrapy/spidermiddlewares/urllength.py", line 37, in <genexpr>
    return (r for r in result or () if _filter(r))
  File "/usr/local/lib/python2.7/site-packages/scrapy/spidermiddlewares/depth.py", line 54, in <genexpr>
    return (r for r in result or () if _filter(r))
  File "weibospider/spiders/cauc_warningman_weibo.py", line 64, in start_getweibo_info
    mainpage_url = "http://weibo.com/" + str(user_id) + "?is_ori=1&is_forward=1&is_text=1&is_pic=1&key_word=&start_time=" + start_time + "&end_time=" + end_time + "&is_search=1&is_searchadv=1&"
TypeError: cannot concatenate 'str' and 'NoneType' objects
2016-05-27 14:38:12 [scrapy] INFO: Closing spider (finished)
2016-05-27 14:38:12 [scrapy] INFO: Dumping Scrapy stats:
{'downloader/request_bytes': 830,
 'downloader/request_count': 2,
 'downloader/request_method_count/GET': 2,
 'downloader/response_bytes': 2689,
 'downloader/response_count': 2,
 'downloader/response_status_count/200': 1,
 'downloader/response_status_count/302': 1,
 'finish_reason': 'finished',
 'finish_time': datetime.datetime(2016, 5, 27, 6, 38, 12, 101621),
 'log_count/DEBUG': 3,
 'log_count/ERROR': 1,
 'log_count/INFO': 10,
 'response_received_count': 1,
 'scheduler/dequeued': 2,
 'scheduler/dequeued/memory': 2,
 'scheduler/enqueued': 2,
 'scheduler/enqueued/memory': 2,
 'spider_exceptions/TypeError': 1,
 'start_time': datetime.datetime(2016, 5, 27, 6, 37, 59, 700145)}
2016-05-27 14:38:12 [scrapy] INFO: Spider closed (finished)
