2016-05-27 14:00:14 [scrapy] INFO: Scrapy 1.0.3 started (bot: weibospider)
2016-05-27 14:00:14 [scrapy] INFO: Optional features available: ssl, http11
2016-05-27 14:00:14 [scrapy] INFO: Overridden settings: {'NEWSPIDER_MODULE': 'weibospider.spiders', 'FEED_URI': 'file:///home/hadoop_user/scrapy-weibospider-mysql/items/weibospider/cauc_keyword_info/452e7eaa23d011e6b55f000c29c4bf4d.jl', 'SPIDER_MODULES': ['weibospider.spiders'], 'RETRY_HTTP_CODES': [400, 403, 408, 500, 502, 503, 504], 'BOT_NAME': 'weibospider', 'LOG_FILE': 'logs/weibospider/cauc_keyword_info/452e7eaa23d011e6b55f000c29c4bf4d.log', 'DOWNLOAD_DELAY': 10}
2016-05-27 14:00:14 [scrapy] INFO: Enabled extensions: CloseSpider, FeedExporter, TelnetConsole, LogStats, CoreStats, SpiderState
2016-05-27 14:00:14 [scrapy] INFO: Enabled downloader middlewares: RotateUserAgent, HttpAuthMiddleware, DownloadTimeoutMiddleware, UserAgentMiddleware, RetryMiddleware, DefaultHeadersMiddleware, MetaRefreshMiddleware, HttpCompressionMiddleware, RedirectMiddleware, CookiesMiddleware, ChunkedTransferMiddleware, DownloaderStats
2016-05-27 14:00:14 [scrapy] INFO: Enabled spider middlewares: HttpErrorMiddleware, OffsiteMiddleware, RefererMiddleware, UrlLengthMiddleware, DepthMiddleware
2016-05-27 14:00:15 [scrapy] INFO: Enabled item pipelines: WeibospiderPipeline, UserImagesPipeline
2016-05-27 14:00:15 [scrapy] INFO: Spider opened
2016-05-27 14:00:15 [scrapy] INFO: Crawled 0 pages (at 0 pages/min), scraped 0 items (at 0 items/min)
2016-05-27 14:00:15 [scrapy] DEBUG: Telnet console listening on 127.0.0.1:6023
2016-05-27 14:00:15 [scrapy] DEBUG: Redirecting (302) to <GET https://passport.weibo.com/visitor/visitor?entry=miniblog&a=enter&url=http%3A%2F%2Fweibo.com%2F&domain=.weibo.com&ua=php-sso_sdk_client-0.6.14&_rand=1464328882.1248> from <GET http://weibo.com>
2016-05-27 14:00:29 [scrapy] DEBUG: Crawled (200) <GET https://passport.weibo.com/visitor/visitor?entry=miniblog&a=enter&url=http%3A%2F%2Fweibo.com%2F&domain=.weibo.com&ua=php-sso_sdk_client-0.6.14&_rand=1464328882.1248> (referer: None)
2016-05-27 14:00:29 [datamysql] INFO: mysql_connectinon success!!
2016-05-27 14:00:29 [datamysql] INFO: select_operation success!!
2016-05-27 14:00:29 [weibospider.spiders.cauc_keyword_info] INFO: this is the unsearched keyword:机场 炸弹
2016-05-27 14:00:29 [weibospider.spiders.cauc_keyword_info] INFO: this is the unsearched keyword:翟金顺
2016-05-27 14:00:29 [weibospider.spiders.cauc_keyword_info] INFO: this is the unsearched keyword:飞机 炸弹
2016-05-27 14:00:29 [datamysql] INFO: select_operation success!!
2016-05-27 14:00:29 [datamysql] INFO: update_operation success!!
2016-05-27 14:00:29 [datamysql] INFO: mysql_connection close!!
2016-05-27 14:00:31 [scrapy] DEBUG: Crawled (200) <GET http://s.weibo.com/weibo/%25E6%259C%25BA%25E5%259C%25BA%2520%25E7%2582%25B8%25E5%25BC%25B9&nodup=1&page=> (referer: https://passport.weibo.com/visitor/visitor?entry=miniblog&a=enter&url=http%3A%2F%2Fweibo.com%2F&domain=.weibo.com&ua=php-sso_sdk_client-0.6.14&_rand=1464328882.1248)
2016-05-27 14:00:31 [weibospider.spiders.cauc_keyword_info] INFO: the total_pages is: 50
2016-05-27 14:00:43 [scrapy] DEBUG: Crawled (200) <GET http://s.weibo.com/weibo/%25E9%25A3%259E%25E6%259C%25BA%2520%25E7%2582%25B8%25E5%25BC%25B9&nodup=1&page=> (referer: https://passport.weibo.com/visitor/visitor?entry=miniblog&a=enter&url=http%3A%2F%2Fweibo.com%2F&domain=.weibo.com&ua=php-sso_sdk_client-0.6.14&_rand=1464328882.1248)
2016-05-27 14:00:43 [weibospider.spiders.cauc_keyword_info] INFO: the total_pages is: 50
2016-05-27 14:00:53 [scrapy] DEBUG: Crawled (200) <GET http://s.weibo.com/weibo/%25E7%25BF%259F%25E9%2587%2591%25E9%25A1%25BA&nodup=1&page=> (referer: https://passport.weibo.com/visitor/visitor?entry=miniblog&a=enter&url=http%3A%2F%2Fweibo.com%2F&domain=.weibo.com&ua=php-sso_sdk_client-0.6.14&_rand=1464328882.1248)
2016-05-27 14:00:53 [weibospider.spiders.cauc_keyword_info] INFO: the total_pages is: 6
2016-05-27 14:01:05 [scrapy] DEBUG: Crawled (200) <GET http://s.weibo.com/weibo/%25E6%259C%25BA%25E5%259C%25BA%2520%25E7%2582%25B8%25E5%25BC%25B9&nodup=1&page=1> (referer: http://s.weibo.com/weibo/%25E6%259C%25BA%25E5%259C%25BA%2520%25E7%2582%25B8%25E5%25BC%25B9&nodup=1&page=)
2016-05-27 14:01:05 [analyzers.keyword_info_analyzer] INFO:  该账号为企业认证账号company_approve!!
2016-05-27 14:01:05 [analyzers.keyword_info_analyzer] INFO:  该账号为企业认证账号company_approve!!
2016-05-27 14:01:05 [analyzers.keyword_info_analyzer] INFO:  该账号为企业认证账号company_approve!!
2016-05-27 14:01:05 [analyzers.keyword_info_analyzer] INFO:  该账号为企业认证账号company_approve!!
2016-05-27 14:01:05 [analyzers.keyword_info_analyzer] INFO:  该账号为企业认证账号company_approve!!
2016-05-27 14:01:05 [scrapy] WARNING: Dropped: Item contains no images
{'keyword': '\xe6\x9c\xba\xe5\x9c\xba \xe7\x82\xb8\xe5\xbc\xb9',
 'keyword_alias': [u'\u5411\u4e95\u5462\u9e23',
                   u'\u68ee\u6751\u7fa4\u5382',
                   u'\u7434\u517d\u54c8\u54c8',
                   u'\u9178\u751cMilk0',
                   u'\u6885\u5c71\u4e00\u7b11',
                   u'\u6c83\u83ca\u4f20',
                   u'Oleg\u7684\u5929\u7a7a',
                   u'\u767d\u7f8a\u5ea7\u7684\u5403\u7389\u7c73\u7c92\u7684\u5c0f\u80d6\u5b50',
                   u'\u4f9d\u7c73\u82b1Moiely',
                   'Rikkib',
                   u'\u7f8e\u4e3d\u76f8\u9047\u7684\u5c0f\u5c4b',
                   u'\u51ac\u65e5\u997a\u5b50\u6cc9',
                   u'\u517b\u732a\u5927\u6237\u9706\u54e5\u7684\u8001\u5a46',
                   u'\u738b\u5927\u529bCC',
                   u'\u706b\u708e\u7131D\u8001\u91ce'],
 'keyword_content': [u'\u3002Falcon\u5728\u65e7\u91d1\u5c71 \u673a\u573a \u51c6\u5907\u767b\u8bb0\u65f6\u88ab\u6000\u7591\u85cf\u6709 \u70b8\u5f39 \uff0c\u641c\u8eab\u540e\u8bc1\u5b9e\u5b9e\u4e3aFalcon\u7684\u4e0b\u4f53',
                     u'\u3002Falcon\u5728\u65e7\u91d1\u5c71 \u673a\u573a \u51c6\u5907\u767b\u8bb0\u65f6\u88ab\u6000\u7591\u85cf\u6709 \u70b8\u5f39 \uff0c\u641c\u8eab\u540e\u8bc1\u5b9e\u5b9e\u4e3aFalcon\u7684\u4e0b\u4f53',
                     u'\u81ea1999\u5e74HBO\u7eaa\u5f55\u7247\u62a5\u9053\u4ee5\u6765\uff0c\u7f8e\u56fd\u4ebaJonah Falcon\u4fbf\u4ee5\u5176\u201c\u4e16\u754c\u6700\u957f\u9634 \u830e\u201d\u95fb\u540d\u5168\u7403\u3002Falcon\u5728\u65e7\u91d1\u5c71 \u673a\u573a \u51c6\u5907\u767b\u8bb0\u65f6\u88ab\u6000\u7591\u85cf\u6709 \u70b8\u5f39 \uff0c\u641c\u8eab\u540e\u8bc1\u5b9e\u5b9e\u4e3aFalcon\u7684\u4e0b\u4f53',
                     u'\u3002Falcon\u5728\u65e7\u91d1\u5c71 \u673a\u573a \u51c6\u5907\u767b\u8bb0\u65f6\u88ab\u6000\u7591\u85cf\u6709 \u70b8\u5f39 \uff0c\u641c\u8eab\u540e\u8bc1\u5b9e\u5b9e\u4e3aFalcon\u7684\u4e0b\u4f53',
                     u'\u73b0\u4ee3\u5e03\u96f7\u771f\u7684\u4e00\u5206\u949f\u53ef\u5e03\u4e94\u4e07\u679a\uff0c\u4e00\u679a\u5de1\u822a\u7684\u9646\u57fa\u5f39\u9053\u5bfc\u5f39\u7528\u5e03\u96f7\u65b9\u5f0f\u5c01\u9501\u65b9\u56ed\u4e94\u516c\u91cc \u673a\u573a \u3002//\u65b0\u6d6a\u7f51\u53cb:\u8fd9\u4e2a\u4eba\u4ee5\u4e3a\u5f80\u5730\u4e0a\u4e22\u4e2a\u79e4\u7823\u5c31\u662f\u4e00\u679a \u70b8\u5f39 \uff01\u8865\u8865\u8111\u5427\u3002//\u3010\u56fd\u9632\u90e8\u56de\u5e94\u5c06\u8fdb\u884c\u5927\u89c4\u6a21\u519b\u6f14\u9707\u6151\u201c\u53f0\u72ec\u201d\u52bf\u529b \u3011 http://t.cn/R5AGWf4',
                     u'\u3002Falcon\u5728\u65e7\u91d1\u5c71 \u673a\u573a \u51c6\u5907\u767b\u8bb0\u65f6\u88ab\u6000\u7591\u85cf\u6709 \u70b8\u5f39 \uff0c\u641c\u8eab\u540e\u8bc1\u5b9e\u5b9e\u4e3aFalcon\u7684\u4e0b\u4f53',
                     u'\u5e7f\u4e1c\u6253\u5de5\u8005\u5180\u4e2d\u661f\u88ab\u8b66\u8f66\u8ffd\u8d76\u5230\u6cbb\u5b89\u961f\u95e8\u53e3\uff0c\u4e03\u516b\u4e2a\u6cbb\u5b89\u961f\u5458\u5c06\u4ed6\u6253\u6b8b\uff0c\u8eab\u4f53\u5b8c\u5168\u762b\u75ea\uff0c\u516b\u5e74\u7d22\u8d54\u4f38\u51a4\u65e0\u95e8\uff0c\u5728\u9996\u90fd \u673a\u573a \u7528\u81ea\u5236 \u70b8\u5f39 \u81ea\u6740\uff0c\u516c\u7406\u4f55\u5728\uff1f\u6b63\u4e49\u4f55\u5728\uff1f\uff1a\u60e8\u70c8\u80cc\u540e\u9690\u60c5\u4f55\u5728_\u817e\u8baf\u4eca\u65e5\u8bdd\u9898 \u817e\u8baf\u4eca\u65e5\u8bdd\u9898 \u7528\u5e38\u8bc6\u89e3\u8bfb\u65b0\u95fb http://t.cn/zQtWTxs',
                     u'\u3010\u5728\u9a6c\u6765\u897f\u4e9a \u673a\u573a \u5b89\u68c0\u65f6\u63d0\u201c \u70b8\u5f39 \u201d\u5b57\u773c\u5c06\u88ab\u6355\u53ca\u63d0\u63a7\u3011\u9a6c\u6765\u897f\u4e9a\u96ea\u5170\u83aa\u5dde\u96ea\u90a6\u8b66\u533a\u4e3b\u4efb\u963f\u90fd\u963f\u5179\u8b66\u544a\uff0c\u4efb\u4f55\u4eba\u82e5\u5728 \u673a\u573a \u8303\u56f4\u5185\u63a5\u53d7\u5b89\u5168\u68c0\u67e5\u65f6\u63d0\u53ca\u201c \u70b8\u5f39 \u201d\u5b57\u773c\uff0c\u65e0\u8bba\u662f\u5f00\u73a9\u7b11\u6216\u56e0\u4e0d\u6ee1\u673a\u573a\u5355\u4f4d\u800c\u5ba3\u6cc4\u60c5\u7eea\uff0c\u90fd\u4f1a\u5373\u523b\u88ab\u6355\u53ca\u63d0\u63a7\u3002\u4ed6\u8bf4\uff0c\u8fc7\u53bb\u673a\u573a\u5f53\u5c40\u591a\u6b21\u9762\u5bf9\u8fd9\u7c7b\u95ee\u9898\u65f6\uff0c\u65c5\u5ba2\u90fd\u4ee5\u5f00\u73a9\u7b11\u6216\u4e0d\u77e5\u5176\u4e25\u91cd\u6027\u4e3a\u501f\u53e3\u63a8\u5378',
                     u'BBC\u53cc\u8bed\u65b0\u95fb\u8bb2\u89e3\u9644\u5b57\u5e55:\u4fc4\u5ba2\u673a\u5760\u6bc1\u6216\u56e0 \u673a\u573a \u5185\u5978\u5077\u653e \u70b8\u5f39 http://t.cn/RUOyIN6',
                     u'\u636e\u62a5\u5728\u88ab\u6355\u7684\u6050\u6016\u5206\u5b50Salah Abdeslam\u7684\u7535\u8111\u91cc\u627e\u5230\u4e00\u4efd\u6050\u88ad\u76ee\u6807\u5730\uff0c\u5305\u62ecStrasbourg\u6b27\u76df\u8bae\u4f1a\uff0c\u56fe\u5362\u5179 \u673a\u573a \uff0c\u9a6c\u8d5b\u6e2f\u548c\u5df4\u9eceCBD\u533aLa D\xe9fense\uff0c\u6050\u88ad\u65b9\u5f0f\u6709\u81ea\u6740 \u70b8\u5f39 \u548c\u51b2\u950b\u67aa\u626b\u5c04\uff0c\u5c45\u7136\u8fd8\u6709\u7c7b\u4f3c9. 11\u52ab\u6301\u98de\u673a\u81ea\u6740\u653b\u51fb\uff01 http://t.cn/R5AUKf5',
                     u'\u81ea1999\u5e74HBO\u7eaa\u5f55\u7247\u62a5\u9053\u4ee5\u6765\uff0c\u7f8e\u56fd\u4ebaJonah Falcon\u4fbf\u4ee5\u5176\u201c\u4e16\u754c\u6700\u957f\u9634 \u830e\u201d\u95fb\u540d\u5168\u7403\u3002Falcon\u5728\u65e7\u91d1\u5c71 \u673a\u573a \u51c6\u5907\u767b\u8bb0\u65f6\u88ab\u6000\u7591\u85cf\u6709 \u70b8\u5f39 \uff0c\u641c\u8eab\u540e\u8bc1\u5b9e\u5b9e\u4e3aFalcon\u7684\u4e0b\u4f53',
                     u'// @\u5feb\u5907\u9a6c\u8d77\u6765\u55e8 :\u65fa\u8fbe\u5f00\u573a\u6551\u4e86\u961f\u957f\u548c\u5730\u4e0a\u7684\u5e73\u6c11\u4e00\u6b21\uff0c\u4e2d\u573a\u6551\u4e86\u9e70\u773c\u4e00\u6b21\uff0c \u673a\u573a \u5927\u6218\u6551\u4e86\u9e70\u773c\u4e00\u6b21\uff0c\u5427\u5527\u4e00\u6b21\uff0c\u961f\u957f\u548c\u5427\u5527\u4e00\u8d77\u4e00\u6b21\uff0c\u7ed3\u679c\u5f00\u573a\u6551\u5b8c\u4eba\uff0c\u6ca1\u4eba\u611f\u8c22\u5979\uff0c\u7fa4\u4f17\u5bb3\u6015\u5979\uff0c\u65b0\u95fb\u5a4a\u5979\uff0c\u7f57\u65af\u8bf4\u5979\u662f\u5927\u9762\u79ef\u6740\u4f24\u6027\u6b66\u5668\uff0c\u6258\u5c3c\u8f6f\u7981\u5979\uff0c\u6700\u540e\u88ab\u5e26\u7740 \u70b8\u5f39 \u9879\u5708\u5173\u62bc\u8d77\u6765 \u5979\u4ee5\u540e\u8fd8\u6562\u4e0d\u6562\u6551\u4eba\u4e86\u554a',
                     u'#\u9648\u4f1f\u9706# #\u94c1\u6728\u771f\u4f20\u8bf4# \u6ca1\u6709\u540e\u7eed\u5c31\u5bc4 \u70b8\u5f39 \u7ed9\u9759\u9759\u54af\u3002\u3002 // @\u5440\u9759\u975935 : #\u9648\u4f1f\u9706\u8001\u4e5d\u95e8# #\u9648\u4f1f\u9706# @William\u5a01\u5ec9\u9648\u4f1f\u9706 \u9a6c\u4e2a \u673a\u573a \u9020\u578b\u3002\u3002\u3002\u753b\u56fe\u56fe\u3002\u3002\u3002\u3002',
                     u'\u53d1\u8868\u4e86\u535a\u6587\u300a\u822a\u73ed\u964d\u843d\u540e\u53cd\u6050\u7279\u8b66\u5728\u51fa\u53e3\u7b49\u7740\uff01\u300b\u3000\u3000\u636eCNBC\u62a5\u9053\uff0c5\u670824\u65e5\uff0c\u7f8e\u56fd\u4e24\u5927\u4e3b\u8981 \u673a\u573a \u906d\u9047\u5230\u98de\u673a \u70b8\u5f39 \u5a01\u80c1\u7684\u5e72\u6270\u3002\u3000\u300024\u65e5\u65e9\u4e0a\uff0c\u8fbe\u7f8e\u822a\u7a7a\u4e00\u67b6\u98de\u673a\u5728\u8d77\u98de\u524d\u6536\u5230 \u70b8\u5f39 \u5a01\u80c1\u4fe1\u606f\uff0c\u822a\u73ed\u968f\u5373\u88ab\u53d6\u6d88\uff0c\u673a\u4e0a\u4e58\u5ba2 | \u822a\u73ed\u964d\u843d\u540e...',
                     u'\u81ea1999\u5e74HBO\u7eaa\u5f55\u7247\u62a5\u9053\u4ee5\u6765\uff0c\u7f8e\u56fd\u4ebaJonah Falcon\u4fbf\u4ee5\u5176\u201c\u4e16\u754c\u6700\u957f\u9634 \u830e\u201d\u95fb\u540d\u5168\u7403\u3002Falcon\u5728\u65e7\u91d1\u5c71 \u673a\u573a \u51c6\u5907\u767b\u8bb0\u65f6\u88ab\u6000\u7591\u85cf\u6709 \u70b8\u5f39 \uff0c\u641c\u8eab\u540e\u8bc1\u5b9e\u5b9e\u4e3aFalcon\u7684\u4e0b\u4f53'],
 'keyword_publish_time': ['2016-05-27 08:21',
                          '2016-05-27 05:29',
                          '2016-05-27 02:41',
                          '2016-05-27 02:06',
                          '2016-05-27 00:05',
                          '2016-05-26 23:19',
                          '2016-05-26 23:03',
                          '2016-05-26 21:20',
                          '2016-05-26 21:05',
                          '2016-05-26 14:42',
                          '2016-05-26 09:58',
                          '2016-05-26 07:56',
                          '2016-05-25 18:05',
                          '2016-05-25 15:18',
                          '2016-05-25 14:17'],
 'keyword_uid': [u'5337204095',
                 u'5336917480',
                 u'5776702239',
                 u'5337132066',
                 u'5759375494',
                 u'5779519743',
                 u'5885306571',
                 u'5754116632',
                 u'3713134811',
                 u'2087948234',
                 u'2239726934',
                 u'5704788992',
                 u'5523789766',
                 u'5270791017',
                 u'3952704684']}
2016-05-27 14:01:15 [scrapy] INFO: Crawled 5 pages (at 5 pages/min), scraped 0 items (at 0 items/min)
2016-05-27 14:01:18 [scrapy] DEBUG: Crawled (200) <GET http://s.weibo.com/weibo/%25E9%25A3%259E%25E6%259C%25BA%2520%25E7%2582%25B8%25E5%25BC%25B9&nodup=1&page=1> (referer: http://s.weibo.com/weibo/%25E9%25A3%259E%25E6%259C%25BA%2520%25E7%2582%25B8%25E5%25BC%25B9&nodup=1&page=)
2016-05-27 14:01:19 [scrapy] WARNING: Dropped: Item contains no images
{'keyword': '\xe9\xa3\x9e\xe6\x9c\xba \xe7\x82\xb8\xe5\xbc\xb9',
 'keyword_alias': [u'\u91ce\u72f1004',
                   u'\u5927\u5e05\u54e5\u90ed\u7eaf\u4f2f-Senbo',
                   u'\u5f3a\u56fd\u5fae\u8a00',
                   u'Vaine\u6709\u7ea6\u4f1a',
                   u'\u4eca\u5929\u9752\u5cf0\u53d1\u535a\u4e86\u5417',
                   'LMVE____',
                   u'\u6cb9\u9e21_\u5404\u79cd\u6389\u5751\u4e2d',
                   u'\u58a8\u537f\u7d20-\u4e00\u4e16\u4e07\u82b1',
                   u'\u4e13\u4e1a\u505a\u773c\u6c34\u83dc\u83dc',
                   u'ChanS\u6a59\u8c0c',
                   u'\u65e0\u590fKOBUSI',
                   u'Mazas\u9f99',
                   u'\u8336\u8336\u5979\u5988',
                   'ONETsing',
                   u'\u72ec\u8d4f\u68a8\u82b1\u9999\u4e36',
                   u'\u6d69\u6d69\u535a\u535a',
                   u'\u575a\u5f3a5880472640',
                   u'\u8749\u7fbd\u62c5\u5fe7B1YQ',
                   u'\u7ef4\u5185\u6258\u7ea7\u6218\u5217\u8230\u4e8c\u756a\u8230\u610f\u5927\u5229',
                   u'\u897f\u95e8\u4e0d\u9088'],
 'keyword_content': [u'\u5927\u97e9\u822a\u7a7a858\u822a\u73ed\u3002\u4e3a\u7ed9\u6c49\u57ce\u5965\u8fd0\u4f1a\u5236\u9020\u6050\u6016\u6c14\u6c1b\uff0c\u6050\u5413\u53bb\u97e9\u56fd\u53c2\u8d5b\u7684\u5916\u56fd\u4ee3\u8868\u56e2\uff0c\u5728\u91d1\u6b63\u65e5\u547d\u4ee4\u4e0b\uff0c\u671d\u9c9c\u7279\u5de5\u91d1\u80dc\u4e00\u3001\u91d1\u8d24\u59ec\u6301\u65e5\u672c\u62a4\u7167\uff0c\u5728\u5df4\u683c\u8fbe\u767b\u4e0a858\u822a\u73ed\uff08\u5df4\u683c\u8fbe-\u963f\u5e03\u624e\u6bd4-\u66fc\u8c37-\u6c49\u57ce\uff09\uff0c\u5728\u673a\u4e0a\u5b89\u653e\u5b9a\u65f6 \u70b8\u5f39 \uff0c\u7136\u540e\u5728\u963f\u5e03\u624e\u6bd4\u4e0b \u98de\u673a \u30021987\u5e7411\u670829\u65e5\uff0c858\u822a\u73ed\u5728\u5b89\u8fbe\u66fc\u6d77\u4e0a\u7a7a\u7206\u70b8\uff0c\u673a\u4e0a115\u4eba\u5168\u90e8\u9047\u96be\u3002',
                     u'\u3010\u9017\u4f60\u4e00\u4e50\u3011 \u201c\u5582\uff0c\u738b\u603b\uff0c\u62b1\u6b49\uff0c \u98de\u673a \u665a\u70b9\u4e94\u5929\uff0c\u201d \u201c \u98de\u673a \u665a\u70b9\u6b63\u5e38\uff0c\u665a\u4e94\u5929\u592a\u7384\u4e86\uff0c\u4f60\u5982\u679c\u8bf4\u5b9e\u8bdd\uff0c\u6211\u4eec\u8fd8\u662f\u670b\u53cb\uff0c\u201d \u201c\u5728\u98de\u673a\u4e0a\u6597\u5730\u4e3b\uff0c\u88ab\u62d8\u7559\u4e94\u5929\uff0c\u8fd9\u4e2a\u7535\u8bdd\u8fd8\u662f\u6211\u501f\u72f1\u8b66\u5927\u54e5\u7684\uff0c\u201d \u201c\u4f60\u518d\u88c5\u903c\u6211\u4eec\u505a\u4e0d\u6210\u670b\u53cb\u554a\uff01\u201d \u201c\u771f\u7684\uff0c\u98de\u673a\u6b63\u8981\u8d77\u98de\uff0c\u6211\u7529\u51fa\u4e00\u5bf9\u5927\u5c0f\u738b\uff0c\u5927\u558a\u4e00\u58f0\u2018 \u70b8\u5f39 \u2019\uff01\u201d\uff0c',
                     u'\u5efa\u8bae\u4e2d\u56fd\u65e9\u65e5\u8bbe\u7acb\u8d85\u7ea7\u6b66\u5668\u53d1\u660e\u5c40\uff01\u770b\u770b\u7f8e\u56fd\u56fd\u9632\uff08DARPA\uff09\u8ba1\u5212\u5c40\u7684\u8d85\u7ea7\u53d1\u660e\uff1a1\uff0c\u4e92\u8054\u7f51\u4e3a\u6838\u5927\u6218\u51c6\u5907\u30022\uff0cGPS\u5b9a\u4f4d\u30023\uff0c\u9690\u5f62\u6b66\u5668\u30024\uff0c\u65e0\u4eba\u673a\u6c34\u4e0b\u822a\u6bcd\u30025\uff0c\u673a\u5668\u5175\u548c\u673a\u5668\u5927\u8c61\u30026\uff0c\u98de\u884c\u608d\u9a6c\u8f66\u30027\uff0c\u8d85\u80fd\u6298\u78e8\u82cf\u8054\u9886\u5bfc\u4eba\u30028\uff0c\u4f3d\u9a6c\u653e\u5c04\u6027 \u70b8\u5f39 \u30029\uff0c\u624b\u63d0\u5f0f\u6838\u805a\u53d8\u6838\u53cd\u5e94\u5806\u300210\uff0c\u80fd\u6253 \u98de\u673a \u5bfc\u5f39\u536b\u661f\u7684\u6fc0\u5149\u70ae\u7535\u78c1\u70ae\u3002',
                     u'// @LMVE____ :\u9001\u7ec8\u673a // @\u4e13\u4e1a\u505a\u773c\u6c34\u83dc\u83dc :\u4eba\u6c11\u6b66\u88c5\u65b0\u6b66\u5668\u554a\u540c\u5b66\u4eec\uff08\u62cd\u9ed1\u677f\uff09\u8fd9\u662f\u8f70\u70b8\u673a\u554a\uff01 // @ChanS\u6a59\u8c0c :\u5e74\u8f7b\u4eba\u7684\u7b2c\u4e00\u67b6 \u70b8\u5f39 \u5c0f \u98de\u673a // @\u7a7f\u80d6\u6b21\u7684\u72d0\u72f8 :\u5c0f\u7c73\u65e0\u4eba\u673a\u8fd9\u4e48\u4e00\u6389\uff0c\u83b7\u5f97\u5404\u79cd\u79f0\u53f7\uff1a\u795e\u7c73\u7279\u653b\u961f\uff0c\u65e0\u4eba\u8f70\u70b8\u673a\uff0c\u8840\u6ef4\u5b50\uff0c\u9001\u7ec8\u673a',
                     u'// @\u4e13\u4e1a\u505a\u773c\u6c34\u83dc\u83dc :\u4eba\u6c11\u6b66\u88c5\u65b0\u6b66\u5668\u554a\u540c\u5b66\u4eec\uff08\u62cd\u9ed1\u677f\uff09\u8fd9\u662f\u8f70\u70b8\u673a\u554a\uff01 // @ChanS\u6a59\u8c0c :\u5e74\u8f7b\u4eba\u7684\u7b2c\u4e00\u67b6 \u70b8\u5f39 \u5c0f \u98de\u673a // @\u7a7f\u80d6\u6b21\u7684\u72d0\u72f8 :\u5c0f\u7c73\u65e0\u4eba\u673a\u8fd9\u4e48\u4e00\u6389\uff0c\u83b7\u5f97\u5404\u79cd\u79f0\u53f7\uff1a\u795e\u7c73\u7279\u653b\u961f\uff0c\u65e0\u4eba\u8f70\u70b8\u673a\uff0c\u8840\u6ef4\u5b50\uff0c\u9001\u7ec8\u673a',
                     u'\u9001\u7ec8\u673a // @\u4e13\u4e1a\u505a\u773c\u6c34\u83dc\u83dc :\u4eba\u6c11\u6b66\u88c5\u65b0\u6b66\u5668\u554a\u540c\u5b66\u4eec\uff08\u62cd\u9ed1\u677f\uff09\u8fd9\u662f\u8f70\u70b8\u673a\u554a\uff01 // @ChanS\u6a59\u8c0c :\u5e74\u8f7b\u4eba\u7684\u7b2c\u4e00\u67b6 \u70b8\u5f39 \u5c0f \u98de\u673a // @\u7a7f\u80d6\u6b21\u7684\u72d0\u72f8 :\u5c0f\u7c73\u65e0\u4eba\u673a\u8fd9\u4e48\u4e00\u6389\uff0c\u83b7\u5f97\u5404\u79cd\u79f0\u53f7\uff1a\u795e\u7c73\u7279\u653b\u961f\uff0c\u65e0\u4eba\u8f70\u70b8\u673a\uff0c\u8840\u6ef4\u5b50\uff0c\u9001\u7ec8\u673a',
                     u'// @\u4e13\u4e1a\u505a\u773c\u6c34\u83dc\u83dc : \u4eba\u6c11\u6b66\u88c5\u65b0\u6b66\u5668\u554a\u540c\u5b66\u4eec\uff08\u62cd\u9ed1\u677f\uff09\u8fd9\u662f\u8f70\u70b8\u673a\u554a\uff01 // @ChanS\u6a59\u8c0c :\u5e74\u8f7b\u4eba\u7684\u7b2c\u4e00\u67b6 \u70b8\u5f39 \u5c0f \u98de\u673a // @\u7a7f\u80d6\u6b21\u7684\u72d0\u72f8 :\u5c0f\u7c73\u65e0\u4eba\u673a\u8fd9\u4e48\u4e00\u6389\uff0c\u83b7\u5f97\u5404\u79cd\u79f0\u53f7\uff1a\u795e\u7c73\u7279\u653b\u961f\uff0c\u65e0\u4eba\u8f70\u70b8\u673a\uff0c\u8840\u6ef4\u5b50\uff0c\u9001\u7ec8\u673a',
                     u'.......// @\u4e13\u4e1a\u505a\u773c\u6c34\u83dc\u83dc : \u4eba\u6c11\u6b66\u88c5\u65b0\u6b66\u5668\u554a\u540c\u5b66\u4eec\uff08\u62cd\u9ed1\u677f\uff09\u8fd9\u662f\u8f70\u70b8\u673a\u554a\uff01 // @ChanS\u6a59\u8c0c :\u5e74\u8f7b\u4eba\u7684\u7b2c\u4e00\u67b6 \u70b8\u5f39 \u5c0f \u98de\u673a // @\u7a7f\u80d6\u6b21\u7684\u72d0\u72f8 :\u5c0f\u7c73\u65e0\u4eba\u673a\u8fd9\u4e48\u4e00\u6389\uff0c\u83b7\u5f97\u5404\u79cd\u79f0\u53f7\uff1a\u795e\u7c73\u7279\u653b\u961f\uff0c\u65e0\u4eba\u8f70\u70b8\u673a\uff0c\u8840\u6ef4\u5b50\uff0c\u9001\u7ec8\u673a',
                     u'\u4eba\u6c11\u6b66\u88c5\u65b0\u6b66\u5668\u554a\u540c\u5b66\u4eec\uff08\u62cd\u9ed1\u677f\uff09\u8fd9\u662f\u8f70\u70b8\u673a\u554a\uff01 // @ChanS\u6a59\u8c0c :\u5e74\u8f7b\u4eba\u7684\u7b2c\u4e00\u67b6 \u70b8\u5f39 \u5c0f \u98de\u673a // @\u7a7f\u80d6\u6b21\u7684\u72d0\u72f8 :\u5c0f\u7c73\u65e0\u4eba\u673a\u8fd9\u4e48\u4e00\u6389\uff0c\u83b7\u5f97\u5404\u79cd\u79f0\u53f7\uff1a\u795e\u7c73\u7279\u653b\u961f\uff0c\u65e0\u4eba\u8f70\u70b8\u673a\uff0c\u8840\u6ef4\u5b50\uff0c\u9001\u7ec8\u673a',
                     u'\u5e74\u8f7b\u4eba\u7684\u7b2c\u4e00\u67b6 \u70b8\u5f39 \u5c0f \u98de\u673a // @\u7a7f\u80d6\u6b21\u7684\u72d0\u72f8 :\u5c0f\u7c73\u65e0\u4eba\u673a\u8fd9\u4e48\u4e00\u6389\uff0c\u83b7\u5f97\u5404\u79cd\u79f0\u53f7\uff1a\u795e\u7c73\u7279\u653b\u961f\uff0c\u65e0\u4eba\u8f70\u70b8\u673a\uff0c\u8840\u6ef4\u5b50\uff0c\u9001\u7ec8\u673a',
                     u'\u2026\u4e3a\u4ec0\u4e48\u6211\u8f85\u52a9\u7684AD\u90fd\u662f \u6211\u4e0d\u7ba1\uff01\u6211\u8981\u9009VN\uff01\u4f60\u4fdd\u597d\u6211\uff01\u3010\u597d\u597d\u597d \u6211\u7684\u7537\u53cb\u529b\u2026 // @Mazas\u9f99 :LOL\u91cc\u8d77\u76fe\u6321\u4f4f\u540e\u9762\u7684\u7559\u4eba\u6280\u80fd\uff0c\u7136\u540e\u628a\u6240\u6709\u62a4\u76fe\u6280\u80fd\u5168\u653ead\u5934\u9876\u4e0a\uff0c\u8bf4\uff1a\u4f60\u5feb\u8d70\uff0c\u4f46\u662f\u7136\u5e76\u5375\u3002L4D2\u91cc\u88ab\u5c38\u6f6e\u5305\u56f4\u5feb\u5012\u5730\u4e4b\u524d\u4f1a\u628a \u70b8\u5f39 \u6216\u8005\u71c3\u70e7\u74f6\u6254\u81ea\u5df1\u811a\u4e0b\uff0c\u7136\u540e\u544a\u8bc9\u961f\u53cb\u522b\u6551\u6211\u8d76\u7d27\u4e0a \u98de\u673a \u3002\u8bba\u4e91\u5907\u80ce\u7684\u81ea\u6211\u4fee\u517b',
                     u'LOL\u91cc\u8d77\u76fe\u6321\u4f4f\u540e\u9762\u7684\u7559\u4eba\u6280\u80fd\uff0c\u7136\u540e\u628a\u6240\u6709\u62a4\u76fe\u6280\u80fd\u5168\u653ead\u5934\u9876\u4e0a\uff0c\u8bf4\uff1a\u4f60\u5feb\u8d70\uff0c\u4f46\u662f\u7136\u5e76\u5375\u3002L4D2\u91cc\u88ab\u5c38\u6f6e\u5305\u56f4\u5feb\u5012\u5730\u4e4b\u524d\u4f1a\u628a \u70b8\u5f39 \u6216\u8005\u71c3\u70e7\u74f6\u6254\u81ea\u5df1\u811a\u4e0b\uff0c\u7136\u540e\u544a\u8bc9\u961f\u53cb\u522b\u6551\u6211\u8d76\u7d27\u4e0a \u98de\u673a \u3002\u8bba\u4e91\u5907\u80ce\u7684\u81ea\u6211\u4fee\u517b// @\u8d34\u5427\u541b : // @Vser_\u8c01\u662f\u8c01\u7684\u8c01 \uff1a\u4e0a\u5355\u6ce8\u5b9a\u662f\u4e00\u6761\u5b64\u72ec\u7684\u8def',
                     u'\u6211\u8279\u51fa\u95e8\u88ab \u98de\u673a \u7838\u6b7b// @\u4ece\u4e0d\u6311\u98df\u7684\u51ac\u9752 :\u80fd\u4e0d\u80fd\u7981\u4e86\u5e02\u533a\u98de\u884c\u2026\u2026\u7b80\u76f4\u662f\u5b9a\u65f6 \u70b8\u5f39 \u2026// @\u9ad8\u767b\u4e03\u516d :\u597d\u5413\u4eba// @\u55b5\u54e5\u6709\u53ea\u5510\u5927\u70ae\u4ed6\u4ece\u6765\u4e5f\u4e0d\u9a91 : \u5c0f\u7c73\u5927\u6982\u662f\u4fbf\u5b9c\u6ca1\u597d\u8d27\u7684\u4ee3\u8a00\u4eba2333// @\u7530\u5d0e\u592a\u592akina : //',
                     u'\u56de\u590d @\u835e\u8863\u66fc :\u88ad\u51fb\u8fd9\u79cd\u5df4\u58eb\u6bd4 \u98de\u673a \u66f4\u5bb9\u6613\uff0c\u6211\u76f8\u4fe1\u5b89\u5168\u90e8\u95e8\u4e0d\u4f1a\u8ba9\u5b83\u4e0a\u8def\u3002 // @\u835e\u8863\u66fc : \u4e00\u8d77\u76f8\u5bf9\u8fd0\u52a8\u7684\u4e0b\u8fb9\u7684\u6c7d\u8f66 \u70b8\u5f39 \u7b80\u76f4\u4e86',
                     u'\u7ed9\u6211\u6765\u4e00\u4e2a\u5730\u5bf9\u7a7a\u3002// @\u7ef4\u5185\u6258\u7ea7\u6218\u5217\u8230\u4e8c\u756a\u8230\u610f\u5927\u5229 : \u9065\u63a7 \u70b8\u5f39 \u8fd9\u4e00\u70b9\u90fd\u4e0d\u6e05\u771f http://t.cn/R5Altgd // @\u6b63\u5e38\u578b\u5149\u7ebf\u6539 : // @\u5760\u5165\u7231\u6cb3\u7684\u91cd\u5de1\u94c3\u8c37 :\u8840\u6ef4\u5b50// @\u7834\u788e\u7684\u54c0\u4f24 : \u65cb\u7ffc\u6740\u4eba\u9884\u5b9a// @BTMIE : \u6211\u8981\u6211\u8981 \u6211\u8981\u81ea\u7206 \u98de\u673a // @\u9905\u5471Gero :// @L_eve :// @\u5c0f\u7c73\u624b\u673a :\u8f6c\u53d1\u62bd\u90012\u53f0 #\u5c0f\u7c73\u65e0\u4eba\u673a#',
                     u'\u4e0d\u62c5\u5fc3\u81ea\u5df1\u4f1a\u518d\u4e70\u5c0f\u7c73\u7684\u4ea7\u54c1\uff0c\u6211\u5c31\u6015\u522b\u4eba\u4e70\u4e2a\u5c0f\u7c73 \u70b8\u5f39 \u5c0f\u7c73\u5200\u7247\u53bb\u5927\u8857\u4e0a\u4f24\u4eba\u3002\u8fd9\u79cd\u60c5\u51b5\u6bd4\u9ec4\u7ae0\u9a82\u201c\u4e0d\u559c\u6b22\u5c31\u6eda\u201d\u6076\u52a3\u5f97\u591a\u3002// @\u79d1\u5b66\u5bb6\u79cd\u592a\u9633 :\u54c7\uff0c\u4f60\u5988\u6253 \u98de\u673a \u7684\u65f6\u5019\u70b8\u4e86\uff0c\u672c\u6761\u6765\u81ea\u5c0f\u7c73\u3002\u575a\u6301\u7528\u5c0f\u7c73\u624b\u673a\u5e76\u4e14\u5b89\u6170\u81ea\u5df1\u8fd9\u53ea\u662f\u4e00\u90e8\u624b\u673a\u5e76\u4e0d\u4ee3\u8868\u6211\u662f\u8c01\u6240\u4ee5\u522b\u4eba\u9ed1\u5c0f\u7c73\u65f6\u6211\u4e0d\u4f1a\u6361\u9a82\u7684\u4eba\uff0c\u4f60\u4eec\u5fc3\u771f\u5927\u3002',
                     u'// @\u575a\u5f3a5880472640 :// @\u575a\u5f3a5880472640 :\u6b22\u4e50\u6597\u5730\u4e3b\uff0c\u4f38\u51a4\u592a\u8f9b\u82e6\u3002 \u98de\u673a \u70b8\u5f39 \u706b\u7bad\u70ae\uff0c\u51a4\u6848\u5047\u6848\u7cca\u6d82\u86cb\u3002\u6625\u5929\u4e00\u70b8\u724c\u633a\u597d\uff0c\u6000\u67d4\u5317\u4eac\u7ba1\u4e0d\u4e86\u3002\u5173\u6ce8\u5f90\u6000\u519b\u51a4\u5047\u9519\u6848\uff0c\u770b\u6e05\u695a\u5317\u4eac\u5e02\u516c\u5b89\u5c40\u662f\u600e\u4e48\u4e71\u6293\u65e0\u8f9c\u7684\uff1f\u6b63\u4e49\u5fc5\u80dc\uff0c\u4eba\u6c11\u5fc5\u80dc\u3002',
                     u'\u4e0a\u4e86 \u98de\u673a \u8fd8\u662f\u522b\u73a9\u6597\u5730\u4e3b\u4e86\uff0c\u7279\u522b\u662f \u70b8\u5f39 \u8fd9\u4fe9\u5b57\u3002\u3002\u3002\u3002',
                     u'\u9065\u63a7 \u70b8\u5f39 \u8fd9\u4e00\u70b9\u90fd\u4e0d\u6e05\u771f http://t.cn/R5Altgd // @\u6b63\u5e38\u578b\u5149\u7ebf\u6539 : // @\u5760\u5165\u7231\u6cb3\u7684\u91cd\u5de1\u94c3\u8c37 :\u8840\u6ef4\u5b50// @\u7834\u788e\u7684\u54c0\u4f24 : \u65cb\u7ffc\u6740\u4eba\u9884\u5b9a// @BTMIE : \u6211\u8981\u6211\u8981 \u6211\u8981\u81ea\u7206 \u98de\u673a // @\u9905\u5471Gero :// @L_eve :// @\u5c0f\u7c73\u624b\u673a :\u8f6c\u53d1\u62bd\u90012\u53f0 #\u5c0f\u7c73\u65e0\u4eba\u673a# \u7ed9\u5927\u5bb6\u4f53\u9a8c\uff012499\u5143\u8d77\uff0c\u5e74\u8f7b\u4eba\u7684\u65b0\u73a9\u5177\u3002',
                     u'\u5f71\u8bc4\u3010Executive Decision\u3011\uff08\u6700\u9ad8\u5371\u673a\uff09\uff1a\u7528\u9690\u5f62\u6218\u6597\u673a\u63a5\u5165\u6c11\u822a\u5ba2\u673a\uff0c\u9664\u4e86\u8981\u62c6\u9664 \u70b8\u5f39 \u3001\u7a81\u88ad\u6050\u6016\u5206\u5b50\uff0c\u8fd8\u8981\u5728\u65e0\u901a\u8baf\u60c5\u51b5\u4e0b\u3001\u5728\u89c4\u5b9a\u65f6\u95f4\u5185\u9632\u6b62\u88ab\u5df1\u65b9\u4e00\u5e76\u70b8\u6bc1\uff0c\u91cc\u5e94\u5916\u5408\u548c\u8fd0\u6c14\u6210\u5c31\u4e00\u4e3e\u593a\u673a\u3002\u6c14\u6c1b\u7d27\u7ef7\uff0c\u903b\u8f91\u5408\u7406\uff0c\u9898\u6750\u5927\u80c6\u3002\u6c11\u822a \u98de\u673a \u5931\u8e2a\u7684\u539f\u56e0\u7531\u6b64\u53ef\u4ee5\u63e3\u6d4b\u4e00\u4e9b\uff0c\u770b\u6765\u4e0d\u6392\u9664\u4e3a\u727a\u7272\u5c0f\u4f17\u800c\u4fdd\u5168\u5927\u4f17\u7684\u56e0\u7d20\u3002'],
 'keyword_publish_time': ['2016-05-27 13:44',
                          '2016-05-27 12:10',
                          '2016-05-27 11:32',
                          '2016-05-27 13:51',
                          '2016-05-27 13:24',
                          '2016-05-27 13:20',
                          '2016-05-27 13:11',
                          '2016-05-27 13:07',
                          '2016-05-27 13:02',
                          '2016-05-27 13:01',
                          '2016-05-27 12:02',
                          '2016-05-27 11:02',
                          '2016-05-27 10:14',
                          '2016-05-27 08:35',
                          '2016-05-27 08:34',
                          '2016-05-27 08:08',
                          '2016-05-27 07:01',
                          '2016-05-27 03:18',
                          '2016-05-27 01:18',
                          '2016-05-26 23:18'],
 'keyword_uid': [u'5628940979',
                 u'5894858743',
                 u'2593036565',
                 u'2633071371',
                 u'2655829084',
                 u'1761526660',
                 u'1741477937',
                 u'2961708824',
                 u'3163975114',
                 u'3248944525',
                 u'1941824262',
                 u'1841270630',
                 u'2034699342',
                 u'5667768956',
                 u'1803435465',
                 u'1683164891',
                 u'5880472640',
                 u'5936251111',
                 u'2400104043',
                 u'1443582382']}
2016-05-27 14:01:33 [scrapy] DEBUG: Crawled (200) <GET http://s.weibo.com/weibo/%25E7%25BF%259F%25E9%2587%2591%25E9%25A1%25BA&nodup=1&page=1> (referer: http://s.weibo.com/weibo/%25E7%25BF%259F%25E9%2587%2591%25E9%25A1%25BA&nodup=1&page=)
2016-05-27 14:01:33 [analyzers.keyword_info_analyzer] INFO:  该账号为企业认证账号company_approve!!
2016-05-27 14:01:33 [analyzers.keyword_info_analyzer] INFO:  该账号为企业认证账号company_approve!!
2016-05-27 14:01:33 [analyzers.keyword_info_analyzer] INFO:  该账号为企业认证账号company_approve!!
2016-05-27 14:01:33 [analyzers.keyword_info_analyzer] INFO:  该账号为企业认证账号company_approve!!
2016-05-27 14:01:33 [analyzers.keyword_info_analyzer] INFO:  该账号为企业认证账号company_approve!!
2016-05-27 14:01:33 [analyzers.keyword_info_analyzer] INFO:  该账号为企业认证账号company_approve!!
2016-05-27 14:01:33 [scrapy] WARNING: Dropped: Item contains no images
{'keyword': '\xe7\xbf\x9f\xe9\x87\x91\xe9\xa1\xba',
 'keyword_alias': [u'\u5929\u5c71\u98de\u4fa0',
                   u'\u822a\u5927\u4e1c\u5317\u738b',
                   u'\u822a\u5927\u4e1c\u5317\u738b',
                   u'\u4eac\u963f\u4e1c',
                   u'\u4eac\u963f\u4e1c',
                   u'\u788e\u53f6\u6cb3\u8c37\u7684\u7f8c\u7b1b',
                   u'\u798f\u4e34\u5c0f\u653f',
                   u'\u60a0\u95f2\u65f6\u5149\u5fc3\u60c5\u7f8e',
                   u'\u8d75\u5c0f\u971e2010',
                   u'\u4e11\u9b3c\u5a03\u5a0316',
                   'Ivy_dong2013',
                   u'\u6743\u5bf3a',
                   u'\u964c\u8def\u83ab\u5ff5\u68a6',
                   u'\u854a\u606c'],
 'keyword_content': [u'\u3010\u6df1\u822a\u5ba2\u673a\u5185\u7eb5\u706b\u5acc\u72af\u8eab\u4efd\u66dd\u5149\u30117\u670826\u65e5\u51cc\u6668\uff0c\u7531\u53f0\u5dde\u98de\u5f80\u5e7f\u5dde\u7684\u6df1\u5733\u822a\u7a7aZH9648\u822a\u73ed\u53d1\u751f\u4e86\u4e00\u8d77\u4e58\u5ba2\u975e\u6cd5\u5e72\u6270\u822a\u73ed\u4e8b\u4ef6\u3002\u4eca\u65e5\u4e0a\u5348\uff0c\u8bb0\u8005\u4e86\u89e3\u5230\uff0c\u7eb5\u706b\u5acc\u72af\u540d\u4e3a \u7fdf\u91d1\u987a \uff0c\u6d59\u6c5f\u53f0\u5dde\u4eba\uff0c\u591a\u5e74\u524d\u66fe\u5224\u8fc7\u5211\uff0c\u76ee\u524d\u6709\u6b20\u503a\u3002 @\u571f\u80a5\u8881\u95f2\u4e8c \u7741\u5f00\u4f60\u7684\u72d7\u773c\u770b\u770b\uff0c\u5982\u679c\u4f60\u4e0d\u5c65\u884c\u627f\u8bfa\uff0c\u4f60\u5c31\u662f\u6211\u5b59\u5b50\uff01 | \u514b\u62c9\u739b\u4f9d\xb7...',
                     u'\u7fdf\u91d1\u987a \u7684\u4e8b\u60c5\u8fc7\u53bb\u5f88\u4e45\u4e86\uff0c\u73b0\u5728\u60f3\u60f3\uff0c\u6c11\u822a\u4e5f\u4e0d\u5bb9\u6613 @Amber\u5728\u5728 @flo\u745ewers @CACU\u5218\u8d85 @zcheng_10 @\u51ef\u7279012 @\u62b9\u8336\u86cb\u7cd5aaa @\u4eac\u963f\u4e1c @Bertha\u9f91',
                     u'\u7fdf\u91d1\u987a ~~~~',
                     u'\u7fdf\u91d1\u987a \uff01',
                     u'\u7fdf\u91d1\u987a ~~ @\u822a\u5927\u4e1c\u5317\u738b',
                     u'\u7f8e\u56fd\u4eba\u5728\u7535\u5f71\u9662\u4e2d\u5f00\u67aa\u6740\u5bb3\u65e0\u8f9c\u7684\u7fa4\u4f17\uff0c\u90a3\u662f\u7cbe\u795e\u75c5\uff1b\u5fb7\u56fd\u4eba\u5236\u9020\u7a7a\u96be\uff0c\u90a3\u53eb\u6291\u90c1\u75c7\uff1b\u53f0\u5dde\u98de\u673a\u7eb5\u706b\u6848\u4ef6 \u7fdf\u91d1\u987a \uff0c\u662f\u5426\u6709\u75c5\uff0c\u73b0\u5728\u8fd8\u4e0d\u6e05\u695a\u3002\u771f\u5e0c\u671b\u4ed6\u60a3\u6709\u7cbe\u795e\u75c5\u3002',
                     u'\u94dd\u5408\u91d1\u5e97\u8001\u677f \u7fdf\u91d1\u987a \u6210\u4e3a\u98de\u673a\u7eb5\u706b\u8005 http://t.cn/RLCYGbV',
                     u'// @\u65b0\u4eac\u62a5 :\u3010\u6df1\u822a\u7eb5\u706b\u7591\u72af\u7cfb\u53f0\u5dde\u4eba \u6751\u5e72\u90e8\u79f0\u5176\u66fe\u88ab\u5224\u5211\u73b0\u6709\u6b20\u503a\u3011\u5acc\u7591\u4eba \u7fdf\u91d1\u987a \u4eca\u5e7450\u5c81\u5de6\u53f3\uff0c\u80b2\u6709\u4e00\u513f\u4e00\u5973\u3002\u6751\u6c11\u79f0\uff0c\u201c\u4ed6\u8d70\u5357\u95ef\u5317\u505a\u8fc7\u5404\u79cd\u751f\u610f\uff0c\u5148\u662f\u505a\u6469\u6258\u8f66\u751f\u610f\uff0c\u542c\u8bf4\u8fd9\u51e0\u5e74\u5728\u505a\u94dd\u5408\u91d1\u3001\u95e8\u7a97\u751f\u610f\u3002\u201d\u201c\u4ed6\u5728\u94f6\u884c\u6709\u4e03\u516b\u5341\u4e07\u6b20\u503a\uff0c\u4e0d\u77e5\u9053\u662f\u4e0d\u662f\u548c\u8fd9\u6709\u5173\u3002\u201d http://t.cn/RLoWD9S',
                     u'\u6df1\u822a\u7eb5\u706b\u72af \u7fdf\u91d1\u987a \u6b20\u503a\u4e03\u516b\u5341\u4e07 \u540c\u6751\u79f0\u5176\u548c\u5584 (\u8f6c\u8f7d) \uff08\u5206\u4eab\u81ea @\u6c34\u6728\u793e\u533a\u5b98\u65b9\u5fae\u535a \uff09 http://t.cn/RLCtN4w',
                     u'\u8fd9\u6b20\u4e86\u4e03\u516b\u5341\u4e07\u7684\u5c31\u4e0a\u98de\u673a\u7eb5\u706b\uff1f\u6211\u8fd9\u513f\u6b20\u4e86\u4e00\u767e\u591a\u4e07\u7684\u662f\u4e0d\u662f\u8be5\u70b8\u5730\u7403\u554a// @\u65b0\u4eac\u62a5 : \u5acc\u7591\u4eba \u7fdf\u91d1\u987a \u4eca\u5e7450\u5c81\u5de6\u53f3\uff0c\u80b2\u6709\u4e00\u513f\u4e00\u5973\u3002\u6751\u6c11\u79f0\uff0c\u201c\u4ed6\u8d70\u5357\u95ef\u5317\u505a\u8fc7\u5404\u79cd\u751f\u610f\uff0c\u5148\u662f\u505a\u6469\u6258\u8f66\u751f\u610f\uff0c\u542c\u8bf4\u8fd9\u51e0\u5e74\u5728\u505a\u94dd\u5408\u91d1\u3001\u95e8\u7a97\u751f\u610f\u3002\u201d\u201c\u4ed6\u5728\u94f6\u884c\u6709\u4e03\u516b\u5341\u4e07\u6b20\u503a\uff0c\u4e0d\u77e5\u9053\u662f\u4e0d\u662f\u548c\u8fd9\u6709\u5173\u3002\u201d',
                     u'// @\u65b0\u4eac\u62a5 : \u3010\u6df1\u822a\u7eb5\u706b\u7591\u72af\u7cfb\u53f0\u5dde\u4eba \u6751\u5e72\u90e8\u79f0\u5176\u66fe\u88ab\u5224\u5211\u73b0\u6709\u6b20\u503a\u3011\u5acc\u7591\u4eba \u7fdf\u91d1\u987a \u4eca\u5e7450\u5c81\u5de6\u53f3\uff0c\u80b2\u6709\u4e00\u513f\u4e00\u5973\u3002\u6751\u6c11\u79f0\uff0c\u201c\u4ed6\u8d70\u5357\u95ef\u5317\u505a\u8fc7\u5404\u79cd\u751f\u610f\uff0c\u5148\u662f\u505a\u6469\u6258\u8f66\u751f\u610f\uff0c\u542c\u8bf4\u8fd9\u51e0\u5e74\u5728\u505a\u94dd\u5408\u91d1\u3001\u95e8\u7a97\u751f\u610f\u3002\u201d\u201c\u4ed6\u5728\u94f6\u884c\u6709\u4e03\u516b\u5341\u4e07\u6b20\u503a\uff0c\u4e0d\u77e5\u9053\u662f\u4e0d\u662f\u548c\u8fd9\u6709\u5173\u3002\u201d http://t.cn/RLoWD9S',
                     u'// @\u65b0\u4eac\u62a5 :\u3010\u6df1\u822a\u7eb5\u706b\u7591\u72af\u7cfb\u53f0\u5dde\u4eba \u6751\u5e72\u90e8\u79f0\u5176\u66fe\u88ab\u5224\u5211\u73b0\u6709\u6b20\u503a\u3011\u5acc\u7591\u4eba \u7fdf\u91d1\u987a \u4eca\u5e7450\u5c81\u5de6\u53f3\uff0c\u80b2\u6709\u4e00\u513f\u4e00\u5973\u3002\u6751\u6c11\u79f0\uff0c\u201c\u4ed6\u8d70\u5357\u95ef\u5317\u505a\u8fc7\u5404\u79cd\u751f\u610f\uff0c\u5148\u662f\u505a\u6469\u6258\u8f66\u751f\u610f\uff0c\u542c\u8bf4\u8fd9\u51e0\u5e74\u5728\u505a\u94dd\u5408\u91d1\u3001\u95e8\u7a97\u751f\u610f\u3002\u201d\u201c\u4ed6\u5728\u94f6\u884c\u6709\u4e03\u516b\u5341\u4e07\u6b20\u503a\uff0c\u4e0d\u77e5\u9053\u662f\u4e0d\u662f\u548c\u8fd9\u6709\u5173\u3002\u201d http://t.cn/RLoWD9S',
                     u'Sb\u4e00\u679a\uff0c\u8ddf\u72d7\u4e00\u6837//\u65b0\u6d6a\u7f51\u53cb:\u8087\u4e8b\u7537\u5b50\u540d\u4e3a \u7fdf\u91d1\u987a \uff0c\u7cfb\u53f0\u5dde\u5e02\u6912\u6c5f\u533a\u67d0\u6751\u6751\u6c11\u2014\u2014\u2014\u2014\u2014\u2014\u519c\u6751\u4eba\u5c31\u662f\u8fd9\u4e2a\u793e\u4f1a\u7684\u4e0d\u5b89\u5b9a\u56e0\u7d20\uff0c\u4e3a\u907f\u514d\u4eca\u540e\u8fd8\u4f1a\u6709\u7c7b\u4f3c\u4e8b\u4ef6\u53d1\u751f\uff0c\u575a\u51b3\u4e0d\u80fd\u653e\u519c\u6751\u6b85\u53e3\u4e58\u5750\u4efb\u4f55\u516c\u5171\u4ea4\u901a\u5de5\u5177\u3002//\u3010\u6df1\u822a\u822a\u73ed\u7eb5\u706b\u6848\u7eed:\u591a\u4eba\u88ab\u5904\u7406\u3011 http://t.cn/RL9oxnq',
                     u'// @\u65b0\u4eac\u62a5 : \u3010\u6df1\u822a\u7eb5\u706b\u7591\u72af\u7cfb\u53f0\u5dde\u4eba \u6751\u5e72\u90e8\u79f0\u5176\u66fe\u88ab\u5224\u5211\u73b0\u6709\u6b20\u503a\u3011\u5acc\u7591\u4eba \u7fdf\u91d1\u987a \u4eca\u5e7450\u5c81\u5de6\u53f3\uff0c\u80b2\u6709\u4e00\u513f\u4e00\u5973\u3002\u6751\u6c11\u79f0\uff0c\u201c\u4ed6\u8d70\u5357\u95ef\u5317\u505a\u8fc7\u5404\u79cd\u751f\u610f\uff0c\u5148\u662f\u505a\u6469\u6258\u8f66\u751f\u610f\uff0c\u542c\u8bf4\u8fd9\u51e0\u5e74\u5728\u505a\u94dd\u5408\u91d1\u3001\u95e8\u7a97\u751f\u610f\u3002\u201d\u201c\u4ed6\u5728\u94f6\u884c\u6709\u4e03\u516b\u5341\u4e07\u6b20\u503a\uff0c\u4e0d\u77e5\u9053\u662f\u4e0d\u662f\u548c\u8fd9\u6709\u5173\u3002\u201d http://t.cn/RLoWD9S'],
 'keyword_publish_time': ['2015-07-28 00:54',
                          '2016-03-01 20:51',
                          '2015-12-30 09:32',
                          '2015-12-07 14:14',
                          '2015-09-24 12:04',
                          '2015-07-31 08:20',
                          '2015-07-30 00:35',
                          '2015-07-29 19:57',
                          '2015-07-29 17:43',
                          '2015-07-29 15:35',
                          '2015-07-29 15:31',
                          '2015-07-29 15:23',
                          '2015-07-29 13:56',
                          '2015-07-29 13:18'],
 'keyword_uid': [u'1449503050',
                 u'5589322664',
                 u'5589322664',
                 u'3655612552',
                 u'3655612552',
                 u'1995424345',
                 u'2151157680',
                 u'2605254060',
                 u'1888472321',
                 u'1736057927',
                 u'2810694040',
                 u'3947834012',
                 u'5516821104',
                 u'5088426639']}
2016-05-27 14:01:33 [scrapy] INFO: Closing spider (finished)
2016-05-27 14:01:33 [scrapy] INFO: Dumping Scrapy stats:
{'downloader/request_bytes': 9973,
 'downloader/request_count': 8,
 'downloader/request_method_count/GET': 8,
 'downloader/response_bytes': 134546,
 'downloader/response_count': 8,
 'downloader/response_status_count/200': 7,
 'downloader/response_status_count/302': 1,
 'finish_reason': 'finished',
 'finish_time': datetime.datetime(2016, 5, 27, 6, 1, 33, 499168),
 'item_dropped_count': 3,
 'item_dropped_reasons_count/DropItem': 3,
 'log_count/DEBUG': 9,
 'log_count/INFO': 30,
 'log_count/WARNING': 3,
 'request_depth_max': 2,
 'response_received_count': 7,
 'scheduler/dequeued': 8,
 'scheduler/dequeued/memory': 8,
 'scheduler/enqueued': 8,
 'scheduler/enqueued/memory': 8,
 'start_time': datetime.datetime(2016, 5, 27, 6, 0, 15, 4175)}
2016-05-27 14:01:33 [scrapy] INFO: Spider closed (finished)
