2016-05-31 14:38:34 [scrapy] INFO: Scrapy 1.0.3 started (bot: weibospider)
2016-05-31 14:38:34 [scrapy] INFO: Optional features available: ssl, http11
2016-05-31 14:38:34 [scrapy] INFO: Overridden settings: {'NEWSPIDER_MODULE': 'weibospider.spiders', 'FEED_URI': 'file:///home/hadoop_user/scrapy-weibospider-mysql/items/weibospider/cauc_keyword_info/4663cdfc26fa11e6b55f000c29c4bf4d.jl', 'SPIDER_MODULES': ['weibospider.spiders'], 'RETRY_HTTP_CODES': [400, 403, 408, 500, 502, 503, 504], 'BOT_NAME': 'weibospider', 'LOG_FILE': 'logs/weibospider/cauc_keyword_info/4663cdfc26fa11e6b55f000c29c4bf4d.log', 'DOWNLOAD_DELAY': 10}
2016-05-31 14:38:35 [scrapy] INFO: Enabled extensions: CloseSpider, FeedExporter, TelnetConsole, LogStats, CoreStats, SpiderState
2016-05-31 14:38:35 [scrapy] INFO: Enabled downloader middlewares: RotateUserAgent, HttpAuthMiddleware, DownloadTimeoutMiddleware, UserAgentMiddleware, RetryMiddleware, DefaultHeadersMiddleware, MetaRefreshMiddleware, HttpCompressionMiddleware, RedirectMiddleware, CookiesMiddleware, ChunkedTransferMiddleware, DownloaderStats
2016-05-31 14:38:35 [scrapy] INFO: Enabled spider middlewares: HttpErrorMiddleware, OffsiteMiddleware, RefererMiddleware, UrlLengthMiddleware, DepthMiddleware
2016-05-31 14:38:35 [scrapy] INFO: Enabled item pipelines: WeibospiderPipeline, UserImagesPipeline
2016-05-31 14:38:35 [scrapy] INFO: Spider opened
2016-05-31 14:38:35 [scrapy] INFO: Crawled 0 pages (at 0 pages/min), scraped 0 items (at 0 items/min)
2016-05-31 14:38:35 [scrapy] DEBUG: Telnet console listening on 127.0.0.1:6024
2016-05-31 14:38:35 [scrapy] DEBUG: Redirecting (302) to <GET https://passport.weibo.com/visitor/visitor?entry=miniblog&a=enter&url=http%3A%2F%2Fweibo.com%2F&domain=.weibo.com&ua=php-sso_sdk_client-0.6.14&_rand=1464676790.9196> from <GET http://weibo.com>
2016-05-31 14:38:49 [scrapy] DEBUG: Crawled (200) <GET https://passport.weibo.com/visitor/visitor?entry=miniblog&a=enter&url=http%3A%2F%2Fweibo.com%2F&domain=.weibo.com&ua=php-sso_sdk_client-0.6.14&_rand=1464676790.9196> (referer: None)
2016-05-31 14:38:49 [datamysql] INFO: mysql_connectinon success!!
2016-05-31 14:38:49 [datamysql] INFO: select_operation success!!
2016-05-31 14:38:49 [weibospider.spiders.cauc_keyword_info] INFO: this is the unsearched keyword:机场 炸弹
2016-05-31 14:38:49 [weibospider.spiders.cauc_keyword_info] INFO: this is the unsearched keyword:翟金顺
2016-05-31 14:38:49 [datamysql] INFO: select_operation success!!
2016-05-31 14:38:49 [datamysql] INFO: update_operation success!!
2016-05-31 14:38:49 [datamysql] INFO: mysql_connection close!!
2016-05-31 14:38:50 [scrapy] DEBUG: Crawled (200) <GET http://s.weibo.com/weibo/%25E7%25BF%259F%25E9%2587%2591%25E9%25A1%25BA&nodup=1&page=> (referer: https://passport.weibo.com/visitor/visitor?entry=miniblog&a=enter&url=http%3A%2F%2Fweibo.com%2F&domain=.weibo.com&ua=php-sso_sdk_client-0.6.14&_rand=1464676790.9196)
2016-05-31 14:38:50 [weibospider.spiders.cauc_keyword_info] INFO: the total_pages is: 6
2016-05-31 14:39:03 [scrapy] DEBUG: Crawled (200) <GET http://s.weibo.com/weibo/%25E6%259C%25BA%25E5%259C%25BA%2520%25E7%2582%25B8%25E5%25BC%25B9&nodup=1&page=> (referer: https://passport.weibo.com/visitor/visitor?entry=miniblog&a=enter&url=http%3A%2F%2Fweibo.com%2F&domain=.weibo.com&ua=php-sso_sdk_client-0.6.14&_rand=1464676790.9196)
2016-05-31 14:39:03 [weibospider.spiders.cauc_keyword_info] INFO: the total_pages is: 50
2016-05-31 14:39:16 [scrapy] DEBUG: Crawled (200) <GET http://s.weibo.com/weibo/%25E7%25BF%259F%25E9%2587%2591%25E9%25A1%25BA&nodup=1&page=1> (referer: http://s.weibo.com/weibo/%25E7%25BF%259F%25E9%2587%2591%25E9%25A1%25BA&nodup=1&page=)
2016-05-31 14:39:16 [analyzers.keyword_info_analyzer] INFO:  该账号为企业认证账号company_approve!!
2016-05-31 14:39:16 [analyzers.keyword_info_analyzer] INFO:  该账号为企业认证账号company_approve!!
2016-05-31 14:39:16 [analyzers.keyword_info_analyzer] INFO:  该账号为企业认证账号company_approve!!
2016-05-31 14:39:16 [analyzers.keyword_info_analyzer] INFO:  该账号为企业认证账号company_approve!!
2016-05-31 14:39:16 [analyzers.keyword_info_analyzer] INFO:  该账号为企业认证账号company_approve!!
2016-05-31 14:39:16 [analyzers.keyword_info_analyzer] INFO:  该账号为企业认证账号company_approve!!
2016-05-31 14:39:16 [scrapy] WARNING: Dropped: Item contains no images
{'keyword': '\xe7\xbf\x9f\xe9\x87\x91\xe9\xa1\xba',
 'keyword_alias': [u'\u5929\u5c71\u98de\u4fa0',
                   u'\u822a\u5927\u4e1c\u5317\u738b',
                   u'\u822a\u5927\u4e1c\u5317\u738b',
                   u'\u4eac\u963f\u4e1c',
                   u'\u4eac\u963f\u4e1c',
                   u'\u788e\u53f6\u6cb3\u8c37\u7684\u7f8c\u7b1b',
                   u'\u798f\u4e34\u5c0f\u653f',
                   u'\u60a0\u95f2\u65f6\u5149\u5fc3\u60c5\u7f8e',
                   u'\u8d75\u5c0f\u971e2010',
                   u'\u4e11\u9b3c\u5a03\u5a0316',
                   'Ivy_dong2013',
                   u'\u6743\u5bf3a',
                   u'\u964c\u8def\u83ab\u5ff5\u68a6',
                   u'\u854a\u606c'],
 'keyword_content': [u'\u3010\u6df1\u822a\u5ba2\u673a\u5185\u7eb5\u706b\u5acc\u72af\u8eab\u4efd\u66dd\u5149\u30117\u670826\u65e5\u51cc\u6668\uff0c\u7531\u53f0\u5dde\u98de\u5f80\u5e7f\u5dde\u7684\u6df1\u5733\u822a\u7a7aZH9648\u822a\u73ed\u53d1\u751f\u4e86\u4e00\u8d77\u4e58\u5ba2\u975e\u6cd5\u5e72\u6270\u822a\u73ed\u4e8b\u4ef6\u3002\u4eca\u65e5\u4e0a\u5348\uff0c\u8bb0\u8005\u4e86\u89e3\u5230\uff0c\u7eb5\u706b\u5acc\u72af\u540d\u4e3a \u7fdf\u91d1\u987a \uff0c\u6d59\u6c5f\u53f0\u5dde\u4eba\uff0c\u591a\u5e74\u524d\u66fe\u5224\u8fc7\u5211\uff0c\u76ee\u524d\u6709\u6b20\u503a\u3002 @\u571f\u80a5\u8881\u95f2\u4e8c \u7741\u5f00\u4f60\u7684\u72d7\u773c\u770b\u770b\uff0c\u5982\u679c\u4f60\u4e0d\u5c65\u884c\u627f\u8bfa\uff0c\u4f60\u5c31\u662f\u6211\u5b59\u5b50\uff01 | \u514b\u62c9\u739b\u4f9d\xb7...',
                     u'\u7fdf\u91d1\u987a \u7684\u4e8b\u60c5\u8fc7\u53bb\u5f88\u4e45\u4e86\uff0c\u73b0\u5728\u60f3\u60f3\uff0c\u6c11\u822a\u4e5f\u4e0d\u5bb9\u6613 @Amber\u5728\u5728 @flo\u745ewers @CACU\u5218\u8d85 @zcheng_10 @\u51ef\u7279012 @\u62b9\u8336\u86cb\u7cd5aaa @\u4eac\u963f\u4e1c @Bertha\u9f91',
                     u'\u7fdf\u91d1\u987a ~~~~',
                     u'\u7fdf\u91d1\u987a \uff01',
                     u'\u7fdf\u91d1\u987a ~~ @\u822a\u5927\u4e1c\u5317\u738b',
                     u'\u7f8e\u56fd\u4eba\u5728\u7535\u5f71\u9662\u4e2d\u5f00\u67aa\u6740\u5bb3\u65e0\u8f9c\u7684\u7fa4\u4f17\uff0c\u90a3\u662f\u7cbe\u795e\u75c5\uff1b\u5fb7\u56fd\u4eba\u5236\u9020\u7a7a\u96be\uff0c\u90a3\u53eb\u6291\u90c1\u75c7\uff1b\u53f0\u5dde\u98de\u673a\u7eb5\u706b\u6848\u4ef6 \u7fdf\u91d1\u987a \uff0c\u662f\u5426\u6709\u75c5\uff0c\u73b0\u5728\u8fd8\u4e0d\u6e05\u695a\u3002\u771f\u5e0c\u671b\u4ed6\u60a3\u6709\u7cbe\u795e\u75c5\u3002',
                     u'\u94dd\u5408\u91d1\u5e97\u8001\u677f \u7fdf\u91d1\u987a \u6210\u4e3a\u98de\u673a\u7eb5\u706b\u8005 http://t.cn/RLCYGbV',
                     u'// @\u65b0\u4eac\u62a5 :\u3010\u6df1\u822a\u7eb5\u706b\u7591\u72af\u7cfb\u53f0\u5dde\u4eba \u6751\u5e72\u90e8\u79f0\u5176\u66fe\u88ab\u5224\u5211\u73b0\u6709\u6b20\u503a\u3011\u5acc\u7591\u4eba \u7fdf\u91d1\u987a \u4eca\u5e7450\u5c81\u5de6\u53f3\uff0c\u80b2\u6709\u4e00\u513f\u4e00\u5973\u3002\u6751\u6c11\u79f0\uff0c\u201c\u4ed6\u8d70\u5357\u95ef\u5317\u505a\u8fc7\u5404\u79cd\u751f\u610f\uff0c\u5148\u662f\u505a\u6469\u6258\u8f66\u751f\u610f\uff0c\u542c\u8bf4\u8fd9\u51e0\u5e74\u5728\u505a\u94dd\u5408\u91d1\u3001\u95e8\u7a97\u751f\u610f\u3002\u201d\u201c\u4ed6\u5728\u94f6\u884c\u6709\u4e03\u516b\u5341\u4e07\u6b20\u503a\uff0c\u4e0d\u77e5\u9053\u662f\u4e0d\u662f\u548c\u8fd9\u6709\u5173\u3002\u201d http://t.cn/RLoWD9S',
                     u'\u6df1\u822a\u7eb5\u706b\u72af \u7fdf\u91d1\u987a \u6b20\u503a\u4e03\u516b\u5341\u4e07 \u540c\u6751\u79f0\u5176\u548c\u5584 (\u8f6c\u8f7d) \uff08\u5206\u4eab\u81ea @\u6c34\u6728\u793e\u533a\u5b98\u65b9\u5fae\u535a \uff09 http://t.cn/RLCtN4w',
                     u'\u8fd9\u6b20\u4e86\u4e03\u516b\u5341\u4e07\u7684\u5c31\u4e0a\u98de\u673a\u7eb5\u706b\uff1f\u6211\u8fd9\u513f\u6b20\u4e86\u4e00\u767e\u591a\u4e07\u7684\u662f\u4e0d\u662f\u8be5\u70b8\u5730\u7403\u554a// @\u65b0\u4eac\u62a5 : \u5acc\u7591\u4eba \u7fdf\u91d1\u987a \u4eca\u5e7450\u5c81\u5de6\u53f3\uff0c\u80b2\u6709\u4e00\u513f\u4e00\u5973\u3002\u6751\u6c11\u79f0\uff0c\u201c\u4ed6\u8d70\u5357\u95ef\u5317\u505a\u8fc7\u5404\u79cd\u751f\u610f\uff0c\u5148\u662f\u505a\u6469\u6258\u8f66\u751f\u610f\uff0c\u542c\u8bf4\u8fd9\u51e0\u5e74\u5728\u505a\u94dd\u5408\u91d1\u3001\u95e8\u7a97\u751f\u610f\u3002\u201d\u201c\u4ed6\u5728\u94f6\u884c\u6709\u4e03\u516b\u5341\u4e07\u6b20\u503a\uff0c\u4e0d\u77e5\u9053\u662f\u4e0d\u662f\u548c\u8fd9\u6709\u5173\u3002\u201d',
                     u'// @\u65b0\u4eac\u62a5 : \u3010\u6df1\u822a\u7eb5\u706b\u7591\u72af\u7cfb\u53f0\u5dde\u4eba \u6751\u5e72\u90e8\u79f0\u5176\u66fe\u88ab\u5224\u5211\u73b0\u6709\u6b20\u503a\u3011\u5acc\u7591\u4eba \u7fdf\u91d1\u987a \u4eca\u5e7450\u5c81\u5de6\u53f3\uff0c\u80b2\u6709\u4e00\u513f\u4e00\u5973\u3002\u6751\u6c11\u79f0\uff0c\u201c\u4ed6\u8d70\u5357\u95ef\u5317\u505a\u8fc7\u5404\u79cd\u751f\u610f\uff0c\u5148\u662f\u505a\u6469\u6258\u8f66\u751f\u610f\uff0c\u542c\u8bf4\u8fd9\u51e0\u5e74\u5728\u505a\u94dd\u5408\u91d1\u3001\u95e8\u7a97\u751f\u610f\u3002\u201d\u201c\u4ed6\u5728\u94f6\u884c\u6709\u4e03\u516b\u5341\u4e07\u6b20\u503a\uff0c\u4e0d\u77e5\u9053\u662f\u4e0d\u662f\u548c\u8fd9\u6709\u5173\u3002\u201d http://t.cn/RLoWD9S',
                     u'// @\u65b0\u4eac\u62a5 :\u3010\u6df1\u822a\u7eb5\u706b\u7591\u72af\u7cfb\u53f0\u5dde\u4eba \u6751\u5e72\u90e8\u79f0\u5176\u66fe\u88ab\u5224\u5211\u73b0\u6709\u6b20\u503a\u3011\u5acc\u7591\u4eba \u7fdf\u91d1\u987a \u4eca\u5e7450\u5c81\u5de6\u53f3\uff0c\u80b2\u6709\u4e00\u513f\u4e00\u5973\u3002\u6751\u6c11\u79f0\uff0c\u201c\u4ed6\u8d70\u5357\u95ef\u5317\u505a\u8fc7\u5404\u79cd\u751f\u610f\uff0c\u5148\u662f\u505a\u6469\u6258\u8f66\u751f\u610f\uff0c\u542c\u8bf4\u8fd9\u51e0\u5e74\u5728\u505a\u94dd\u5408\u91d1\u3001\u95e8\u7a97\u751f\u610f\u3002\u201d\u201c\u4ed6\u5728\u94f6\u884c\u6709\u4e03\u516b\u5341\u4e07\u6b20\u503a\uff0c\u4e0d\u77e5\u9053\u662f\u4e0d\u662f\u548c\u8fd9\u6709\u5173\u3002\u201d http://t.cn/RLoWD9S',
                     u'Sb\u4e00\u679a\uff0c\u8ddf\u72d7\u4e00\u6837//\u65b0\u6d6a\u7f51\u53cb:\u8087\u4e8b\u7537\u5b50\u540d\u4e3a \u7fdf\u91d1\u987a \uff0c\u7cfb\u53f0\u5dde\u5e02\u6912\u6c5f\u533a\u67d0\u6751\u6751\u6c11\u2014\u2014\u2014\u2014\u2014\u2014\u519c\u6751\u4eba\u5c31\u662f\u8fd9\u4e2a\u793e\u4f1a\u7684\u4e0d\u5b89\u5b9a\u56e0\u7d20\uff0c\u4e3a\u907f\u514d\u4eca\u540e\u8fd8\u4f1a\u6709\u7c7b\u4f3c\u4e8b\u4ef6\u53d1\u751f\uff0c\u575a\u51b3\u4e0d\u80fd\u653e\u519c\u6751\u6b85\u53e3\u4e58\u5750\u4efb\u4f55\u516c\u5171\u4ea4\u901a\u5de5\u5177\u3002//\u3010\u6df1\u822a\u822a\u73ed\u7eb5\u706b\u6848\u7eed:\u591a\u4eba\u88ab\u5904\u7406\u3011 http://t.cn/RL9oxnq',
                     u'// @\u65b0\u4eac\u62a5 : \u3010\u6df1\u822a\u7eb5\u706b\u7591\u72af\u7cfb\u53f0\u5dde\u4eba \u6751\u5e72\u90e8\u79f0\u5176\u66fe\u88ab\u5224\u5211\u73b0\u6709\u6b20\u503a\u3011\u5acc\u7591\u4eba \u7fdf\u91d1\u987a \u4eca\u5e7450\u5c81\u5de6\u53f3\uff0c\u80b2\u6709\u4e00\u513f\u4e00\u5973\u3002\u6751\u6c11\u79f0\uff0c\u201c\u4ed6\u8d70\u5357\u95ef\u5317\u505a\u8fc7\u5404\u79cd\u751f\u610f\uff0c\u5148\u662f\u505a\u6469\u6258\u8f66\u751f\u610f\uff0c\u542c\u8bf4\u8fd9\u51e0\u5e74\u5728\u505a\u94dd\u5408\u91d1\u3001\u95e8\u7a97\u751f\u610f\u3002\u201d\u201c\u4ed6\u5728\u94f6\u884c\u6709\u4e03\u516b\u5341\u4e07\u6b20\u503a\uff0c\u4e0d\u77e5\u9053\u662f\u4e0d\u662f\u548c\u8fd9\u6709\u5173\u3002\u201d http://t.cn/RLoWD9S'],
 'keyword_publish_time': ['2015-07-28 00:54',
                          '2016-03-01 20:51',
                          '2015-12-30 09:32',
                          '2015-12-07 14:14',
                          '2015-09-24 12:04',
                          '2015-07-31 08:20',
                          '2015-07-30 00:35',
                          '2015-07-29 19:57',
                          '2015-07-29 17:43',
                          '2015-07-29 15:35',
                          '2015-07-29 15:31',
                          '2015-07-29 15:23',
                          '2015-07-29 13:56',
                          '2015-07-29 13:18'],
 'keyword_uid': [u'1449503050',
                 u'5589322664',
                 u'5589322664',
                 u'3655612552',
                 u'3655612552',
                 u'1995424345',
                 u'2151157680',
                 u'2605254060',
                 u'1888472321',
                 u'1736057927',
                 u'2810694040',
                 u'3947834012',
                 u'5516821104',
                 u'5088426639']}
2016-05-31 14:39:28 [scrapy] DEBUG: Crawled (200) <GET http://s.weibo.com/weibo/%25E6%259C%25BA%25E5%259C%25BA%2520%25E7%2582%25B8%25E5%25BC%25B9&nodup=1&page=1> (referer: http://s.weibo.com/weibo/%25E6%259C%25BA%25E5%259C%25BA%2520%25E7%2582%25B8%25E5%25BC%25B9&nodup=1&page=)
2016-05-31 14:39:28 [analyzers.keyword_info_analyzer] INFO:  该账号为企业认证账号company_approve!!
2016-05-31 14:39:28 [scrapy] WARNING: Dropped: Item contains no images
{'keyword': '\xe6\x9c\xba\xe5\x9c\xba \xe7\x82\xb8\xe5\xbc\xb9',
 'keyword_alias': ['Ghostmarine',
                   u'v\u4e0d\u65af\u6587\u5f97\u65af\u6587\u4eba',
                   u'\u5357\u5bab\u4fca\u4e00i',
                   u'\u507d\u767d\u5154',
                   u'\u6216\u8bb8\u4e5f\u7b97\u53ef\u4ee5',
                   u'\u82cf\u63f4\u5eb7',
                   u'\u5173\u9635\u5b50\u53f0\u706f',
                   u'\u5154\u513f\u55b5\u55b5\u55b5',
                   u'\u7ebf\u7ebf\u5b88\u62a4\u795eYu',
                   u'\u5e84\u91cc\u5fae',
                   u'\u53cb\u7231\u597d\u9752\u5e74',
                   u'\u61c2\u4e48\u4f10\u61c2\u662f\u6211',
                   u'KDS-\u5927\u8138\u7433\u513f',
                   u'\u677f\u5237\u5728\u7bf1\u7b06\u7684\u9a6c\u7532',
                   u'\u6602\u76d8\u8bf7\u836f\u5e97\u78a7\u83b2',
                   u'\u53eb\u6211\u9648\u5927\u5c41',
                   u'\u7528\u62375942861778',
                   u'\u54ab\u5c3a\u5929\u6daf\u4e4b\u552f\u4e00',
                   u'\u5929\u6daf\u5341\u5e74\u4e09\u5343\u54e9'],
 'keyword_content': [u'#\u8c46\u74e3\u9605\u8bfb# \u8bf4\u51af\u53e4\u5185\u7279\u8fd8\u5199\u8fc7\u4e00\u4e2a\u5f88\u52a8\u4eba\u7684\u573a\u666f:\u5012\u7740\u770b\u98de\u673a\u8f70\u70b8\u57ce\u5e02\u3002\u4f60\u4f1a\u53d1\u73b0\uff0c\u539f\u672c\u4e00\u7247\u5e9f\u589f\u7684\u57ce\u5e02\u5347\u8d77\u4e00\u4e2a\u4e2a \u70b8\u5f39 \uff0c\u6709\u98de\u673a\u98de\u5728\u7a7a\u4e2d\u56de\u6536 \u70b8\u5f39 \uff0c\u518d\u628a\u4ed6\u4eec\u8fd0\u56de \u673a\u573a ...... \u6211... http://t.cn/R5U6JuF',
                     u'\u673a\u573a \u9632\u8303\u610f\u8bc6\u592a\u4f4e\u4e86\uff0c\u8fd9\u662f\u4e2a\u5929\u771f\u7684\u5c11\u5e74\u90fd\u80fd\u5982\u6b64\u8f7b\u677e\u6df7\u5165\u98de\u673a\u8d27\u4ed3\u3002\u8fd9\u662f\u8981\u4e00\u4e2a\u6050\u6016\u5206\u5b50\u8fdb\u53bb\u4e86\u5462\uff1f\u5f80\u91cc\u653e\u4e2a \u70b8\u5f39 \u600e\u4e48\u6574\uff1f \u673a\u573a \u7684\u9886\u5bfc\u4f60\u4eec\u53ef\u957f\u70b9\u5fc3\u5427\uff01 http://t.cn/R5UUcxs',
                     u'\u5173\u952e\u4ed6\u662f\u7ffb\u680f\u6746\u8fdb\u53bb\u7684// @\u6654\u66541984 :\u4f60\u8fd9\u95ee\u9898\u8bef\u5bfc\u4eba\uff0c\u4ed6\u5e26\u4e86 \u70b8\u5f39 \u8fde \u673a\u573a \u5b89\u68c0\u90fd\u8fc7\u4e0d\u4e86\uff0c\u8fd8\u6709\u53ef\u80fd\u4e0a\u98de\u673a\u5417\uff1f//\u3010\u5c11\u5e74\u542c\u8bf4\u5f53\u4e5e\u4e10\u4e00\u6708\u632347\u4e07 \u6f5c\u5165\u98de\u673a\u5077\u6e21\u53bb\u8fea\u62dc\u3011 http://t.cn/R5U4kYv',
                     u'\u673a\u573a \u5728\u5e72\u561b\uff1f // @\u5154\u513f\u55b5\u55b5\u55b5 :\u5982\u679c\u662f\u66b4\u6050\u5206\u5b50\u5462\uff1f // @KDS-\u5927\u8138\u7433\u513f :// @\u6602\u76d8\u8bf7\u836f\u5e97\u78a7\u83b2 : \u673a\u573a \u5b89\u68c0\u6e0e\u804c\uff0c\u80fd\u53ea\u8eab\u6f5c\u5165\uff0c\u4e5f\u80fd\u5e26 \u70b8\u5f39 \u5427\uff1f// @\u677f\u5237\u5728\u7bf1\u7b06\u7684\u9a6c\u7532 : \u4e5f\u7b97\u51fa\u56fd\u957f\u89c1\u8bc6\u4e86// @\u866b\u751f\u866b :\u5c11\u5e74\uff0c\u4f60\u53bb\u4e4b\u524d\u597d\u6b79\u5148\u4e86\u89e3\u4e00\u4e0b\u884c\u60c5\u3002\u3002\u3002// @\u83f2\u83f27367 : // @\u9999\u55b7\u55b7\u7684\u72d7\u72d7\u55b7\u55b7\u9999 :',
                     u'\u5982\u679c\u4ed6\u4e0d\u662f\u53bb\u4e5e\u8ba8\uff0c\u800c\u662f\u4e2a\u6050\u6016\u5206\u5b50 \u8eab\u4e0a\u5e26\u7740 \u70b8\u5f39 \u3002\u3002\u3002 \u673a\u573a \u8fd9\u7ba1\u7406 \u76f8\u4fe1\u5f88\u591a\u6050\u6016\u5206\u5b50\u4f1a\u770b\u5230\u8fd9\u5219\u6d88\u606f \u5e76\u4ece\u4e2d\u5f97\u5230\u542f\u53d1\u3002\u822a\u7a7a\u7ba1\u7406\u90e8\u95e8\u8981\u81ea\u67e5\u4e86\uff0c',
                     u'\u4e0a\u6d77 \u673a\u573a \u6709\u5173\u8d23\u4efb\u4eba\u5b8c\u4e86\uff0c\u8fd9\u4e0d\u7ecf\u8fc7\u4efb\u4f55\u5b89\u68c0\uff0c\u76f4\u63a5\u8fdb\u4e86\u822a\u73ed\u8d27\u4ed3\uff0c\u8fd9\u53ef\u662f\u8981\u547d\u7684\u758f\u6f0f\uff01 // @\u98d8\u8361\u5728\u65e0\u5c3d\u865a\u7a7a :\u90a3\u5982\u679c\u5077\u6e21\u7684\u4e0d\u662f\u4e00\u4e2a\u4eba\uff0c\u800c\u662f\u4e00\u9897\u5b9a\u65f6 \u70b8\u5f39 \uff0c\u90a3\u4f1a\u662f\u591a\u4e48\u91cd\u5927\u7684\u4e00\u4ef6\u4e8b',
                     u'// @Sinoguards\u4e4bMario :\u6d66\u4e1c \u673a\u573a \u7684\u5b89\u5168\u4fdd\u969c\u80fd\u529b\u662f\u96f6\u554a\uff01\u592a\u6050\u6016\u4e86 // @\u767d\u83dc\u4ef7\u73af\u7403\u65c5\u884cJourneyCA :\u8fd8\u597d\u662f\u4e2a\u4eba\uff0c\u4e0d\u662f \u70b8\u5f39 \u3002\u4e0a\u6d77\u6d66\u4e1c \u673a\u573a \u3002',
                     u'\u5982\u679c\u662f\u66b4\u6050\u5206\u5b50\u5462\uff1f // @KDS-\u5927\u8138\u7433\u513f :// @\u6602\u76d8\u8bf7\u836f\u5e97\u78a7\u83b2 : \u673a\u573a \u5b89\u68c0\u6e0e\u804c\uff0c\u80fd\u53ea\u8eab\u6f5c\u5165\uff0c\u4e5f\u80fd\u5e26 \u70b8\u5f39 \u5427\uff1f// @\u677f\u5237\u5728\u7bf1\u7b06\u7684\u9a6c\u7532 : \u4e5f\u7b97\u51fa\u56fd\u957f\u89c1\u8bc6\u4e86// @\u866b\u751f\u866b :\u5c11\u5e74\uff0c\u4f60\u53bb\u4e4b\u524d\u597d\u6b79\u5148\u4e86\u89e3\u4e00\u4e0b\u884c\u60c5\u3002\u3002\u3002// @\u83f2\u83f27367 : // @\u9999\u55b7\u55b7\u7684\u72d7\u72d7\u55b7\u55b7\u9999 :',
                     u'\u8fd9\u4e48\u7b80\u5355\u5c31\u80fd\u5077\u6e21\u4e86 // @\u61c2\u4e48\u4f10\u61c2\u662f\u6211 :\u5475\u5475\uff0c\u5df4\u5b50\u3002// @KDS-\u5927\u8138\u7433\u513f :// @\u6602\u76d8\u8bf7\u836f\u5e97\u78a7\u83b2 : \u673a\u573a \u5b89\u68c0\u6e0e\u804c\uff0c\u80fd\u53ea\u8eab\u6f5c\u5165\uff0c\u4e5f\u80fd\u5e26 \u70b8\u5f39 \u5427\uff1f// @\u677f\u5237\u5728\u7bf1\u7b06\u7684\u9a6c\u7532 : \u4e5f\u7b97\u51fa\u56fd\u957f\u89c1\u8bc6\u4e86// @\u866b\u751f\u866b :\u5c11\u5e74\uff0c\u4f60\u53bb\u4e4b\u524d\u597d\u6b79\u5148\u4e86\u89e3\u4e00\u4e0b\u884c\u60c5\u3002\u3002\u3002// @\u83f2\u83f27367 : // @\u9999\u55b7\u55b7\u7684\u72d7\u72d7\u55b7\u55b7\u9999 :',
                     u'\u3010 #\u77f3\u5bb6\u5e84\u8eab\u8fb9\u4e8b# \u4e00\u5973\u5b50\u77f3\u5bb6\u5e84 \u673a\u573a \u8fc7\u5b89\u68c0\u8c0e\u79f0\u6709 \u70b8\u5f39 \uff0c\u88ab\u62d85\u5929\u3011\u8fd1\u65e5\uff0c\u4e00\u5973\u5b50\u5728\u77f3\u5bb6\u5e84 \u673a\u573a \u8fc7\u5b89\u68c0\u65f6\u8c0e\u79f0\u6709 \u70b8\u5f39 \uff0c\u5b89\u68c0\u4eba\u5458\u68c0\u67e5\u540e\u5e76\u672a\u53d1\u73b0\u3002\u76ee\u524d\uff0c\u8be5\u65c5\u5ba2\u5df2\u88ab\u53d6\u6d88\u4e58\u673a\u8d44\u683c\u5e76\u88ab\u5904\u4ee5\u884c\u653f\u62d8\u75595\u65e5\u7684\u5904\u7f5a\u3002\u636e @\u6cb3\u5317\u7f51\u8b66\u5de1\u67e5\u6267\u6cd5 @\u71d5\u8d75\u665a\u62a5',
                     u'\u8fd9\u786e\u5b9a\u4e0d\u662f\u6bb5\u5b50\uff1f\u8fd9\u4e0a\u6d77 \u673a\u573a \u5931\u804c\u4e0d\uff1f\u5047\u5982\u6050\u6016\u5206\u5b50\u63d0\u7740 \u70b8\u5f39 \u4e5f\u7ffb\u8d8a\u62a4\u680f\u6f5c\u5165\u8d27\u4ed3\uff0c\u4f1a\u6709\u4ec0\u4e48\u540e\u679c\uff1f \u673a\u573a \u6b63\u95e8\u5b89\u68c0\u5f88\u4e25\uff0c\u7ed3\u679c\u540e\u9662\u8d77\u706b',
                     u'\u5475\u5475\uff0c\u5df4\u5b50\u3002// @KDS-\u5927\u8138\u7433\u513f :// @\u6602\u76d8\u8bf7\u836f\u5e97\u78a7\u83b2 : \u673a\u573a \u5b89\u68c0\u6e0e\u804c\uff0c\u80fd\u53ea\u8eab\u6f5c\u5165\uff0c\u4e5f\u80fd\u5e26 \u70b8\u5f39 \u5427\uff1f// @\u677f\u5237\u5728\u7bf1\u7b06\u7684\u9a6c\u7532 : \u4e5f\u7b97\u51fa\u56fd\u957f\u89c1\u8bc6\u4e86// @\u866b\u751f\u866b :\u5c11\u5e74\uff0c\u4f60\u53bb\u4e4b\u524d\u597d\u6b79\u5148\u4e86\u89e3\u4e00\u4e0b\u884c\u60c5\u3002\u3002\u3002// @\u83f2\u83f27367 : // @\u9999\u55b7\u55b7\u7684\u72d7\u72d7\u55b7\u55b7\u9999 :',
                     u'// @\u6602\u76d8\u8bf7\u836f\u5e97\u78a7\u83b2 : \u673a\u573a \u5b89\u68c0\u6e0e\u804c\uff0c\u80fd\u53ea\u8eab\u6f5c\u5165\uff0c\u4e5f\u80fd\u5e26 \u70b8\u5f39 \u5427\uff1f// @\u677f\u5237\u5728\u7bf1\u7b06\u7684\u9a6c\u7532 : \u4e5f\u7b97\u51fa\u56fd\u957f\u89c1\u8bc6\u4e86// @\u866b\u751f\u866b :\u5c11\u5e74\uff0c\u4f60\u53bb\u4e4b\u524d\u597d\u6b79\u5148\u4e86\u89e3\u4e00\u4e0b\u884c\u60c5\u3002\u3002\u3002// @\u83f2\u83f27367 : // @\u9999\u55b7\u55b7\u7684\u72d7\u72d7\u55b7\u55b7\u9999 :',
                     u'\u6ca1\u6709\u54ea\u4e2a \u673a\u573a \u5b89\u68c0\u662f\u7edd\u5bf9\u5b89\u5168\u7684// @\u6602\u76d8\u8bf7\u836f\u5e97\u78a7\u83b2 : \u673a\u573a \u5b89\u68c0\u6e0e\u804c\uff0c\u80fd\u53ea\u8eab\u6f5c\u5165\uff0c\u4e5f\u80fd\u5e26 \u70b8\u5f39 \u5427\uff1f// @\u677f\u5237\u5728\u7bf1\u7b06\u7684\u9a6c\u7532 : \u4e5f\u7b97\u51fa\u56fd\u957f\u89c1\u8bc6\u4e86// @\u866b\u751f\u866b :\u5c11\u5e74\uff0c\u4f60\u53bb\u4e4b\u524d\u597d\u6b79\u5148\u4e86\u89e3\u4e00\u4e0b\u884c\u60c5\u3002\u3002\u3002// @\u83f2\u83f27367 : // @\u9999\u55b7\u55b7\u7684\u72d7\u72d7\u55b7\u55b7\u9999 :',
                     u'\u673a\u573a \u5b89\u68c0\u6e0e\u804c\uff0c\u80fd\u53ea\u8eab\u6f5c\u5165\uff0c\u4e5f\u80fd\u5e26 \u70b8\u5f39 \u5427\uff1f// @\u677f\u5237\u5728\u7bf1\u7b06\u7684\u9a6c\u7532 : \u4e5f\u7b97\u51fa\u56fd\u957f\u89c1\u8bc6\u4e86// @\u866b\u751f\u866b :\u5c11\u5e74\uff0c\u4f60\u53bb\u4e4b\u524d\u597d\u6b79\u5148\u4e86\u89e3\u4e00\u4e0b\u884c\u60c5\u3002\u3002\u3002// @\u83f2\u83f27367 : // @\u9999\u55b7\u55b7\u7684\u72d7\u72d7\u55b7\u55b7\u9999 :',
                     u'\u6700\u91cd\u8981\u7684\u662f\u4ed6\u662f\u600e\u4e48\u8fdb\u5165\u98de\u673a\u7684\uff0c\u5982\u679c\u662f\u4e2a\u5e26\u4e86 \u70b8\u5f39 \u7684\u6050\u6016\u5206\u5b50\uff0c\u8fd9\u98de\u673a\u4e0d\u5c31BOOM\u778e\u5361\u5566\u5361\u4e86\u5417\uff1f \u673a\u573a \u5b89\u68c0\uff0c\u4f60\u4eec\u4ed6\u5988\u7684\u5403\u5c4e\u53bb\u4e86\u662f\u5427\uff0c\u4e00\u4e2a16\u5c81\u7684\u5c0f\u5b69\u5b50\u90fd\u62e6\u4e0d\u4f4f\uff01',
                     u'\u8981\u662f\u85cf\u5b9a\u65f6 \u70b8\u5f39 \u5462\uff1f\u6210\u90fd \u673a\u573a \u4ec0\u4e48\u5b89\u68c0\uff1f//\u3010\u5c11\u5e74\u542c\u8bf4\u5f53\u4e5e\u4e10\u4e00\u6708\u632347\u4e07 \u6f5c\u5165\u98de\u673a\u5077\u6e21\u53bb\u8fea\u62dc\u3011 http://t.cn/R5U4kYv',
                     u'\u53ef\u89c1 \u673a\u573a \u8fd8\u662f\u6709\u6f0f\u6d1e\u7684\uff0c\u8981\u662f\u6050\u6016\u5206\u5b50\u5e26\u7740 \u70b8\u5f39 \u4e0a\u673a\u5462\uff1f//\u3010\u5c11\u5e74\u542c\u8bf4\u5f53\u4e5e\u4e10\u4e00\u6708\u632347\u4e07 \u6f5c\u5165\u98de\u673a\u5077\u6e21\u53bb\u8fea\u62dc\u3011 http://t.cn/R5U4kYv',
                     u'\u673a\u573a \u5b89\u68c0\u6709\u4e25\u91cd\u6f0f\u6d1e\uff0c\u4e07\u4e00\u8fd9\u662f\u4e2a\u5e26\u7740 \u70b8\u5f39 \u7684\u66b4\u6050\u5206\u5b50\xb7\xb7\xb7 // @\u5b64\u70df\u66ae\u8749 :\u56de\u590d @\u628a\u4ed6\u7ed9\u6211\u62d6\u51fa\u53bb\u7ec6\u7ec6\u5207\u505a\u81ca\u5b50 :\u516c\u77e5\u8ddf\u8425\u9500\u53f7\u662f\u4e00\u4e2a\u5988\u751f\u7684\uff0c\u4e92\u76f8\u62ac\u8f7f\u5b50 // @\u628a\u4ed6\u7ed9\u6211\u62d6\u51fa\u53bb\u7ec6\u7ec6\u5207\u505a\u81ca\u5b50 :\u5e94\u8be5\u662f\u88ab\u8425\u9500\u53f7\u5ffd\u60a0\u7638\u4e86'],
 'keyword_publish_time': ['2016-05-31 13:48',
                          '2016-05-31 12:00',
                          '2016-05-31 11:50',
                          '2016-05-31 13:14',
                          '2016-05-31 12:51',
                          '2016-05-31 12:50',
                          '2016-05-31 12:14',
                          '2016-05-31 12:07',
                          '2016-05-31 11:55',
                          '2016-05-31 11:48',
                          '2016-05-31 11:44',
                          '2016-05-31 11:43',
                          '2016-05-31 11:41',
                          '2016-05-31 11:39',
                          '2016-05-31 11:36',
                          '2016-05-31 11:14',
                          '2016-05-31 11:12',
                          '2016-05-31 11:08',
                          '2016-05-31 10:56'],
 'keyword_uid': [u'1979157375',
                 u'1684696472',
                 u'5191331526',
                 u'1708255084',
                 u'2562352124',
                 u'3073297535',
                 u'1493459027',
                 u'2258770812',
                 u'3048810561',
                 u'1629898120',
                 u'2681220870',
                 u'2087072213',
                 u'5587831104',
                 u'2857811674',
                 u'3162212127',
                 u'2581069395',
                 u'5942861778',
                 u'2708852231',
                 u'2776831575']}
2016-05-31 14:39:28 [scrapy] INFO: Closing spider (finished)
2016-05-31 14:39:28 [scrapy] INFO: Dumping Scrapy stats:
{'downloader/request_bytes': 6894,
 'downloader/request_count': 6,
 'downloader/request_method_count/GET': 6,
 'downloader/response_bytes': 90887,
 'downloader/response_count': 6,
 'downloader/response_status_count/200': 5,
 'downloader/response_status_count/302': 1,
 'finish_reason': 'finished',
 'finish_time': datetime.datetime(2016, 5, 31, 6, 39, 28, 675372),
 'item_dropped_count': 2,
 'item_dropped_reasons_count/DropItem': 2,
 'log_count/DEBUG': 7,
 'log_count/INFO': 23,
 'log_count/WARNING': 2,
 'request_depth_max': 2,
 'response_received_count': 5,
 'scheduler/dequeued': 6,
 'scheduler/dequeued/memory': 6,
 'scheduler/enqueued': 6,
 'scheduler/enqueued/memory': 6,
 'start_time': datetime.datetime(2016, 5, 31, 6, 38, 35, 669952)}
2016-05-31 14:39:28 [scrapy] INFO: Spider closed (finished)
