2016-05-23 16:36:31 [scrapy] INFO: Scrapy 1.0.3 started (bot: weibospider)
2016-05-23 16:36:31 [scrapy] INFO: Optional features available: ssl, http11
2016-05-23 16:36:31 [scrapy] INFO: Overridden settings: {'NEWSPIDER_MODULE': 'weibospider.spiders', 'FEED_URI': 'file:///home/hadoop_user/scrapy-weibospider-mysql/items/weibospider/cauc_keyword_info/72990bec20c111e691d9000c29c4bf4d.jl', 'SPIDER_MODULES': ['weibospider.spiders'], 'BOT_NAME': 'weibospider', 'LOG_FILE': 'logs/weibospider/cauc_keyword_info/72990bec20c111e691d9000c29c4bf4d.log', 'DOWNLOAD_DELAY': 10}
2016-05-23 16:36:31 [scrapy] INFO: Enabled extensions: CloseSpider, FeedExporter, TelnetConsole, LogStats, CoreStats, SpiderState
2016-05-23 16:36:31 [scrapy] INFO: Enabled downloader middlewares: RotateUserAgent, HttpAuthMiddleware, DownloadTimeoutMiddleware, UserAgentMiddleware, RetryMiddleware, DefaultHeadersMiddleware, MetaRefreshMiddleware, HttpCompressionMiddleware, RedirectMiddleware, CookiesMiddleware, ChunkedTransferMiddleware, DownloaderStats
2016-05-23 16:36:31 [scrapy] INFO: Enabled spider middlewares: HttpErrorMiddleware, OffsiteMiddleware, RefererMiddleware, UrlLengthMiddleware, DepthMiddleware
2016-05-23 16:36:31 [scrapy] INFO: Enabled item pipelines: WeibospiderPipeline, UserImagesPipeline
2016-05-23 16:36:31 [scrapy] INFO: Spider opened
2016-05-23 16:36:31 [scrapy] INFO: Crawled 0 pages (at 0 pages/min), scraped 0 items (at 0 items/min)
2016-05-23 16:36:31 [scrapy] DEBUG: Telnet console listening on 127.0.0.1:6023
2016-05-23 16:36:32 [scrapy] DEBUG: Redirecting (302) to <GET https://passport.weibo.com/visitor/visitor?entry=miniblog&a=enter&url=http%3A%2F%2Fweibo.com%2F&domain=.weibo.com&ua=php-sso_sdk_client-0.6.14&_rand=1463992651.279> from <GET http://weibo.com>
2016-05-23 16:36:43 [scrapy] DEBUG: Crawled (200) <GET https://passport.weibo.com/visitor/visitor?entry=miniblog&a=enter&url=http%3A%2F%2Fweibo.com%2F&domain=.weibo.com&ua=php-sso_sdk_client-0.6.14&_rand=1463992651.279> (referer: None)
2016-05-23 16:36:43 [weibospider.spiders.cauc_keyword_info] INFO: response succeed!!
2016-05-23 16:36:43 [datamysql] INFO: mysql_connectinon success!!
2016-05-23 16:36:43 [datamysql] INFO: select_operation success!!
2016-05-23 16:36:43 [datamysql] INFO: select_operation success!!
2016-05-23 16:36:43 [weibospider.spiders.cauc_keyword_info] INFO: this is the searched keyword:机场 炸弹
2016-05-23 16:36:43 [weibospider.spiders.cauc_keyword_info] INFO: this is the searched keyword:翟金顺
2016-05-23 16:36:43 [datamysql] INFO: update_operation success!!
2016-05-23 16:36:43 [datamysql] INFO: mysql_connection close!!
2016-05-23 16:36:44 [scrapy] DEBUG: Crawled (200) <GET http://s.weibo.com/weibo/%25E6%259C%25BA%25E5%259C%25BA%2520%25E7%2582%25B8%25E5%25BC%25B9&timescope=custom:2016-05-23-15:2016-05-23-16&nodup=1&page=> (referer: https://passport.weibo.com/visitor/visitor?entry=miniblog&a=enter&url=http%3A%2F%2Fweibo.com%2F&domain=.weibo.com&ua=php-sso_sdk_client-0.6.14&_rand=1463992651.279)
2016-05-23 16:36:44 [weibospider.spiders.cauc_keyword_info] INFO: response succeed!!
2016-05-23 16:36:44 [analyzer] WARNING: no matched html with condition: script:contains("W_pages")!!
2016-05-23 16:36:44 [weibospider.spiders.cauc_keyword_info] INFO: the total_pages is: 1
2016-05-23 16:36:58 [scrapy] DEBUG: Crawled (200) <GET http://s.weibo.com/weibo/%25E7%25BF%259F%25E9%2587%2591%25E9%25A1%25BA&timescope=custom:2016-05-23-15:2016-05-23-16&nodup=1&page=> (referer: https://passport.weibo.com/visitor/visitor?entry=miniblog&a=enter&url=http%3A%2F%2Fweibo.com%2F&domain=.weibo.com&ua=php-sso_sdk_client-0.6.14&_rand=1463992651.279)
2016-05-23 16:36:58 [weibospider.spiders.cauc_keyword_info] INFO: response succeed!!
2016-05-23 16:36:58 [analyzer] WARNING: no matched html with condition: script:contains("W_pages")!!
2016-05-23 16:36:58 [weibospider.spiders.cauc_keyword_info] INFO: the total_pages is: 1
2016-05-23 16:37:11 [scrapy] DEBUG: Crawled (200) <GET http://s.weibo.com/weibo/%25E6%259C%25BA%25E5%259C%25BA%2520%25E7%2582%25B8%25E5%25BC%25B9&timescope=custom:2016-05-23-15:2016-05-23-16&nodup=1&page=1> (referer: http://s.weibo.com/weibo/%25E6%259C%25BA%25E5%259C%25BA%2520%25E7%2582%25B8%25E5%25BC%25B9&timescope=custom:2016-05-23-15:2016-05-23-16&nodup=1&page=)
2016-05-23 16:37:11 [weibospider.spiders.cauc_keyword_info] INFO: response succeed!!
2016-05-23 16:37:11 [analyzers.keyword_info_analyzer] INFO: 没有关键词搜索结果
2016-05-23 16:37:24 [scrapy] DEBUG: Crawled (200) <GET http://s.weibo.com/weibo/%25E7%25BF%259F%25E9%2587%2591%25E9%25A1%25BA&timescope=custom:2016-05-23-15:2016-05-23-16&nodup=1&page=1> (referer: http://s.weibo.com/weibo/%25E7%25BF%259F%25E9%2587%2591%25E9%25A1%25BA&timescope=custom:2016-05-23-15:2016-05-23-16&nodup=1&page=)
2016-05-23 16:37:25 [weibospider.spiders.cauc_keyword_info] INFO: response succeed!!
2016-05-23 16:37:25 [analyzers.keyword_info_analyzer] INFO: 没有关键词搜索结果
2016-05-23 16:37:25 [scrapy] INFO: Closing spider (finished)
2016-05-23 16:37:25 [scrapy] INFO: Dumping Scrapy stats:
{'downloader/request_bytes': 7263,
 'downloader/request_count': 6,
 'downloader/request_method_count/GET': 6,
 'downloader/response_bytes': 51587,
 'downloader/response_count': 6,
 'downloader/response_status_count/200': 5,
 'downloader/response_status_count/302': 1,
 'finish_reason': 'finished',
 'finish_time': datetime.datetime(2016, 5, 23, 8, 37, 25, 124674),
 'log_count/DEBUG': 7,
 'log_count/INFO': 23,
 'log_count/WARNING': 2,
 'request_depth_max': 2,
 'response_received_count': 5,
 'scheduler/dequeued': 6,
 'scheduler/dequeued/memory': 6,
 'scheduler/enqueued': 6,
 'scheduler/enqueued/memory': 6,
 'start_time': datetime.datetime(2016, 5, 23, 8, 36, 31, 994650)}
2016-05-23 16:37:25 [scrapy] INFO: Spider closed (finished)
